This is pdfTeX, Version 3.14159265-2.6-1.40.16 (MiKTeX 2.9) (preloaded format=pdflatex 2015.10.26)  11 APR 2016 14:36
entering extended mode
**main.tex
(main.tex
LaTeX2e <2015/01/01> patch level 2
Babel <3.9m> and hyphenation patterns for 69 languages loaded.
(sig-alternate-05-2015.cls
("C:\Program Files (x86)\MikTex\tex\latex\graphics\epsfig.sty"
Package: epsfig 1999/02/16 v1.7a (e)psfig emulation (SPQR)

("C:\Program Files (x86)\MikTex\tex\latex\graphics\graphicx.sty"
Package: graphicx 2014/10/28 v1.0g Enhanced LaTeX Graphics (DPC,SPQR)

("C:\Program Files (x86)\MikTex\tex\latex\graphics\keyval.sty"
Package: keyval 2014/10/28 v1.15 key=value parser (DPC)
\KV@toks@=\toks14
)
("C:\Program Files (x86)\MikTex\tex\latex\graphics\graphics.sty"
Package: graphics 2014/10/28 v1.0p Standard LaTeX Graphics (DPC,SPQR)

("C:\Program Files (x86)\MikTex\tex\latex\graphics\trig.sty"
Package: trig 1999/03/16 v1.09 sin cos tan (DPC)
)
("C:\Program Files (x86)\MikTex\tex\latex\00miktex\graphics.cfg"
File: graphics.cfg 2007/01/18 v1.5 graphics configuration of teTeX/TeXLive
)
Package graphics Info: Driver file: pdftex.def on input line 94.

("C:\Program Files (x86)\MikTex\tex\latex\pdftex-def\pdftex.def"
File: pdftex.def 2011/05/27 v0.06d Graphics/color for pdfTeX

("C:\Program Files (x86)\MikTex\tex\generic\oberdiek\infwarerr.sty"
Package: infwarerr 2010/04/08 v1.3 Providing info/warning/error messages (HO)
)
("C:\Program Files (x86)\MikTex\tex\generic\oberdiek\ltxcmds.sty"
Package: ltxcmds 2011/11/09 v1.22 LaTeX kernel commands for general use (HO)
)
\Gread@gobject=\count79
))
\Gin@req@height=\dimen102
\Gin@req@width=\dimen103
)
\epsfxsize=\dimen104
\epsfysize=\dimen105
)
("C:\Program Files (x86)\MikTex\tex\latex\amsfonts\amssymb.sty"
Package: amssymb 2013/01/14 v3.01 AMS font symbols

("C:\Program Files (x86)\MikTex\tex\latex\amsfonts\amsfonts.sty"
Package: amsfonts 2013/01/14 v3.01 Basic AMSFonts support
\@emptytoks=\toks15
\symAMSa=\mathgroup4
\symAMSb=\mathgroup5
LaTeX Font Info:    Overwriting math alphabet `\mathfrak' in version `bold'
(Font)                  U/euf/m/n --> U/euf/b/n on input line 106.
))
("C:\Program Files (x86)\MikTex\tex\latex\amsmath\amsmath.sty"
Package: amsmath 2013/01/14 v2.14 AMS math features
\@mathmargin=\skip41

For additional information on amsmath, use the `?' option.
("C:\Program Files (x86)\MikTex\tex\latex\amsmath\amstext.sty"
Package: amstext 2000/06/29 v2.01

("C:\Program Files (x86)\MikTex\tex\latex\amsmath\amsgen.sty"
File: amsgen.sty 1999/11/30 v2.0
\@emptytoks=\toks16
\ex@=\dimen106
))
("C:\Program Files (x86)\MikTex\tex\latex\amsmath\amsbsy.sty"
Package: amsbsy 1999/11/29 v1.2d
\pmbraise@=\dimen107
)
("C:\Program Files (x86)\MikTex\tex\latex\amsmath\amsopn.sty"
Package: amsopn 1999/12/14 v2.01 operator names
)
\inf@bad=\count80
LaTeX Info: Redefining \frac on input line 210.
\uproot@=\count81
\leftroot@=\count82
LaTeX Info: Redefining \overline on input line 306.
\classnum@=\count83
\DOTSCASE@=\count84
LaTeX Info: Redefining \ldots on input line 378.
LaTeX Info: Redefining \dots on input line 381.
LaTeX Info: Redefining \cdots on input line 466.
\Mathstrutbox@=\box26
\strutbox@=\box27
\big@size=\dimen108
LaTeX Font Info:    Redeclaring font encoding OML on input line 566.
LaTeX Font Info:    Redeclaring font encoding OMS on input line 567.
\macc@depth=\count85
\c@MaxMatrixCols=\count86
\dotsspace@=\muskip10
\c@parentequation=\count87
\dspbrk@lvl=\count88
\tag@help=\toks17
\row@=\count89
\column@=\count90
\maxfields@=\count91
\andhelp@=\toks18
\eqnshift@=\dimen109
\alignsep@=\dimen110
\tagshift@=\dimen111
\tagwidth@=\dimen112
\totwidth@=\dimen113
\lineht@=\dimen114
\@envbody=\toks19
\multlinegap=\skip42
\multlinetaggap=\skip43
\mathdisplay@stack=\toks20
LaTeX Info: Redefining \[ on input line 2665.
LaTeX Info: Redefining \] on input line 2666.
)
Document Class 'sig-alternate' <9th June '13>. Modified by G.K.M. Tobin/Gerry M
urray/Boris Veytsman
Based in part upon document Style `acmconf' <22 May 89>. Hacked 4/91 by
shivers@cs.cmu.edu, 4/93 by theobald@cs.mcgill.ca
Excerpts were taken from (Journal Style) 'esub2acm.cls'.
****** Bugs/comments/suggestions/technicalities to Gerry Murray -- murray@hq.ac
m.org ******
Questions on the style, SIGS policies, etc. to Adrienne Griscti griscti@acm.org

\ACM@basesize=\count92
("C:\Program Files (x86)\MikTex\tex\latex\comment\comment.sty"
\CommentStream=\write3

Excluding comment 'comment') Excluding comment 'CCSXML'
\footheight=\dimen115
\@maxsep=\dimen116
\@dblmaxsep=\dimen117

("C:\Program Files (x86)\MikTex\tex\generic\oberdiek\ifpdf.sty"
Package: ifpdf 2011/01/30 v2.3 Provides the ifpdf switch (HO)
Package ifpdf Info: pdfTeX in PDF mode is detected.
)
\aucount=\count93
\originalaucount=\count94
\auwidth=\dimen118
\auskip=\dimen119
\auskipcount=\count95
\auskip=\dimen120
\allauboxes=\dimen121
\addauthors=\toks21
\addauflag=\count96
\subtitletext=\toks22
\savesection=\count97
\sectioncntr=\count98
\c@figure=\count99
\c@table=\count100
\titleboxnotes=\toks23
\titleboxnoteflag=\count101


LaTeX Warning: You have requested document class `sig-alternate-05-2015',
               but the document class provides `sig-alternate'.

Document Class: sig-alternate 2013/05/12 v2.7 based on acmproc.cls V1.3 <Nov. 3
0 '99>
("C:\Program Files (x86)\MikTex\tex\latex\base\latexsym.sty"
Package: latexsym 1998/08/17 v2.2e Standard LaTeX package (lasy symbols)
\symlasy=\mathgroup6
LaTeX Font Info:    Overwriting symbol font `lasy' in version `bold'
(Font)                  U/lasy/m/n --> U/lasy/b/n on input line 52.
)
\@acmtitlebox=\box28
\titlenotecount=\count102
\tntoks=\toks24
\tntokstwo=\toks25
\tntoksthree=\toks26
\tntoksfour=\toks27
\tntoksfive=\toks28
\catcount=\count103
\copyrightnotice=\toks29
\conf=\toks30
\confinfo=\toks31
\c@part=\count104
\c@section=\count105
\c@subsection=\count106
\c@subsubsection=\count107
\c@paragraph=\count108

Using 'Abbrev' bibliography style
LaTeX Info: Redefining \cite on input line 1408.
\bibindent=\dimen122
\colcntr=\count109
\saveb@x=\box29
\copyrtyr=\toks32
\acmcopyr=\toks33
\boilerplate=\toks34
("C:\Program Files (x86)\MikTex\tex\latex\url\url.sty"
\Urlmuskip=\muskip11
Package: url 2013/09/16  ver 3.4  Verb mode for urls, etc.
) (acmcopyright.sty
Package: acmcopyright 2014/06/29 v1.2 Copyright statemens for ACM classes

("C:\Program Files (x86)\MikTex\tex\latex\xkeyval\xkeyval.sty"
Package: xkeyval 2014/12/03 v2.7a package option processing (HA)

("C:\Program Files (x86)\MikTex\tex\generic\xkeyval\xkeyval.tex"
("C:\Program Files (x86)\MikTex\tex\generic\xkeyval\xkvutils.tex"
\XKV@toks=\toks35
\XKV@tempa@toks=\toks36
)
\XKV@depth=\count110
File: xkeyval.tex 2014/12/03 v2.7a key=value parser (HA)
)))
\copyrightetc=\toks37

("C:\Program Files (x86)\MikTex\tex\latex\base\fontenc.sty"
Package: fontenc 2005/09/27 v1.99g Standard LaTeX package

("C:\Program Files (x86)\MikTex\tex\latex\base\t1enc.def"
File: t1enc.def 2005/09/27 v1.99g Standard LaTeX file
LaTeX Font Info:    Redeclaring font encoding T1 on input line 48.
)
LaTeX Font Info:    Try loading font information for T1+aer on input line 105.

("C:\Program Files (x86)\MikTex\tex\latex\ae\t1aer.fd"
File: t1aer.fd 1997/11/16 Font definitions for T1/aer.
)))
("C:\Program Files (x86)\MikTex\tex\latex\algorithms\algorithm.sty"
Package: algorithm 2009/08/24 v0.1 Document Style `algorithm' - floating enviro
nment

("C:\Program Files (x86)\MikTex\tex\latex\float\float.sty"
Package: float 2001/11/08 v1.3d Float enhancements (AL)
\c@float@type=\count111
\float@exts=\toks38
\float@box=\box30
\@float@everytoks=\toks39
\@floatcapt=\box31
)
("C:\Program Files (x86)\MikTex\tex\latex\base\ifthen.sty"
Package: ifthen 2014/09/29 v1.1c Standard LaTeX ifthen package (DPC)
)
\@float@every@algorithm=\toks40
\c@algorithm=\count112
)
("C:\Program Files (x86)\MikTex\tex\latex\algorithmicx\algpseudocode.sty"
Package: algpseudocode 

("C:\Program Files (x86)\MikTex\tex\latex\algorithmicx\algorithmicx.sty"
Package: algorithmicx 2005/04/27 v1.2 Algorithmicx

Document Style algorithmicx 1.2 - a greatly improved `algorithmic' style
\c@ALG@line=\count113
\c@ALG@rem=\count114
\c@ALG@nested=\count115
\ALG@tlm=\skip44
\ALG@thistlm=\skip45
\c@ALG@Lnr=\count116
\c@ALG@blocknr=\count117
\c@ALG@storecount=\count118
\c@ALG@tmpcounter=\count119
\ALG@tmplength=\skip46
)
Document Style - pseudocode environments for use with the `algorithmicx' style
) (main.aux)
LaTeX Font Info:    Checking defaults for OML/cmm/m/it on input line 54.
LaTeX Font Info:    ... okay on input line 54.
LaTeX Font Info:    Checking defaults for T1/cmr/m/n on input line 54.
LaTeX Font Info:    ... okay on input line 54.
LaTeX Font Info:    Checking defaults for OT1/cmr/m/n on input line 54.
LaTeX Font Info:    ... okay on input line 54.
LaTeX Font Info:    Checking defaults for OMS/cmsy/m/n on input line 54.
LaTeX Font Info:    ... okay on input line 54.
LaTeX Font Info:    Checking defaults for OMX/cmex/m/n on input line 54.
LaTeX Font Info:    ... okay on input line 54.
LaTeX Font Info:    Checking defaults for U/cmr/m/n on input line 54.
LaTeX Font Info:    ... okay on input line 54.
 ("C:\Program Files (x86)\MikTex\tex\context\base\supp-pdf.mkii"
[Loading MPS to PDF converter (version 2006.09.02).]
\scratchcounter=\count120
\scratchdimen=\dimen123
\scratchbox=\box32
\nofMPsegments=\count121
\nofMParguments=\count122
\everyMPshowfont=\toks41
\MPscratchCnt=\count123
\MPscratchDim=\dimen124
\MPnumerator=\count124
\makeMPintoPDFobject=\count125
\everyMPtoPDFconversion=\toks42
)
LaTeX Font Info:    Try loading font information for U+msa on input line 151.
 ("C:\Program Files (x86)\MikTex\tex\latex\amsfonts\umsa.fd"
File: umsa.fd 2013/01/14 v3.01 AMS symbols A
)
LaTeX Font Info:    Try loading font information for U+msb on input line 151.

("C:\Program Files (x86)\MikTex\tex\latex\amsfonts\umsb.fd"
File: umsb.fd 2013/01/14 v3.01 AMS symbols B
)
LaTeX Font Info:    Try loading font information for U+lasy on input line 151.

("C:\Program Files (x86)\MikTex\tex\latex\base\ulasy.fd"
File: ulasy.fd 1998/08/17 v2.2e LaTeX symbol font definitions
)

LaTeX Warning: No \author given.

LaTeX Font Info:    Try loading font information for T1+ptm on input line 151.
("C:\Program Files (x86)\MikTex\tex\latex\psnfss\t1ptm.fd"
File: t1ptm.fd 2001/06/04 font definitions for T1/ptm.
)
Excluding 'CCSXML' comment.
LaTeX Font Info:    Try loading font information for OMS+aer on input line 196.


("C:\Program Files (x86)\MikTex\tex\latex\ae\omsaer.fd"
File: omsaer.fd 1999/12/27
)
LaTeX Font Info:    Font shape `OMS/aer/m/n' in size <9> not available
(Font)              Font shape `OMS/cmsy/m/n' tried instead on input line 196.
 (introduction.tex
Underfull \vbox (badness 10000) has occurred while \output is active []

 [1{C:/Users/luzhe/AppData/Local/MiKTeX/2.9/pdftex/config/pdftex.map}


]
Underfull \vbox (badness 1558) has occurred while \output is active []

)
(relatedwork.tex) (preliminary.tex [2]) (searching.tex
<./figures/new_illustrate/dec_common.pdf, id=16, 316.18124pt x 295.1025pt>
File: ./figures/new_illustrate/dec_common.pdf Graphic file (type pdf)

<use ./figures/new_illustrate/dec_common.pdf>
Package pdftex.def Info: ./figures/new_illustrate/dec_common.pdf used on input 
line 10.
(pdftex.def)             Requested size: 240.0pt x 224.00554pt.

Overfull \hbox (19.2711pt too wide) in paragraph at lines 44--45
\T1/aer/m/n/9 nate in as much as $\OT1/cmr/m/n/9 2 \OMS/cmsy/m/n/9  \OML/cmm/m
/it/9 max[]d[]\OT1/cmr/m/n/9 (\OML/cmm/m/it/9 u; v\OT1/cmr/m/n/9 )$ \T1/aer/m/n
/9 steps, where $\OML/cmm/m/it/9 max[]d[]\OT1/cmr/m/n/9 (\OML/cmm/m/it/9 u; v\O
T1/cmr/m/n/9 )$
 []

[3 <./figures/new_illustrate/dec_common.pdf>]
<./figures/new_illustrate/bi_dec.pdf, id=116, 293.29576pt x 279.444pt>
File: ./figures/new_illustrate/bi_dec.pdf Graphic file (type pdf)

<use ./figures/new_illustrate/bi_dec.pdf>
Package pdftex.def Info: ./figures/new_illustrate/bi_dec.pdf used on input line
 65.
(pdftex.def)             Requested size: 240.0pt x 228.67226pt.

<./figures/new_illustrate/tie.pdf, id=117, 325.215pt x 287.27327pt>
File: ./figures/new_illustrate/tie.pdf Graphic file (type pdf)

<use ./figures/new_illustrate/tie.pdf>
Package pdftex.def Info: ./figures/new_illustrate/tie.pdf used on input line 80
.
(pdftex.def)             Requested size: 240.0pt x 212.00465pt.
 [4 <./figures/new_illustrate/bi_dec.pdf> <./figures/new_illustrate/tie.pdf

pdfTeX warning: pdflatex.exe (file ./figures/new_illustrate/tie.pdf): PDF inclu
sion: multiple pdfs with page group included in a single page
>]) (preprocessing.tex
<./figures/new_illustrate/bfs_illustrate.pdf, id=306, 767.86874pt x 266.19452pt
>
File: ./figures/new_illustrate/bfs_illustrate.pdf Graphic file (type pdf)
 <use ./figures/new_illustrate/bfs_illustrate.pdf>
Package pdftex.def Info: ./figures/new_illustrate/bfs_illustrate.pdf used on in
put line 9.
(pdftex.def)             Requested size: 504.0pt x 174.72221pt.
) (implementation.tex
Overfull \hbox (8.44818pt too wide) in paragraph at lines 51--1
\T1/aer/m/n/9 short-est path fol-lows op-ti-mal sub-struc-ture, i.e. if $\OT1/c
mr/m/n/9 (\OML/cmm/m/it/9 u; ::; w; :::; v\OT1/cmr/m/n/9 )$
 []


LaTeX Warning: Reference `fig:system' on page \thepage  undefined on input line
 6.

[5]) (evaluation.tex

LaTeX Warning: Citation `RicciEide:login14' on page \thepage  undefined on inpu
t line 4.

[6 <./figures/new_illustrate/bfs_illustrate.pdf>]
<./figures/accuracy_dec.pdf, id=535, 1228.59pt x 469.755pt>
File: ./figures/accuracy_dec.pdf Graphic file (type pdf)

<use ./figures/accuracy_dec.pdf>
Package pdftex.def Info: ./figures/accuracy_dec.pdf used on input line 39.
(pdftex.def)             Requested size: 504.0pt x 192.70831pt.

<./figures/accuracy_index.pdf, id=536, 614.295pt x 469.755pt>
File: ./figures/accuracy_index.pdf Graphic file (type pdf)

<use ./figures/accuracy_index.pdf>
Package pdftex.def Info: ./figures/accuracy_index.pdf used on input line 48.
(pdftex.def)             Requested size: 240.0pt x 183.52626pt.

Overfull \hbox (1.10538pt too wide) in paragraph at lines 53--54
\T1/aer/m/n/9 rithm com-pared to the ran-dom in-dex con-struc-tion al-go-rithm.

 []

<./figures/overhead_search.pdf, id=537, 614.295pt x 469.755pt>
File: ./figures/overhead_search.pdf Graphic file (type pdf)

<use ./figures/overhead_search.pdf>
Package pdftex.def Info: ./figures/overhead_search.pdf used on input line 80.
(pdftex.def)             Requested size: 240.0pt x 183.52626pt.

<./figures/scale_machine.pdf, id=538, 614.295pt x 469.755pt>
File: ./figures/scale_machine.pdf Graphic file (type pdf)

<use ./figures/scale_machine.pdf>
Package pdftex.def Info: ./figures/scale_machine.pdf used on input line 94.
(pdftex.def)             Requested size: 240.0pt x 183.52626pt.

<./figures/scale_query.pdf, id=539, 614.295pt x 469.755pt>
File: ./figures/scale_query.pdf Graphic file (type pdf)

<use ./figures/scale_query.pdf>
Package pdftex.def Info: ./figures/scale_query.pdf used on input line 103.
(pdftex.def)             Requested size: 240.0pt x 183.52626pt.

<./figures/scale_graph.pdf, id=540, 614.295pt x 469.755pt>
File: ./figures/scale_graph.pdf Graphic file (type pdf)

<use ./figures/scale_graph.pdf>
Package pdftex.def Info: ./figures/scale_graph.pdf used on input line 112.
(pdftex.def)             Requested size: 240.0pt x 183.52626pt.
) (conclusion.tex) [7] (main.bbl
Underfull \vbox (badness 10000) has occurred while \output is active []

 [8 <./figures/accuracy_dec.pdf> <./figures/accuracy_index.pdf> <./figures/over
head_search.pdf>]
Underfull \vbox (badness 1783) has occurred while \output is active []

 [9 <./figures/scale_machine.pdf> <./figures/scale_query.pdf> <./figures/scale_
graph.pdf>]) [10

] (main.aux)

LaTeX Warning: There were undefined references.

 ) 
Here is how much of TeX's memory you used:
 3621 strings out of 493673
 46615 string characters out of 3143149
 121447 words of memory out of 3000000
 6840 multiletter control sequences out of 15000+200000
 54464 words of font info for 79 fonts, out of 3000000 for 9000
 1025 hyphenation exceptions out of 8191
 41i,15n,34p,1473b,465s stack positions out of 5000i,500n,10000p,200000b,50000s
{C:/Program Files (x86)/MikTex/fonts/enc/dvips/fontname/8r.enc}<C:/Program Fi
les (x86)/MikTex/fonts/type1/public/amsfonts/cm/cmbx9.pfb><C:/Program Files (x8
6)/MikTex/fonts/type1/public/amsfonts/cm/cmcsc10.pfb><C:/Program Files (x86)/Mi
kTex/fonts/type1/public/amsfonts/cm/cmmi5.pfb><C:/Program Files (x86)/MikTex/fo
nts/type1/public/amsfonts/cm/cmmi6.pfb><C:/Program Files (x86)/MikTex/fonts/typ
e1/public/amsfonts/cm/cmmi9.pfb><C:/Program Files (x86)/MikTex/fonts/type1/publ
ic/amsfonts/cm/cmr6.pfb><C:/Program Files (x86)/MikTex/fonts/type1/public/amsfo
nts/cm/cmr8.pfb><C:/Program Files (x86)/MikTex/fonts/type1/public/amsfonts/cm/c
mr9.pfb><C:/Program Files (x86)/MikTex/fonts/type1/public/amsfonts/cm/cmsy6.pfb
><C:/Program Files (x86)/MikTex/fonts/type1/public/amsfonts/cm/cmsy9.pfb><C:/Pr
ogram Files (x86)/MikTex/fonts/type1/public/amsfonts/cm/cmti9.pfb><C:/Program F
iles (x86)/MikTex/fonts/type1/urw/helvetic/uhvb8a.pfb><C:/Program Files (x86)/M
ikTex/fonts/type1/urw/times/utmb8a.pfb><C:/Program Files (x86)/MikTex/fonts/typ
e1/urw/times/utmr8a.pfb>
Output written on main.pdf (10 pages, 1155789 bytes).
PDF statistics:
 648 PDF objects out of 1000 (max. 8388607)
 0 named destinations out of 1000 (max. 500000)
 51 words of extra memory for PDF output out of 10000 (max. 10000000)

