%CPU %MEM ARGS Mon Mar  7 10:23:56 EST 2016
 0.0  0.0 mpiexec -n 1 --hostfile /home/zlu12/machines ./binary/ds_dist_test --graph ./datasets/wiki_wcc.txt --ncpus 2 --saveprefix wiki_1t_test_1m_100000q --num_tree 1 --num_query 100000 --input_file ./datasets/testcases/withreal/wiki_testcases.txt
 2.0  0.0 mpiexec -n 1 --hostfile /home/zlu12/machines ./binary/ds_dist_test --graph ./datasets/wiki_wcc.txt --ncpus 2 --saveprefix wiki_1t_test_1m_100000q --num_tree 1 --num_query 100000 --input_file ./datasets/testcases/withreal/wiki_testcases.txt
 0.0  0.0 ./binary/ds_dist_test --graph ./datasets/wiki_wcc.txt --ncpus 2 --saveprefix wiki_1t_test_1m_100000q --num_tree 1 --num_query 100000 --input_file ./datasets/testcases/withreal/wiki_testcases.txt
 2.0  0.0 mpiexec -n 1 --hostfile /home/zlu12/machines ./binary/ds_dist_test --graph ./datasets/wiki_wcc.txt --ncpus 2 --saveprefix wiki_1t_test_1m_100000q --num_tree 1 --num_query 100000 --input_file ./datasets/testcases/withreal/wiki_testcases.txt
 7.0  0.0 ./binary/ds_dist_test --graph ./datasets/wiki_wcc.txt --ncpus 2 --saveprefix wiki_1t_test_1m_100000q --num_tree 1 --num_query 100000 --input_file ./datasets/testcases/withreal/wiki_testcases.txt
 2.0  0.0 mpiexec -n 1 --hostfile /home/zlu12/machines ./binary/ds_dist_test --graph ./datasets/wiki_wcc.txt --ncpus 2 --saveprefix wiki_1t_test_1m_100000q --num_tree 1 --num_query 100000 --input_file ./datasets/testcases/withreal/wiki_testcases.txt
 7.0  0.0 ./binary/ds_dist_test --graph ./datasets/wiki_wcc.txt --ncpus 2 --saveprefix wiki_1t_test_1m_100000q --num_tree 1 --num_query 100000 --input_file ./datasets/testcases/withreal/wiki_testcases.txt
 2.0  0.0 mpiexec -n 1 --hostfile /home/zlu12/machines ./binary/ds_dist_test --graph ./datasets/wiki_wcc.txt --ncpus 2 --saveprefix wiki_1t_test_1m_100000q --num_tree 1 --num_query 100000 --input_file ./datasets/testcases/withreal/wiki_testcases.txt
12.0  0.0 ./binary/ds_dist_test --graph ./datasets/wiki_wcc.txt --ncpus 2 --saveprefix wiki_1t_test_1m_100000q --num_tree 1 --num_query 100000 --input_file ./datasets/testcases/withreal/wiki_testcases.txt
 2.0  0.0 mpiexec -n 1 --hostfile /home/zlu12/machines ./binary/ds_dist_test --graph ./datasets/wiki_wcc.txt --ncpus 2 --saveprefix wiki_1t_test_1m_100000q --num_tree 1 --num_query 100000 --input_file ./datasets/testcases/withreal/wiki_testcases.txt
22.0  0.0 ./binary/ds_dist_test --graph ./datasets/wiki_wcc.txt --ncpus 2 --saveprefix wiki_1t_test_1m_100000q --num_tree 1 --num_query 100000 --input_file ./datasets/testcases/withreal/wiki_testcases.txt
 2.0  0.0 mpiexec -n 1 --hostfile /home/zlu12/machines ./binary/ds_dist_test --graph ./datasets/wiki_wcc.txt --ncpus 2 --saveprefix wiki_1t_test_1m_100000q --num_tree 1 --num_query 100000 --input_file ./datasets/testcases/withreal/wiki_testcases.txt
34.0  0.1 ./binary/ds_dist_test --graph ./datasets/wiki_wcc.txt --ncpus 2 --saveprefix wiki_1t_test_1m_100000q --num_tree 1 --num_query 100000 --input_file ./datasets/testcases/withreal/wiki_testcases.txt
 2.0  0.0 mpiexec -n 1 --hostfile /home/zlu12/machines ./binary/ds_dist_test --graph ./datasets/wiki_wcc.txt --ncpus 2 --saveprefix wiki_1t_test_1m_100000q --num_tree 1 --num_query 100000 --input_file ./datasets/testcases/withreal/wiki_testcases.txt
45.0  0.1 ./binary/ds_dist_test --graph ./datasets/wiki_wcc.txt --ncpus 2 --saveprefix wiki_1t_test_1m_100000q --num_tree 1 --num_query 100000 --input_file ./datasets/testcases/withreal/wiki_testcases.txt
 2.0  0.0 mpiexec -n 1 --hostfile /home/zlu12/machines ./binary/ds_dist_test --graph ./datasets/wiki_wcc.txt --ncpus 2 --saveprefix wiki_1t_test_1m_100000q --num_tree 1 --num_query 100000 --input_file ./datasets/testcases/withreal/wiki_testcases.txt
56.0  0.2 ./binary/ds_dist_test --graph ./datasets/wiki_wcc.txt --ncpus 2 --saveprefix wiki_1t_test_1m_100000q --num_tree 1 --num_query 100000 --input_file ./datasets/testcases/withreal/wiki_testcases.txt
 2.0  0.0 mpiexec -n 1 --hostfile /home/zlu12/machines ./binary/ds_dist_test --graph ./datasets/wiki_wcc.txt --ncpus 2 --saveprefix wiki_1t_test_1m_100000q --num_tree 1 --num_query 100000 --input_file ./datasets/testcases/withreal/wiki_testcases.txt
67.0  0.2 ./binary/ds_dist_test --graph ./datasets/wiki_wcc.txt --ncpus 2 --saveprefix wiki_1t_test_1m_100000q --num_tree 1 --num_query 100000 --input_file ./datasets/testcases/withreal/wiki_testcases.txt
 1.0  0.0 mpiexec -n 1 --hostfile /home/zlu12/machines ./binary/ds_dist_test --graph ./datasets/wiki_wcc.txt --ncpus 2 --saveprefix wiki_1t_test_1m_100000q --num_tree 1 --num_query 100000 --input_file ./datasets/testcases/withreal/wiki_testcases.txt
38.5  0.2 ./binary/ds_dist_test --graph ./datasets/wiki_wcc.txt --ncpus 2 --saveprefix wiki_1t_test_1m_100000q --num_tree 1 --num_query 100000 --input_file ./datasets/testcases/withreal/wiki_testcases.txt
 1.0  0.0 mpiexec -n 1 --hostfile /home/zlu12/machines ./binary/ds_dist_test --graph ./datasets/wiki_wcc.txt --ncpus 2 --saveprefix wiki_1t_test_1m_100000q --num_tree 1 --num_query 100000 --input_file ./datasets/testcases/withreal/wiki_testcases.txt
44.0  0.3 ./binary/ds_dist_test --graph ./datasets/wiki_wcc.txt --ncpus 2 --saveprefix wiki_1t_test_1m_100000q --num_tree 1 --num_query 100000 --input_file ./datasets/testcases/withreal/wiki_testcases.txt
 1.0  0.0 mpiexec -n 1 --hostfile /home/zlu12/machines ./binary/ds_dist_test --graph ./datasets/wiki_wcc.txt --ncpus 2 --saveprefix wiki_1t_test_1m_100000q --num_tree 1 --num_query 100000 --input_file ./datasets/testcases/withreal/wiki_testcases.txt
49.5  0.3 ./binary/ds_dist_test --graph ./datasets/wiki_wcc.txt --ncpus 2 --saveprefix wiki_1t_test_1m_100000q --num_tree 1 --num_query 100000 --input_file ./datasets/testcases/withreal/wiki_testcases.txt
 1.0  0.0 mpiexec -n 1 --hostfile /home/zlu12/machines ./binary/ds_dist_test --graph ./datasets/wiki_wcc.txt --ncpus 2 --saveprefix wiki_1t_test_1m_100000q --num_tree 1 --num_query 100000 --input_file ./datasets/testcases/withreal/wiki_testcases.txt
55.0  0.4 ./binary/ds_dist_test --graph ./datasets/wiki_wcc.txt --ncpus 2 --saveprefix wiki_1t_test_1m_100000q --num_tree 1 --num_query 100000 --input_file ./datasets/testcases/withreal/wiki_testcases.txt
 1.0  0.0 mpiexec -n 1 --hostfile /home/zlu12/machines ./binary/ds_dist_test --graph ./datasets/wiki_wcc.txt --ncpus 2 --saveprefix wiki_1t_test_1m_100000q --num_tree 1 --num_query 100000 --input_file ./datasets/testcases/withreal/wiki_testcases.txt
60.0  0.6 ./binary/ds_dist_test --graph ./datasets/wiki_wcc.txt --ncpus 2 --saveprefix wiki_1t_test_1m_100000q --num_tree 1 --num_query 100000 --input_file ./datasets/testcases/withreal/wiki_testcases.txt
 1.0  0.0 mpiexec -n 1 --hostfile /home/zlu12/machines ./binary/ds_dist_test --graph ./datasets/wiki_wcc.txt --ncpus 2 --saveprefix wiki_1t_test_1m_100000q --num_tree 1 --num_query 100000 --input_file ./datasets/testcases/withreal/wiki_testcases.txt
65.5  0.8 ./binary/ds_dist_test --graph ./datasets/wiki_wcc.txt --ncpus 2 --saveprefix wiki_1t_test_1m_100000q --num_tree 1 --num_query 100000 --input_file ./datasets/testcases/withreal/wiki_testcases.txt
 1.0  0.0 mpiexec -n 1 --hostfile /home/zlu12/machines ./binary/ds_dist_test --graph ./datasets/wiki_wcc.txt --ncpus 2 --saveprefix wiki_1t_test_1m_100000q --num_tree 1 --num_query 100000 --input_file ./datasets/testcases/withreal/wiki_testcases.txt
71.0  1.0 ./binary/ds_dist_test --graph ./datasets/wiki_wcc.txt --ncpus 2 --saveprefix wiki_1t_test_1m_100000q --num_tree 1 --num_query 100000 --input_file ./datasets/testcases/withreal/wiki_testcases.txt
 1.0  0.0 mpiexec -n 1 --hostfile /home/zlu12/machines ./binary/ds_dist_test --graph ./datasets/wiki_wcc.txt --ncpus 2 --saveprefix wiki_1t_test_1m_100000q --num_tree 1 --num_query 100000 --input_file ./datasets/testcases/withreal/wiki_testcases.txt
76.5  1.1 ./binary/ds_dist_test --graph ./datasets/wiki_wcc.txt --ncpus 2 --saveprefix wiki_1t_test_1m_100000q --num_tree 1 --num_query 100000 --input_file ./datasets/testcases/withreal/wiki_testcases.txt
 1.0  0.0 mpiexec -n 1 --hostfile /home/zlu12/machines ./binary/ds_dist_test --graph ./datasets/wiki_wcc.txt --ncpus 2 --saveprefix wiki_1t_test_1m_100000q --num_tree 1 --num_query 100000 --input_file ./datasets/testcases/withreal/wiki_testcases.txt
82.0  1.2 ./binary/ds_dist_test --graph ./datasets/wiki_wcc.txt --ncpus 2 --saveprefix wiki_1t_test_1m_100000q --num_tree 1 --num_query 100000 --input_file ./datasets/testcases/withreal/wiki_testcases.txt
 1.0  0.0 mpiexec -n 1 --hostfile /home/zlu12/machines ./binary/ds_dist_test --graph ./datasets/wiki_wcc.txt --ncpus 2 --saveprefix wiki_1t_test_1m_100000q --num_tree 1 --num_query 100000 --input_file ./datasets/testcases/withreal/wiki_testcases.txt
87.0  1.3 ./binary/ds_dist_test --graph ./datasets/wiki_wcc.txt --ncpus 2 --saveprefix wiki_1t_test_1m_100000q --num_tree 1 --num_query 100000 --input_file ./datasets/testcases/withreal/wiki_testcases.txt
 0.6  0.0 mpiexec -n 1 --hostfile /home/zlu12/machines ./binary/ds_dist_test --graph ./datasets/wiki_wcc.txt --ncpus 2 --saveprefix wiki_1t_test_1m_100000q --num_tree 1 --num_query 100000 --input_file ./datasets/testcases/withreal/wiki_testcases.txt
61.6  1.8 ./binary/ds_dist_test --graph ./datasets/wiki_wcc.txt --ncpus 2 --saveprefix wiki_1t_test_1m_100000q --num_tree 1 --num_query 100000 --input_file ./datasets/testcases/withreal/wiki_testcases.txt
 0.6  0.0 mpiexec -n 1 --hostfile /home/zlu12/machines ./binary/ds_dist_test --graph ./datasets/wiki_wcc.txt --ncpus 2 --saveprefix wiki_1t_test_1m_100000q --num_tree 1 --num_query 100000 --input_file ./datasets/testcases/withreal/wiki_testcases.txt
66.0  1.9 ./binary/ds_dist_test --graph ./datasets/wiki_wcc.txt --ncpus 2 --saveprefix wiki_1t_test_1m_100000q --num_tree 1 --num_query 100000 --input_file ./datasets/testcases/withreal/wiki_testcases.txt
 0.6  0.0 mpiexec -n 1 --hostfile /home/zlu12/machines ./binary/ds_dist_test --graph ./datasets/wiki_wcc.txt --ncpus 2 --saveprefix wiki_1t_test_1m_100000q --num_tree 1 --num_query 100000 --input_file ./datasets/testcases/withreal/wiki_testcases.txt
69.6  1.9 ./binary/ds_dist_test --graph ./datasets/wiki_wcc.txt --ncpus 2 --saveprefix wiki_1t_test_1m_100000q --num_tree 1 --num_query 100000 --input_file ./datasets/testcases/withreal/wiki_testcases.txt
 0.6  0.0 mpiexec -n 1 --hostfile /home/zlu12/machines ./binary/ds_dist_test --graph ./datasets/wiki_wcc.txt --ncpus 2 --saveprefix wiki_1t_test_1m_100000q --num_tree 1 --num_query 100000 --input_file ./datasets/testcases/withreal/wiki_testcases.txt
73.3  1.9 ./binary/ds_dist_test --graph ./datasets/wiki_wcc.txt --ncpus 2 --saveprefix wiki_1t_test_1m_100000q --num_tree 1 --num_query 100000 --input_file ./datasets/testcases/withreal/wiki_testcases.txt
 0.6  0.0 mpiexec -n 1 --hostfile /home/zlu12/machines ./binary/ds_dist_test --graph ./datasets/wiki_wcc.txt --ncpus 2 --saveprefix wiki_1t_test_1m_100000q --num_tree 1 --num_query 100000 --input_file ./datasets/testcases/withreal/wiki_testcases.txt
76.6  2.5 ./binary/ds_dist_test --graph ./datasets/wiki_wcc.txt --ncpus 2 --saveprefix wiki_1t_test_1m_100000q --num_tree 1 --num_query 100000 --input_file ./datasets/testcases/withreal/wiki_testcases.txt
 0.6  0.0 mpiexec -n 1 --hostfile /home/zlu12/machines ./binary/ds_dist_test --graph ./datasets/wiki_wcc.txt --ncpus 2 --saveprefix wiki_1t_test_1m_100000q --num_tree 1 --num_query 100000 --input_file ./datasets/testcases/withreal/wiki_testcases.txt
80.3  2.9 ./binary/ds_dist_test --graph ./datasets/wiki_wcc.txt --ncpus 2 --saveprefix wiki_1t_test_1m_100000q --num_tree 1 --num_query 100000 --input_file ./datasets/testcases/withreal/wiki_testcases.txt
 0.6  0.0 mpiexec -n 1 --hostfile /home/zlu12/machines ./binary/ds_dist_test --graph ./datasets/wiki_wcc.txt --ncpus 2 --saveprefix wiki_1t_test_1m_100000q --num_tree 1 --num_query 100000 --input_file ./datasets/testcases/withreal/wiki_testcases.txt
84.0  3.3 ./binary/ds_dist_test --graph ./datasets/wiki_wcc.txt --ncpus 2 --saveprefix wiki_1t_test_1m_100000q --num_tree 1 --num_query 100000 --input_file ./datasets/testcases/withreal/wiki_testcases.txt
 0.6  0.0 mpiexec -n 1 --hostfile /home/zlu12/machines ./binary/ds_dist_test --graph ./datasets/wiki_wcc.txt --ncpus 2 --saveprefix wiki_1t_test_1m_100000q --num_tree 1 --num_query 100000 --input_file ./datasets/testcases/withreal/wiki_testcases.txt
87.6  3.3 ./binary/ds_dist_test --graph ./datasets/wiki_wcc.txt --ncpus 2 --saveprefix wiki_1t_test_1m_100000q --num_tree 1 --num_query 100000 --input_file ./datasets/testcases/withreal/wiki_testcases.txt
 0.6  0.0 mpiexec -n 1 --hostfile /home/zlu12/machines ./binary/ds_dist_test --graph ./datasets/wiki_wcc.txt --ncpus 2 --saveprefix wiki_1t_test_1m_100000q --num_tree 1 --num_query 100000 --input_file ./datasets/testcases/withreal/wiki_testcases.txt
91.3  3.5 ./binary/ds_dist_test --graph ./datasets/wiki_wcc.txt --ncpus 2 --saveprefix wiki_1t_test_1m_100000q --num_tree 1 --num_query 100000 --input_file ./datasets/testcases/withreal/wiki_testcases.txt
 0.5  0.0 mpiexec -n 1 --hostfile /home/zlu12/machines ./binary/ds_dist_test --graph ./datasets/wiki_wcc.txt --ncpus 2 --saveprefix wiki_1t_test_1m_100000q --num_tree 1 --num_query 100000 --input_file ./datasets/testcases/withreal/wiki_testcases.txt
71.2  3.5 ./binary/ds_dist_test --graph ./datasets/wiki_wcc.txt --ncpus 2 --saveprefix wiki_1t_test_1m_100000q --num_tree 1 --num_query 100000 --input_file ./datasets/testcases/withreal/wiki_testcases.txt
 0.5  0.0 mpiexec -n 1 --hostfile /home/zlu12/machines ./binary/ds_dist_test --graph ./datasets/wiki_wcc.txt --ncpus 2 --saveprefix wiki_1t_test_1m_100000q --num_tree 1 --num_query 100000 --input_file ./datasets/testcases/withreal/wiki_testcases.txt
74.0  3.5 ./binary/ds_dist_test --graph ./datasets/wiki_wcc.txt --ncpus 2 --saveprefix wiki_1t_test_1m_100000q --num_tree 1 --num_query 100000 --input_file ./datasets/testcases/withreal/wiki_testcases.txt
 0.5  0.0 mpiexec -n 1 --hostfile /home/zlu12/machines ./binary/ds_dist_test --graph ./datasets/wiki_wcc.txt --ncpus 2 --saveprefix wiki_1t_test_1m_100000q --num_tree 1 --num_query 100000 --input_file ./datasets/testcases/withreal/wiki_testcases.txt
76.7  3.5 ./binary/ds_dist_test --graph ./datasets/wiki_wcc.txt --ncpus 2 --saveprefix wiki_1t_test_1m_100000q --num_tree 1 --num_query 100000 --input_file ./datasets/testcases/withreal/wiki_testcases.txt
 0.5  0.0 mpiexec -n 1 --hostfile /home/zlu12/machines ./binary/ds_dist_test --graph ./datasets/wiki_wcc.txt --ncpus 2 --saveprefix wiki_1t_test_1m_100000q --num_tree 1 --num_query 100000 --input_file ./datasets/testcases/withreal/wiki_testcases.txt
79.5  3.5 ./binary/ds_dist_test --graph ./datasets/wiki_wcc.txt --ncpus 2 --saveprefix wiki_1t_test_1m_100000q --num_tree 1 --num_query 100000 --input_file ./datasets/testcases/withreal/wiki_testcases.txt
 0.5  0.0 mpiexec -n 1 --hostfile /home/zlu12/machines ./binary/ds_dist_test --graph ./datasets/wiki_wcc.txt --ncpus 2 --saveprefix wiki_1t_test_1m_100000q --num_tree 1 --num_query 100000 --input_file ./datasets/testcases/withreal/wiki_testcases.txt
82.0  3.5 ./binary/ds_dist_test --graph ./datasets/wiki_wcc.txt --ncpus 2 --saveprefix wiki_1t_test_1m_100000q --num_tree 1 --num_query 100000 --input_file ./datasets/testcases/withreal/wiki_testcases.txt
 0.5  0.0 mpiexec -n 1 --hostfile /home/zlu12/machines ./binary/ds_dist_test --graph ./datasets/wiki_wcc.txt --ncpus 2 --saveprefix wiki_1t_test_1m_100000q --num_tree 1 --num_query 100000 --input_file ./datasets/testcases/withreal/wiki_testcases.txt
84.7  3.6 ./binary/ds_dist_test --graph ./datasets/wiki_wcc.txt --ncpus 2 --saveprefix wiki_1t_test_1m_100000q --num_tree 1 --num_query 100000 --input_file ./datasets/testcases/withreal/wiki_testcases.txt
 0.5  0.0 mpiexec -n 1 --hostfile /home/zlu12/machines ./binary/ds_dist_test --graph ./datasets/wiki_wcc.txt --ncpus 2 --saveprefix wiki_1t_test_1m_100000q --num_tree 1 --num_query 100000 --input_file ./datasets/testcases/withreal/wiki_testcases.txt
87.5  3.6 ./binary/ds_dist_test --graph ./datasets/wiki_wcc.txt --ncpus 2 --saveprefix wiki_1t_test_1m_100000q --num_tree 1 --num_query 100000 --input_file ./datasets/testcases/withreal/wiki_testcases.txt
 0.5  0.0 mpiexec -n 1 --hostfile /home/zlu12/machines ./binary/ds_dist_test --graph ./datasets/wiki_wcc.txt --ncpus 2 --saveprefix wiki_1t_test_1m_100000q --num_tree 1 --num_query 100000 --input_file ./datasets/testcases/withreal/wiki_testcases.txt
90.2  3.6 ./binary/ds_dist_test --graph ./datasets/wiki_wcc.txt --ncpus 2 --saveprefix wiki_1t_test_1m_100000q --num_tree 1 --num_query 100000 --input_file ./datasets/testcases/withreal/wiki_testcases.txt
 0.5  0.0 mpiexec -n 1 --hostfile /home/zlu12/machines ./binary/ds_dist_test --graph ./datasets/wiki_wcc.txt --ncpus 2 --saveprefix wiki_1t_test_1m_100000q --num_tree 1 --num_query 100000 --input_file ./datasets/testcases/withreal/wiki_testcases.txt
93.0  3.6 ./binary/ds_dist_test --graph ./datasets/wiki_wcc.txt --ncpus 2 --saveprefix wiki_1t_test_1m_100000q --num_tree 1 --num_query 100000 --input_file ./datasets/testcases/withreal/wiki_testcases.txt
 0.4  0.0 mpiexec -n 1 --hostfile /home/zlu12/machines ./binary/ds_dist_test --graph ./datasets/wiki_wcc.txt --ncpus 2 --saveprefix wiki_1t_test_1m_100000q --num_tree 1 --num_query 100000 --input_file ./datasets/testcases/withreal/wiki_testcases.txt
76.6  3.6 ./binary/ds_dist_test --graph ./datasets/wiki_wcc.txt --ncpus 2 --saveprefix wiki_1t_test_1m_100000q --num_tree 1 --num_query 100000 --input_file ./datasets/testcases/withreal/wiki_testcases.txt
 0.4  0.0 mpiexec -n 1 --hostfile /home/zlu12/machines ./binary/ds_dist_test --graph ./datasets/wiki_wcc.txt --ncpus 2 --saveprefix wiki_1t_test_1m_100000q --num_tree 1 --num_query 100000 --input_file ./datasets/testcases/withreal/wiki_testcases.txt
78.8  3.6 ./binary/ds_dist_test --graph ./datasets/wiki_wcc.txt --ncpus 2 --saveprefix wiki_1t_test_1m_100000q --num_tree 1 --num_query 100000 --input_file ./datasets/testcases/withreal/wiki_testcases.txt
 0.4  0.0 mpiexec -n 1 --hostfile /home/zlu12/machines ./binary/ds_dist_test --graph ./datasets/wiki_wcc.txt --ncpus 2 --saveprefix wiki_1t_test_1m_100000q --num_tree 1 --num_query 100000 --input_file ./datasets/testcases/withreal/wiki_testcases.txt
81.0  3.6 ./binary/ds_dist_test --graph ./datasets/wiki_wcc.txt --ncpus 2 --saveprefix wiki_1t_test_1m_100000q --num_tree 1 --num_query 100000 --input_file ./datasets/testcases/withreal/wiki_testcases.txt
 0.4  0.0 mpiexec -n 1 --hostfile /home/zlu12/machines ./binary/ds_dist_test --graph ./datasets/wiki_wcc.txt --ncpus 2 --saveprefix wiki_1t_test_1m_100000q --num_tree 1 --num_query 100000 --input_file ./datasets/testcases/withreal/wiki_testcases.txt
83.2  3.6 ./binary/ds_dist_test --graph ./datasets/wiki_wcc.txt --ncpus 2 --saveprefix wiki_1t_test_1m_100000q --num_tree 1 --num_query 100000 --input_file ./datasets/testcases/withreal/wiki_testcases.txt
 0.4  0.0 mpiexec -n 1 --hostfile /home/zlu12/machines ./binary/ds_dist_test --graph ./datasets/wiki_wcc.txt --ncpus 2 --saveprefix wiki_1t_test_1m_100000q --num_tree 1 --num_query 100000 --input_file ./datasets/testcases/withreal/wiki_testcases.txt
85.4  3.6 ./binary/ds_dist_test --graph ./datasets/wiki_wcc.txt --ncpus 2 --saveprefix wiki_1t_test_1m_100000q --num_tree 1 --num_query 100000 --input_file ./datasets/testcases/withreal/wiki_testcases.txt
 0.4  0.0 mpiexec -n 1 --hostfile /home/zlu12/machines ./binary/ds_dist_test --graph ./datasets/wiki_wcc.txt --ncpus 2 --saveprefix wiki_1t_test_1m_100000q --num_tree 1 --num_query 100000 --input_file ./datasets/testcases/withreal/wiki_testcases.txt
87.4  3.6 ./binary/ds_dist_test --graph ./datasets/wiki_wcc.txt --ncpus 2 --saveprefix wiki_1t_test_1m_100000q --num_tree 1 --num_query 100000 --input_file ./datasets/testcases/withreal/wiki_testcases.txt
 0.4  0.0 mpiexec -n 1 --hostfile /home/zlu12/machines ./binary/ds_dist_test --graph ./datasets/wiki_wcc.txt --ncpus 2 --saveprefix wiki_1t_test_1m_100000q --num_tree 1 --num_query 100000 --input_file ./datasets/testcases/withreal/wiki_testcases.txt
89.6  3.6 ./binary/ds_dist_test --graph ./datasets/wiki_wcc.txt --ncpus 2 --saveprefix wiki_1t_test_1m_100000q --num_tree 1 --num_query 100000 --input_file ./datasets/testcases/withreal/wiki_testcases.txt
 0.4  0.0 mpiexec -n 1 --hostfile /home/zlu12/machines ./binary/ds_dist_test --graph ./datasets/wiki_wcc.txt --ncpus 2 --saveprefix wiki_1t_test_1m_100000q --num_tree 1 --num_query 100000 --input_file ./datasets/testcases/withreal/wiki_testcases.txt
92.0  3.6 ./binary/ds_dist_test --graph ./datasets/wiki_wcc.txt --ncpus 2 --saveprefix wiki_1t_test_1m_100000q --num_tree 1 --num_query 100000 --input_file ./datasets/testcases/withreal/wiki_testcases.txt
 0.4  0.0 mpiexec -n 1 --hostfile /home/zlu12/machines ./binary/ds_dist_test --graph ./datasets/wiki_wcc.txt --ncpus 2 --saveprefix wiki_1t_test_1m_100000q --num_tree 1 --num_query 100000 --input_file ./datasets/testcases/withreal/wiki_testcases.txt
94.2  3.6 ./binary/ds_dist_test --graph ./datasets/wiki_wcc.txt --ncpus 2 --saveprefix wiki_1t_test_1m_100000q --num_tree 1 --num_query 100000 --input_file ./datasets/testcases/withreal/wiki_testcases.txt
 0.3  0.0 mpiexec -n 1 --hostfile /home/zlu12/machines ./binary/ds_dist_test --graph ./datasets/wiki_wcc.txt --ncpus 2 --saveprefix wiki_1t_test_1m_100000q --num_tree 1 --num_query 100000 --input_file ./datasets/testcases/withreal/wiki_testcases.txt
80.3  3.6 ./binary/ds_dist_test --graph ./datasets/wiki_wcc.txt --ncpus 2 --saveprefix wiki_1t_test_1m_100000q --num_tree 1 --num_query 100000 --input_file ./datasets/testcases/withreal/wiki_testcases.txt
 0.3  0.0 mpiexec -n 1 --hostfile /home/zlu12/machines ./binary/ds_dist_test --graph ./datasets/wiki_wcc.txt --ncpus 2 --saveprefix wiki_1t_test_1m_100000q --num_tree 1 --num_query 100000 --input_file ./datasets/testcases/withreal/wiki_testcases.txt
82.1  3.6 ./binary/ds_dist_test --graph ./datasets/wiki_wcc.txt --ncpus 2 --saveprefix wiki_1t_test_1m_100000q --num_tree 1 --num_query 100000 --input_file ./datasets/testcases/withreal/wiki_testcases.txt
 0.3  0.0 mpiexec -n 1 --hostfile /home/zlu12/machines ./binary/ds_dist_test --graph ./datasets/wiki_wcc.txt --ncpus 2 --saveprefix wiki_1t_test_1m_100000q --num_tree 1 --num_query 100000 --input_file ./datasets/testcases/withreal/wiki_testcases.txt
84.0  3.6 ./binary/ds_dist_test --graph ./datasets/wiki_wcc.txt --ncpus 2 --saveprefix wiki_1t_test_1m_100000q --num_tree 1 --num_query 100000 --input_file ./datasets/testcases/withreal/wiki_testcases.txt
 0.3  0.0 mpiexec -n 1 --hostfile /home/zlu12/machines ./binary/ds_dist_test --graph ./datasets/wiki_wcc.txt --ncpus 2 --saveprefix wiki_1t_test_1m_100000q --num_tree 1 --num_query 100000 --input_file ./datasets/testcases/withreal/wiki_testcases.txt
85.6  3.6 ./binary/ds_dist_test --graph ./datasets/wiki_wcc.txt --ncpus 2 --saveprefix wiki_1t_test_1m_100000q --num_tree 1 --num_query 100000 --input_file ./datasets/testcases/withreal/wiki_testcases.txt
 0.3  0.0 mpiexec -n 1 --hostfile /home/zlu12/machines ./binary/ds_dist_test --graph ./datasets/wiki_wcc.txt --ncpus 2 --saveprefix wiki_1t_test_1m_100000q --num_tree 1 --num_query 100000 --input_file ./datasets/testcases/withreal/wiki_testcases.txt
87.5  3.6 ./binary/ds_dist_test --graph ./datasets/wiki_wcc.txt --ncpus 2 --saveprefix wiki_1t_test_1m_100000q --num_tree 1 --num_query 100000 --input_file ./datasets/testcases/withreal/wiki_testcases.txt
 0.3  0.0 mpiexec -n 1 --hostfile /home/zlu12/machines ./binary/ds_dist_test --graph ./datasets/wiki_wcc.txt --ncpus 2 --saveprefix wiki_1t_test_1m_100000q --num_tree 1 --num_query 100000 --input_file ./datasets/testcases/withreal/wiki_testcases.txt
89.3  3.6 ./binary/ds_dist_test --graph ./datasets/wiki_wcc.txt --ncpus 2 --saveprefix wiki_1t_test_1m_100000q --num_tree 1 --num_query 100000 --input_file ./datasets/testcases/withreal/wiki_testcases.txt
 0.3  0.0 mpiexec -n 1 --hostfile /home/zlu12/machines ./binary/ds_dist_test --graph ./datasets/wiki_wcc.txt --ncpus 2 --saveprefix wiki_1t_test_1m_100000q --num_tree 1 --num_query 100000 --input_file ./datasets/testcases/withreal/wiki_testcases.txt
91.3  3.6 ./binary/ds_dist_test --graph ./datasets/wiki_wcc.txt --ncpus 2 --saveprefix wiki_1t_test_1m_100000q --num_tree 1 --num_query 100000 --input_file ./datasets/testcases/withreal/wiki_testcases.txt
 0.3  0.0 mpiexec -n 1 --hostfile /home/zlu12/machines ./binary/ds_dist_test --graph ./datasets/wiki_wcc.txt --ncpus 2 --saveprefix wiki_1t_test_1m_100000q --num_tree 1 --num_query 100000 --input_file ./datasets/testcases/withreal/wiki_testcases.txt
93.1  3.6 ./binary/ds_dist_test --graph ./datasets/wiki_wcc.txt --ncpus 2 --saveprefix wiki_1t_test_1m_100000q --num_tree 1 --num_query 100000 --input_file ./datasets/testcases/withreal/wiki_testcases.txt
 0.3  0.0 mpiexec -n 1 --hostfile /home/zlu12/machines ./binary/ds_dist_test --graph ./datasets/wiki_wcc.txt --ncpus 2 --saveprefix wiki_1t_test_1m_100000q --num_tree 1 --num_query 100000 --input_file ./datasets/testcases/withreal/wiki_testcases.txt
95.0  3.6 ./binary/ds_dist_test --graph ./datasets/wiki_wcc.txt --ncpus 2 --saveprefix wiki_1t_test_1m_100000q --num_tree 1 --num_query 100000 --input_file ./datasets/testcases/withreal/wiki_testcases.txt
 0.2  0.0 mpiexec -n 1 --hostfile /home/zlu12/machines ./binary/ds_dist_test --graph ./datasets/wiki_wcc.txt --ncpus 2 --saveprefix wiki_1t_test_1m_100000q --num_tree 1 --num_query 100000 --input_file ./datasets/testcases/withreal/wiki_testcases.txt
82.8  3.6 ./binary/ds_dist_test --graph ./datasets/wiki_wcc.txt --ncpus 2 --saveprefix wiki_1t_test_1m_100000q --num_tree 1 --num_query 100000 --input_file ./datasets/testcases/withreal/wiki_testcases.txt
 0.2  0.0 mpiexec -n 1 --hostfile /home/zlu12/machines ./binary/ds_dist_test --graph ./datasets/wiki_wcc.txt --ncpus 2 --saveprefix wiki_1t_test_1m_100000q --num_tree 1 --num_query 100000 --input_file ./datasets/testcases/withreal/wiki_testcases.txt
84.4  3.6 ./binary/ds_dist_test --graph ./datasets/wiki_wcc.txt --ncpus 2 --saveprefix wiki_1t_test_1m_100000q --num_tree 1 --num_query 100000 --input_file ./datasets/testcases/withreal/wiki_testcases.txt
 0.2  0.0 mpiexec -n 1 --hostfile /home/zlu12/machines ./binary/ds_dist_test --graph ./datasets/wiki_wcc.txt --ncpus 2 --saveprefix wiki_1t_test_1m_100000q --num_tree 1 --num_query 100000 --input_file ./datasets/testcases/withreal/wiki_testcases.txt
86.0  3.6 ./binary/ds_dist_test --graph ./datasets/wiki_wcc.txt --ncpus 2 --saveprefix wiki_1t_test_1m_100000q --num_tree 1 --num_query 100000 --input_file ./datasets/testcases/withreal/wiki_testcases.txt
 0.2  0.0 mpiexec -n 1 --hostfile /home/zlu12/machines ./binary/ds_dist_test --graph ./datasets/wiki_wcc.txt --ncpus 2 --saveprefix wiki_1t_test_1m_100000q --num_tree 1 --num_query 100000 --input_file ./datasets/testcases/withreal/wiki_testcases.txt
87.5  3.6 ./binary/ds_dist_test --graph ./datasets/wiki_wcc.txt --ncpus 2 --saveprefix wiki_1t_test_1m_100000q --num_tree 1 --num_query 100000 --input_file ./datasets/testcases/withreal/wiki_testcases.txt
 0.2  0.0 mpiexec -n 1 --hostfile /home/zlu12/machines ./binary/ds_dist_test --graph ./datasets/wiki_wcc.txt --ncpus 2 --saveprefix wiki_1t_test_1m_100000q --num_tree 1 --num_query 100000 --input_file ./datasets/testcases/withreal/wiki_testcases.txt
89.1  3.6 ./binary/ds_dist_test --graph ./datasets/wiki_wcc.txt --ncpus 2 --saveprefix wiki_1t_test_1m_100000q --num_tree 1 --num_query 100000 --input_file ./datasets/testcases/withreal/wiki_testcases.txt
 0.2  0.0 mpiexec -n 1 --hostfile /home/zlu12/machines ./binary/ds_dist_test --graph ./datasets/wiki_wcc.txt --ncpus 2 --saveprefix wiki_1t_test_1m_100000q --num_tree 1 --num_query 100000 --input_file ./datasets/testcases/withreal/wiki_testcases.txt
90.5  3.6 ./binary/ds_dist_test --graph ./datasets/wiki_wcc.txt --ncpus 2 --saveprefix wiki_1t_test_1m_100000q --num_tree 1 --num_query 100000 --input_file ./datasets/testcases/withreal/wiki_testcases.txt
 0.2  0.0 mpiexec -n 1 --hostfile /home/zlu12/machines ./binary/ds_dist_test --graph ./datasets/wiki_wcc.txt --ncpus 2 --saveprefix wiki_1t_test_1m_100000q --num_tree 1 --num_query 100000 --input_file ./datasets/testcases/withreal/wiki_testcases.txt
92.1  3.6 ./binary/ds_dist_test --graph ./datasets/wiki_wcc.txt --ncpus 2 --saveprefix wiki_1t_test_1m_100000q --num_tree 1 --num_query 100000 --input_file ./datasets/testcases/withreal/wiki_testcases.txt
 0.2  0.0 mpiexec -n 1 --hostfile /home/zlu12/machines ./binary/ds_dist_test --graph ./datasets/wiki_wcc.txt --ncpus 2 --saveprefix wiki_1t_test_1m_100000q --num_tree 1 --num_query 100000 --input_file ./datasets/testcases/withreal/wiki_testcases.txt
93.7  3.6 ./binary/ds_dist_test --graph ./datasets/wiki_wcc.txt --ncpus 2 --saveprefix wiki_1t_test_1m_100000q --num_tree 1 --num_query 100000 --input_file ./datasets/testcases/withreal/wiki_testcases.txt
 0.2  0.0 mpiexec -n 1 --hostfile /home/zlu12/machines ./binary/ds_dist_test --graph ./datasets/wiki_wcc.txt --ncpus 2 --saveprefix wiki_1t_test_1m_100000q --num_tree 1 --num_query 100000 --input_file ./datasets/testcases/withreal/wiki_testcases.txt
95.2  3.6 ./binary/ds_dist_test --graph ./datasets/wiki_wcc.txt --ncpus 2 --saveprefix wiki_1t_test_1m_100000q --num_tree 1 --num_query 100000 --input_file ./datasets/testcases/withreal/wiki_testcases.txt
 0.2  0.0 mpiexec -n 1 --hostfile /home/zlu12/machines ./binary/ds_dist_test --graph ./datasets/wiki_wcc.txt --ncpus 2 --saveprefix wiki_1t_test_1m_100000q --num_tree 1 --num_query 100000 --input_file ./datasets/testcases/withreal/wiki_testcases.txt
84.7  3.6 ./binary/ds_dist_test --graph ./datasets/wiki_wcc.txt --ncpus 2 --saveprefix wiki_1t_test_1m_100000q --num_tree 1 --num_query 100000 --input_file ./datasets/testcases/withreal/wiki_testcases.txt
 0.2  0.0 mpiexec -n 1 --hostfile /home/zlu12/machines ./binary/ds_dist_test --graph ./datasets/wiki_wcc.txt --ncpus 2 --saveprefix wiki_1t_test_1m_100000q --num_tree 1 --num_query 100000 --input_file ./datasets/testcases/withreal/wiki_testcases.txt
86.1  3.6 ./binary/ds_dist_test --graph ./datasets/wiki_wcc.txt --ncpus 2 --saveprefix wiki_1t_test_1m_100000q --num_tree 1 --num_query 100000 --input_file ./datasets/testcases/withreal/wiki_testcases.txt
 0.2  0.0 mpiexec -n 1 --hostfile /home/zlu12/machines ./binary/ds_dist_test --graph ./datasets/wiki_wcc.txt --ncpus 2 --saveprefix wiki_1t_test_1m_100000q --num_tree 1 --num_query 100000 --input_file ./datasets/testcases/withreal/wiki_testcases.txt
87.5  3.6 ./binary/ds_dist_test --graph ./datasets/wiki_wcc.txt --ncpus 2 --saveprefix wiki_1t_test_1m_100000q --num_tree 1 --num_query 100000 --input_file ./datasets/testcases/withreal/wiki_testcases.txt
 0.2  0.0 mpiexec -n 1 --hostfile /home/zlu12/machines ./binary/ds_dist_test --graph ./datasets/wiki_wcc.txt --ncpus 2 --saveprefix wiki_1t_test_1m_100000q --num_tree 1 --num_query 100000 --input_file ./datasets/testcases/withreal/wiki_testcases.txt
88.7  3.6 ./binary/ds_dist_test --graph ./datasets/wiki_wcc.txt --ncpus 2 --saveprefix wiki_1t_test_1m_100000q --num_tree 1 --num_query 100000 --input_file ./datasets/testcases/withreal/wiki_testcases.txt
 0.2  0.0 mpiexec -n 1 --hostfile /home/zlu12/machines ./binary/ds_dist_test --graph ./datasets/wiki_wcc.txt --ncpus 2 --saveprefix wiki_1t_test_1m_100000q --num_tree 1 --num_query 100000 --input_file ./datasets/testcases/withreal/wiki_testcases.txt
90.1  3.6 ./binary/ds_dist_test --graph ./datasets/wiki_wcc.txt --ncpus 2 --saveprefix wiki_1t_test_1m_100000q --num_tree 1 --num_query 100000 --input_file ./datasets/testcases/withreal/wiki_testcases.txt
 0.2  0.0 mpiexec -n 1 --hostfile /home/zlu12/machines ./binary/ds_dist_test --graph ./datasets/wiki_wcc.txt --ncpus 2 --saveprefix wiki_1t_test_1m_100000q --num_tree 1 --num_query 100000 --input_file ./datasets/testcases/withreal/wiki_testcases.txt
91.5  3.6 ./binary/ds_dist_test --graph ./datasets/wiki_wcc.txt --ncpus 2 --saveprefix wiki_1t_test_1m_100000q --num_tree 1 --num_query 100000 --input_file ./datasets/testcases/withreal/wiki_testcases.txt
 0.2  0.0 mpiexec -n 1 --hostfile /home/zlu12/machines ./binary/ds_dist_test --graph ./datasets/wiki_wcc.txt --ncpus 2 --saveprefix wiki_1t_test_1m_100000q --num_tree 1 --num_query 100000 --input_file ./datasets/testcases/withreal/wiki_testcases.txt
92.8  3.6 ./binary/ds_dist_test --graph ./datasets/wiki_wcc.txt --ncpus 2 --saveprefix wiki_1t_test_1m_100000q --num_tree 1 --num_query 100000 --input_file ./datasets/testcases/withreal/wiki_testcases.txt
 0.2  0.0 mpiexec -n 1 --hostfile /home/zlu12/machines ./binary/ds_dist_test --graph ./datasets/wiki_wcc.txt --ncpus 2 --saveprefix wiki_1t_test_1m_100000q --num_tree 1 --num_query 100000 --input_file ./datasets/testcases/withreal/wiki_testcases.txt
94.2  3.6 ./binary/ds_dist_test --graph ./datasets/wiki_wcc.txt --ncpus 2 --saveprefix wiki_1t_test_1m_100000q --num_tree 1 --num_query 100000 --input_file ./datasets/testcases/withreal/wiki_testcases.txt
 0.2  0.0 mpiexec -n 1 --hostfile /home/zlu12/machines ./binary/ds_dist_test --graph ./datasets/wiki_wcc.txt --ncpus 2 --saveprefix wiki_1t_test_1m_100000q --num_tree 1 --num_query 100000 --input_file ./datasets/testcases/withreal/wiki_testcases.txt
95.6  3.6 ./binary/ds_dist_test --graph ./datasets/wiki_wcc.txt --ncpus 2 --saveprefix wiki_1t_test_1m_100000q --num_tree 1 --num_query 100000 --input_file ./datasets/testcases/withreal/wiki_testcases.txt
 0.2  0.0 mpiexec -n 1 --hostfile /home/zlu12/machines ./binary/ds_dist_test --graph ./datasets/wiki_wcc.txt --ncpus 2 --saveprefix wiki_1t_test_1m_100000q --num_tree 1 --num_query 100000 --input_file ./datasets/testcases/withreal/wiki_testcases.txt
97.0  3.6 ./binary/ds_dist_test --graph ./datasets/wiki_wcc.txt --ncpus 2 --saveprefix wiki_1t_test_1m_100000q --num_tree 1 --num_query 100000 --input_file ./datasets/testcases/withreal/wiki_testcases.txt
 0.2  0.0 mpiexec -n 1 --hostfile /home/zlu12/machines ./binary/ds_dist_test --graph ./datasets/wiki_wcc.txt --ncpus 2 --saveprefix wiki_1t_test_1m_100000q --num_tree 1 --num_query 100000 --input_file ./datasets/testcases/withreal/wiki_testcases.txt
87.3  3.6 ./binary/ds_dist_test --graph ./datasets/wiki_wcc.txt --ncpus 2 --saveprefix wiki_1t_test_1m_100000q --num_tree 1 --num_query 100000 --input_file ./datasets/testcases/withreal/wiki_testcases.txt
 0.2  0.0 mpiexec -n 1 --hostfile /home/zlu12/machines ./binary/ds_dist_test --graph ./datasets/wiki_wcc.txt --ncpus 2 --saveprefix wiki_1t_test_1m_100000q --num_tree 1 --num_query 100000 --input_file ./datasets/testcases/withreal/wiki_testcases.txt
88.5  3.6 ./binary/ds_dist_test --graph ./datasets/wiki_wcc.txt --ncpus 2 --saveprefix wiki_1t_test_1m_100000q --num_tree 1 --num_query 100000 --input_file ./datasets/testcases/withreal/wiki_testcases.txt
 0.2  0.0 mpiexec -n 1 --hostfile /home/zlu12/machines ./binary/ds_dist_test --graph ./datasets/wiki_wcc.txt --ncpus 2 --saveprefix wiki_1t_test_1m_100000q --num_tree 1 --num_query 100000 --input_file ./datasets/testcases/withreal/wiki_testcases.txt
89.7  3.6 ./binary/ds_dist_test --graph ./datasets/wiki_wcc.txt --ncpus 2 --saveprefix wiki_1t_test_1m_100000q --num_tree 1 --num_query 100000 --input_file ./datasets/testcases/withreal/wiki_testcases.txt
 0.2  0.0 mpiexec -n 1 --hostfile /home/zlu12/machines ./binary/ds_dist_test --graph ./datasets/wiki_wcc.txt --ncpus 2 --saveprefix wiki_1t_test_1m_100000q --num_tree 1 --num_query 100000 --input_file ./datasets/testcases/withreal/wiki_testcases.txt
91.0  3.6 ./binary/ds_dist_test --graph ./datasets/wiki_wcc.txt --ncpus 2 --saveprefix wiki_1t_test_1m_100000q --num_tree 1 --num_query 100000 --input_file ./datasets/testcases/withreal/wiki_testcases.txt
 0.2  0.0 mpiexec -n 1 --hostfile /home/zlu12/machines ./binary/ds_dist_test --graph ./datasets/wiki_wcc.txt --ncpus 2 --saveprefix wiki_1t_test_1m_100000q --num_tree 1 --num_query 100000 --input_file ./datasets/testcases/withreal/wiki_testcases.txt
92.2  3.6 ./binary/ds_dist_test --graph ./datasets/wiki_wcc.txt --ncpus 2 --saveprefix wiki_1t_test_1m_100000q --num_tree 1 --num_query 100000 --input_file ./datasets/testcases/withreal/wiki_testcases.txt
 0.2  0.0 mpiexec -n 1 --hostfile /home/zlu12/machines ./binary/ds_dist_test --graph ./datasets/wiki_wcc.txt --ncpus 2 --saveprefix wiki_1t_test_1m_100000q --num_tree 1 --num_query 100000 --input_file ./datasets/testcases/withreal/wiki_testcases.txt
93.4  3.6 ./binary/ds_dist_test --graph ./datasets/wiki_wcc.txt --ncpus 2 --saveprefix wiki_1t_test_1m_100000q --num_tree 1 --num_query 100000 --input_file ./datasets/testcases/withreal/wiki_testcases.txt
 0.2  0.0 mpiexec -n 1 --hostfile /home/zlu12/machines ./binary/ds_dist_test --graph ./datasets/wiki_wcc.txt --ncpus 2 --saveprefix wiki_1t_test_1m_100000q --num_tree 1 --num_query 100000 --input_file ./datasets/testcases/withreal/wiki_testcases.txt
94.6  3.6 ./binary/ds_dist_test --graph ./datasets/wiki_wcc.txt --ncpus 2 --saveprefix wiki_1t_test_1m_100000q --num_tree 1 --num_query 100000 --input_file ./datasets/testcases/withreal/wiki_testcases.txt
 0.2  0.0 mpiexec -n 1 --hostfile /home/zlu12/machines ./binary/ds_dist_test --graph ./datasets/wiki_wcc.txt --ncpus 2 --saveprefix wiki_1t_test_1m_100000q --num_tree 1 --num_query 100000 --input_file ./datasets/testcases/withreal/wiki_testcases.txt
95.8  3.6 ./binary/ds_dist_test --graph ./datasets/wiki_wcc.txt --ncpus 2 --saveprefix wiki_1t_test_1m_100000q --num_tree 1 --num_query 100000 --input_file ./datasets/testcases/withreal/wiki_testcases.txt
 0.2  0.0 mpiexec -n 1 --hostfile /home/zlu12/machines ./binary/ds_dist_test --graph ./datasets/wiki_wcc.txt --ncpus 2 --saveprefix wiki_1t_test_1m_100000q --num_tree 1 --num_query 100000 --input_file ./datasets/testcases/withreal/wiki_testcases.txt
97.0  3.6 ./binary/ds_dist_test --graph ./datasets/wiki_wcc.txt --ncpus 2 --saveprefix wiki_1t_test_1m_100000q --num_tree 1 --num_query 100000 --input_file ./datasets/testcases/withreal/wiki_testcases.txt
 0.2  0.0 mpiexec -n 1 --hostfile /home/zlu12/machines ./binary/ds_dist_test --graph ./datasets/wiki_wcc.txt --ncpus 2 --saveprefix wiki_1t_test_1m_100000q --num_tree 1 --num_query 100000 --input_file ./datasets/testcases/withreal/wiki_testcases.txt
88.4  3.6 ./binary/ds_dist_test --graph ./datasets/wiki_wcc.txt --ncpus 2 --saveprefix wiki_1t_test_1m_100000q --num_tree 1 --num_query 100000 --input_file ./datasets/testcases/withreal/wiki_testcases.txt
 0.2  0.0 mpiexec -n 1 --hostfile /home/zlu12/machines ./binary/ds_dist_test --graph ./datasets/wiki_wcc.txt --ncpus 2 --saveprefix wiki_1t_test_1m_100000q --num_tree 1 --num_query 100000 --input_file ./datasets/testcases/withreal/wiki_testcases.txt
89.6  3.6 ./binary/ds_dist_test --graph ./datasets/wiki_wcc.txt --ncpus 2 --saveprefix wiki_1t_test_1m_100000q --num_tree 1 --num_query 100000 --input_file ./datasets/testcases/withreal/wiki_testcases.txt
 0.2  0.0 mpiexec -n 1 --hostfile /home/zlu12/machines ./binary/ds_dist_test --graph ./datasets/wiki_wcc.txt --ncpus 2 --saveprefix wiki_1t_test_1m_100000q --num_tree 1 --num_query 100000 --input_file ./datasets/testcases/withreal/wiki_testcases.txt
90.7  3.6 ./binary/ds_dist_test --graph ./datasets/wiki_wcc.txt --ncpus 2 --saveprefix wiki_1t_test_1m_100000q --num_tree 1 --num_query 100000 --input_file ./datasets/testcases/withreal/wiki_testcases.txt
 0.2  0.0 mpiexec -n 1 --hostfile /home/zlu12/machines ./binary/ds_dist_test --graph ./datasets/wiki_wcc.txt --ncpus 2 --saveprefix wiki_1t_test_1m_100000q --num_tree 1 --num_query 100000 --input_file ./datasets/testcases/withreal/wiki_testcases.txt
91.8  3.6 ./binary/ds_dist_test --graph ./datasets/wiki_wcc.txt --ncpus 2 --saveprefix wiki_1t_test_1m_100000q --num_tree 1 --num_query 100000 --input_file ./datasets/testcases/withreal/wiki_testcases.txt
 0.2  0.0 mpiexec -n 1 --hostfile /home/zlu12/machines ./binary/ds_dist_test --graph ./datasets/wiki_wcc.txt --ncpus 2 --saveprefix wiki_1t_test_1m_100000q --num_tree 1 --num_query 100000 --input_file ./datasets/testcases/withreal/wiki_testcases.txt
92.9  3.6 ./binary/ds_dist_test --graph ./datasets/wiki_wcc.txt --ncpus 2 --saveprefix wiki_1t_test_1m_100000q --num_tree 1 --num_query 100000 --input_file ./datasets/testcases/withreal/wiki_testcases.txt
 0.2  0.0 mpiexec -n 1 --hostfile /home/zlu12/machines ./binary/ds_dist_test --graph ./datasets/wiki_wcc.txt --ncpus 2 --saveprefix wiki_1t_test_1m_100000q --num_tree 1 --num_query 100000 --input_file ./datasets/testcases/withreal/wiki_testcases.txt
94.0  3.6 ./binary/ds_dist_test --graph ./datasets/wiki_wcc.txt --ncpus 2 --saveprefix wiki_1t_test_1m_100000q --num_tree 1 --num_query 100000 --input_file ./datasets/testcases/withreal/wiki_testcases.txt
 0.2  0.0 mpiexec -n 1 --hostfile /home/zlu12/machines ./binary/ds_dist_test --graph ./datasets/wiki_wcc.txt --ncpus 2 --saveprefix wiki_1t_test_1m_100000q --num_tree 1 --num_query 100000 --input_file ./datasets/testcases/withreal/wiki_testcases.txt
95.1  3.6 ./binary/ds_dist_test --graph ./datasets/wiki_wcc.txt --ncpus 2 --saveprefix wiki_1t_test_1m_100000q --num_tree 1 --num_query 100000 --input_file ./datasets/testcases/withreal/wiki_testcases.txt
 0.2  0.0 mpiexec -n 1 --hostfile /home/zlu12/machines ./binary/ds_dist_test --graph ./datasets/wiki_wcc.txt --ncpus 2 --saveprefix wiki_1t_test_1m_100000q --num_tree 1 --num_query 100000 --input_file ./datasets/testcases/withreal/wiki_testcases.txt
96.1  3.6 ./binary/ds_dist_test --graph ./datasets/wiki_wcc.txt --ncpus 2 --saveprefix wiki_1t_test_1m_100000q --num_tree 1 --num_query 100000 --input_file ./datasets/testcases/withreal/wiki_testcases.txt
 0.2  0.0 mpiexec -n 1 --hostfile /home/zlu12/machines ./binary/ds_dist_test --graph ./datasets/wiki_wcc.txt --ncpus 2 --saveprefix wiki_1t_test_1m_100000q --num_tree 1 --num_query 100000 --input_file ./datasets/testcases/withreal/wiki_testcases.txt
97.2  3.6 ./binary/ds_dist_test --graph ./datasets/wiki_wcc.txt --ncpus 2 --saveprefix wiki_1t_test_1m_100000q --num_tree 1 --num_query 100000 --input_file ./datasets/testcases/withreal/wiki_testcases.txt
 0.1  0.0 mpiexec -n 1 --hostfile /home/zlu12/machines ./binary/ds_dist_test --graph ./datasets/wiki_wcc.txt --ncpus 2 --saveprefix wiki_1t_test_1m_100000q --num_tree 1 --num_query 100000 --input_file ./datasets/testcases/withreal/wiki_testcases.txt
89.4  3.6 ./binary/ds_dist_test --graph ./datasets/wiki_wcc.txt --ncpus 2 --saveprefix wiki_1t_test_1m_100000q --num_tree 1 --num_query 100000 --input_file ./datasets/testcases/withreal/wiki_testcases.txt
 0.1  0.0 mpiexec -n 1 --hostfile /home/zlu12/machines ./binary/ds_dist_test --graph ./datasets/wiki_wcc.txt --ncpus 2 --saveprefix wiki_1t_test_1m_100000q --num_tree 1 --num_query 100000 --input_file ./datasets/testcases/withreal/wiki_testcases.txt
90.4  3.6 ./binary/ds_dist_test --graph ./datasets/wiki_wcc.txt --ncpus 2 --saveprefix wiki_1t_test_1m_100000q --num_tree 1 --num_query 100000 --input_file ./datasets/testcases/withreal/wiki_testcases.txt
 0.1  0.0 mpiexec -n 1 --hostfile /home/zlu12/machines ./binary/ds_dist_test --graph ./datasets/wiki_wcc.txt --ncpus 2 --saveprefix wiki_1t_test_1m_100000q --num_tree 1 --num_query 100000 --input_file ./datasets/testcases/withreal/wiki_testcases.txt
91.4  3.6 ./binary/ds_dist_test --graph ./datasets/wiki_wcc.txt --ncpus 2 --saveprefix wiki_1t_test_1m_100000q --num_tree 1 --num_query 100000 --input_file ./datasets/testcases/withreal/wiki_testcases.txt
 0.1  0.0 mpiexec -n 1 --hostfile /home/zlu12/machines ./binary/ds_dist_test --graph ./datasets/wiki_wcc.txt --ncpus 2 --saveprefix wiki_1t_test_1m_100000q --num_tree 1 --num_query 100000 --input_file ./datasets/testcases/withreal/wiki_testcases.txt
92.4  3.6 ./binary/ds_dist_test --graph ./datasets/wiki_wcc.txt --ncpus 2 --saveprefix wiki_1t_test_1m_100000q --num_tree 1 --num_query 100000 --input_file ./datasets/testcases/withreal/wiki_testcases.txt
 0.1  0.0 mpiexec -n 1 --hostfile /home/zlu12/machines ./binary/ds_dist_test --graph ./datasets/wiki_wcc.txt --ncpus 2 --saveprefix wiki_1t_test_1m_100000q --num_tree 1 --num_query 100000 --input_file ./datasets/testcases/withreal/wiki_testcases.txt
93.4  3.6 ./binary/ds_dist_test --graph ./datasets/wiki_wcc.txt --ncpus 2 --saveprefix wiki_1t_test_1m_100000q --num_tree 1 --num_query 100000 --input_file ./datasets/testcases/withreal/wiki_testcases.txt
 0.1  0.0 mpiexec -n 1 --hostfile /home/zlu12/machines ./binary/ds_dist_test --graph ./datasets/wiki_wcc.txt --ncpus 2 --saveprefix wiki_1t_test_1m_100000q --num_tree 1 --num_query 100000 --input_file ./datasets/testcases/withreal/wiki_testcases.txt
94.4  3.6 ./binary/ds_dist_test --graph ./datasets/wiki_wcc.txt --ncpus 2 --saveprefix wiki_1t_test_1m_100000q --num_tree 1 --num_query 100000 --input_file ./datasets/testcases/withreal/wiki_testcases.txt
 0.1  0.0 mpiexec -n 1 --hostfile /home/zlu12/machines ./binary/ds_dist_test --graph ./datasets/wiki_wcc.txt --ncpus 2 --saveprefix wiki_1t_test_1m_100000q --num_tree 1 --num_query 100000 --input_file ./datasets/testcases/withreal/wiki_testcases.txt
95.3  3.6 ./binary/ds_dist_test --graph ./datasets/wiki_wcc.txt --ncpus 2 --saveprefix wiki_1t_test_1m_100000q --num_tree 1 --num_query 100000 --input_file ./datasets/testcases/withreal/wiki_testcases.txt
 0.1  0.0 mpiexec -n 1 --hostfile /home/zlu12/machines ./binary/ds_dist_test --graph ./datasets/wiki_wcc.txt --ncpus 2 --saveprefix wiki_1t_test_1m_100000q --num_tree 1 --num_query 100000 --input_file ./datasets/testcases/withreal/wiki_testcases.txt
96.3  3.6 ./binary/ds_dist_test --graph ./datasets/wiki_wcc.txt --ncpus 2 --saveprefix wiki_1t_test_1m_100000q --num_tree 1 --num_query 100000 --input_file ./datasets/testcases/withreal/wiki_testcases.txt
 0.1  0.0 mpiexec -n 1 --hostfile /home/zlu12/machines ./binary/ds_dist_test --graph ./datasets/wiki_wcc.txt --ncpus 2 --saveprefix wiki_1t_test_1m_100000q --num_tree 1 --num_query 100000 --input_file ./datasets/testcases/withreal/wiki_testcases.txt
97.3  3.6 ./binary/ds_dist_test --graph ./datasets/wiki_wcc.txt --ncpus 2 --saveprefix wiki_1t_test_1m_100000q --num_tree 1 --num_query 100000 --input_file ./datasets/testcases/withreal/wiki_testcases.txt
 0.1  0.0 mpiexec -n 1 --hostfile /home/zlu12/machines ./binary/ds_dist_test --graph ./datasets/wiki_wcc.txt --ncpus 2 --saveprefix wiki_1t_test_1m_100000q --num_tree 1 --num_query 100000 --input_file ./datasets/testcases/withreal/wiki_testcases.txt
90.1  3.6 ./binary/ds_dist_test --graph ./datasets/wiki_wcc.txt --ncpus 2 --saveprefix wiki_1t_test_1m_100000q --num_tree 1 --num_query 100000 --input_file ./datasets/testcases/withreal/wiki_testcases.txt
 0.1  0.0 mpiexec -n 1 --hostfile /home/zlu12/machines ./binary/ds_dist_test --graph ./datasets/wiki_wcc.txt --ncpus 2 --saveprefix wiki_1t_test_1m_100000q --num_tree 1 --num_query 100000 --input_file ./datasets/testcases/withreal/wiki_testcases.txt
91.0  3.6 ./binary/ds_dist_test --graph ./datasets/wiki_wcc.txt --ncpus 2 --saveprefix wiki_1t_test_1m_100000q --num_tree 1 --num_query 100000 --input_file ./datasets/testcases/withreal/wiki_testcases.txt
 0.1  0.0 mpiexec -n 1 --hostfile /home/zlu12/machines ./binary/ds_dist_test --graph ./datasets/wiki_wcc.txt --ncpus 2 --saveprefix wiki_1t_test_1m_100000q --num_tree 1 --num_query 100000 --input_file ./datasets/testcases/withreal/wiki_testcases.txt
92.0  3.6 ./binary/ds_dist_test --graph ./datasets/wiki_wcc.txt --ncpus 2 --saveprefix wiki_1t_test_1m_100000q --num_tree 1 --num_query 100000 --input_file ./datasets/testcases/withreal/wiki_testcases.txt
 0.1  0.0 mpiexec -n 1 --hostfile /home/zlu12/machines ./binary/ds_dist_test --graph ./datasets/wiki_wcc.txt --ncpus 2 --saveprefix wiki_1t_test_1m_100000q --num_tree 1 --num_query 100000 --input_file ./datasets/testcases/withreal/wiki_testcases.txt
92.8  3.6 ./binary/ds_dist_test --graph ./datasets/wiki_wcc.txt --ncpus 2 --saveprefix wiki_1t_test_1m_100000q --num_tree 1 --num_query 100000 --input_file ./datasets/testcases/withreal/wiki_testcases.txt
 0.1  0.0 mpiexec -n 1 --hostfile /home/zlu12/machines ./binary/ds_dist_test --graph ./datasets/wiki_wcc.txt --ncpus 2 --saveprefix wiki_1t_test_1m_100000q --num_tree 1 --num_query 100000 --input_file ./datasets/testcases/withreal/wiki_testcases.txt
93.7  3.6 ./binary/ds_dist_test --graph ./datasets/wiki_wcc.txt --ncpus 2 --saveprefix wiki_1t_test_1m_100000q --num_tree 1 --num_query 100000 --input_file ./datasets/testcases/withreal/wiki_testcases.txt
 0.1  0.0 mpiexec -n 1 --hostfile /home/zlu12/machines ./binary/ds_dist_test --graph ./datasets/wiki_wcc.txt --ncpus 2 --saveprefix wiki_1t_test_1m_100000q --num_tree 1 --num_query 100000 --input_file ./datasets/testcases/withreal/wiki_testcases.txt
94.6  3.6 ./binary/ds_dist_test --graph ./datasets/wiki_wcc.txt --ncpus 2 --saveprefix wiki_1t_test_1m_100000q --num_tree 1 --num_query 100000 --input_file ./datasets/testcases/withreal/wiki_testcases.txt
 0.1  0.0 mpiexec -n 1 --hostfile /home/zlu12/machines ./binary/ds_dist_test --graph ./datasets/wiki_wcc.txt --ncpus 2 --saveprefix wiki_1t_test_1m_100000q --num_tree 1 --num_query 100000 --input_file ./datasets/testcases/withreal/wiki_testcases.txt
95.6  3.6 ./binary/ds_dist_test --graph ./datasets/wiki_wcc.txt --ncpus 2 --saveprefix wiki_1t_test_1m_100000q --num_tree 1 --num_query 100000 --input_file ./datasets/testcases/withreal/wiki_testcases.txt
 0.1  0.0 mpiexec -n 1 --hostfile /home/zlu12/machines ./binary/ds_dist_test --graph ./datasets/wiki_wcc.txt --ncpus 2 --saveprefix wiki_1t_test_1m_100000q --num_tree 1 --num_query 100000 --input_file ./datasets/testcases/withreal/wiki_testcases.txt
96.5  3.6 ./binary/ds_dist_test --graph ./datasets/wiki_wcc.txt --ncpus 2 --saveprefix wiki_1t_test_1m_100000q --num_tree 1 --num_query 100000 --input_file ./datasets/testcases/withreal/wiki_testcases.txt
 0.1  0.0 mpiexec -n 1 --hostfile /home/zlu12/machines ./binary/ds_dist_test --graph ./datasets/wiki_wcc.txt --ncpus 2 --saveprefix wiki_1t_test_1m_100000q --num_tree 1 --num_query 100000 --input_file ./datasets/testcases/withreal/wiki_testcases.txt
97.5  3.6 ./binary/ds_dist_test --graph ./datasets/wiki_wcc.txt --ncpus 2 --saveprefix wiki_1t_test_1m_100000q --num_tree 1 --num_query 100000 --input_file ./datasets/testcases/withreal/wiki_testcases.txt
 0.1  0.0 mpiexec -n 1 --hostfile /home/zlu12/machines ./binary/ds_dist_test --graph ./datasets/wiki_wcc.txt --ncpus 2 --saveprefix wiki_1t_test_1m_100000q --num_tree 1 --num_query 100000 --input_file ./datasets/testcases/withreal/wiki_testcases.txt
90.7  3.6 ./binary/ds_dist_test --graph ./datasets/wiki_wcc.txt --ncpus 2 --saveprefix wiki_1t_test_1m_100000q --num_tree 1 --num_query 100000 --input_file ./datasets/testcases/withreal/wiki_testcases.txt
 0.1  0.0 mpiexec -n 1 --hostfile /home/zlu12/machines ./binary/ds_dist_test --graph ./datasets/wiki_wcc.txt --ncpus 2 --saveprefix wiki_1t_test_1m_100000q --num_tree 1 --num_query 100000 --input_file ./datasets/testcases/withreal/wiki_testcases.txt
91.6  3.6 ./binary/ds_dist_test --graph ./datasets/wiki_wcc.txt --ncpus 2 --saveprefix wiki_1t_test_1m_100000q --num_tree 1 --num_query 100000 --input_file ./datasets/testcases/withreal/wiki_testcases.txt
 0.1  0.0 mpiexec -n 1 --hostfile /home/zlu12/machines ./binary/ds_dist_test --graph ./datasets/wiki_wcc.txt --ncpus 2 --saveprefix wiki_1t_test_1m_100000q --num_tree 1 --num_query 100000 --input_file ./datasets/testcases/withreal/wiki_testcases.txt
92.4  3.6 ./binary/ds_dist_test --graph ./datasets/wiki_wcc.txt --ncpus 2 --saveprefix wiki_1t_test_1m_100000q --num_tree 1 --num_query 100000 --input_file ./datasets/testcases/withreal/wiki_testcases.txt
 0.1  0.0 mpiexec -n 1 --hostfile /home/zlu12/machines ./binary/ds_dist_test --graph ./datasets/wiki_wcc.txt --ncpus 2 --saveprefix wiki_1t_test_1m_100000q --num_tree 1 --num_query 100000 --input_file ./datasets/testcases/withreal/wiki_testcases.txt
93.3  3.6 ./binary/ds_dist_test --graph ./datasets/wiki_wcc.txt --ncpus 2 --saveprefix wiki_1t_test_1m_100000q --num_tree 1 --num_query 100000 --input_file ./datasets/testcases/withreal/wiki_testcases.txt
 0.1  0.0 mpiexec -n 1 --hostfile /home/zlu12/machines ./binary/ds_dist_test --graph ./datasets/wiki_wcc.txt --ncpus 2 --saveprefix wiki_1t_test_1m_100000q --num_tree 1 --num_query 100000 --input_file ./datasets/testcases/withreal/wiki_testcases.txt
94.1  3.6 ./binary/ds_dist_test --graph ./datasets/wiki_wcc.txt --ncpus 2 --saveprefix wiki_1t_test_1m_100000q --num_tree 1 --num_query 100000 --input_file ./datasets/testcases/withreal/wiki_testcases.txt
 0.1  0.0 mpiexec -n 1 --hostfile /home/zlu12/machines ./binary/ds_dist_test --graph ./datasets/wiki_wcc.txt --ncpus 2 --saveprefix wiki_1t_test_1m_100000q --num_tree 1 --num_query 100000 --input_file ./datasets/testcases/withreal/wiki_testcases.txt
95.0  3.6 ./binary/ds_dist_test --graph ./datasets/wiki_wcc.txt --ncpus 2 --saveprefix wiki_1t_test_1m_100000q --num_tree 1 --num_query 100000 --input_file ./datasets/testcases/withreal/wiki_testcases.txt
 0.1  0.0 mpiexec -n 1 --hostfile /home/zlu12/machines ./binary/ds_dist_test --graph ./datasets/wiki_wcc.txt --ncpus 2 --saveprefix wiki_1t_test_1m_100000q --num_tree 1 --num_query 100000 --input_file ./datasets/testcases/withreal/wiki_testcases.txt
95.8  3.6 ./binary/ds_dist_test --graph ./datasets/wiki_wcc.txt --ncpus 2 --saveprefix wiki_1t_test_1m_100000q --num_tree 1 --num_query 100000 --input_file ./datasets/testcases/withreal/wiki_testcases.txt
 0.1  0.0 mpiexec -n 1 --hostfile /home/zlu12/machines ./binary/ds_dist_test --graph ./datasets/wiki_wcc.txt --ncpus 2 --saveprefix wiki_1t_test_1m_100000q --num_tree 1 --num_query 100000 --input_file ./datasets/testcases/withreal/wiki_testcases.txt
96.6  3.6 ./binary/ds_dist_test --graph ./datasets/wiki_wcc.txt --ncpus 2 --saveprefix wiki_1t_test_1m_100000q --num_tree 1 --num_query 100000 --input_file ./datasets/testcases/withreal/wiki_testcases.txt
 0.1  0.0 mpiexec -n 1 --hostfile /home/zlu12/machines ./binary/ds_dist_test --graph ./datasets/wiki_wcc.txt --ncpus 2 --saveprefix wiki_1t_test_1m_100000q --num_tree 1 --num_query 100000 --input_file ./datasets/testcases/withreal/wiki_testcases.txt
97.4  3.6 ./binary/ds_dist_test --graph ./datasets/wiki_wcc.txt --ncpus 2 --saveprefix wiki_1t_test_1m_100000q --num_tree 1 --num_query 100000 --input_file ./datasets/testcases/withreal/wiki_testcases.txt
 0.1  0.0 mpiexec -n 1 --hostfile /home/zlu12/machines ./binary/ds_dist_test --graph ./datasets/wiki_wcc.txt --ncpus 2 --saveprefix wiki_1t_test_1m_100000q --num_tree 1 --num_query 100000 --input_file ./datasets/testcases/withreal/wiki_testcases.txt
91.2  3.6 ./binary/ds_dist_test --graph ./datasets/wiki_wcc.txt --ncpus 2 --saveprefix wiki_1t_test_1m_100000q --num_tree 1 --num_query 100000 --input_file ./datasets/testcases/withreal/wiki_testcases.txt
 0.1  0.0 mpiexec -n 1 --hostfile /home/zlu12/machines ./binary/ds_dist_test --graph ./datasets/wiki_wcc.txt --ncpus 2 --saveprefix wiki_1t_test_1m_100000q --num_tree 1 --num_query 100000 --input_file ./datasets/testcases/withreal/wiki_testcases.txt
92.0  3.6 ./binary/ds_dist_test --graph ./datasets/wiki_wcc.txt --ncpus 2 --saveprefix wiki_1t_test_1m_100000q --num_tree 1 --num_query 100000 --input_file ./datasets/testcases/withreal/wiki_testcases.txt
 0.1  0.0 mpiexec -n 1 --hostfile /home/zlu12/machines ./binary/ds_dist_test --graph ./datasets/wiki_wcc.txt --ncpus 2 --saveprefix wiki_1t_test_1m_100000q --num_tree 1 --num_query 100000 --input_file ./datasets/testcases/withreal/wiki_testcases.txt
92.8  3.6 ./binary/ds_dist_test --graph ./datasets/wiki_wcc.txt --ncpus 2 --saveprefix wiki_1t_test_1m_100000q --num_tree 1 --num_query 100000 --input_file ./datasets/testcases/withreal/wiki_testcases.txt
 0.1  0.0 mpiexec -n 1 --hostfile /home/zlu12/machines ./binary/ds_dist_test --graph ./datasets/wiki_wcc.txt --ncpus 2 --saveprefix wiki_1t_test_1m_100000q --num_tree 1 --num_query 100000 --input_file ./datasets/testcases/withreal/wiki_testcases.txt
93.6  3.6 ./binary/ds_dist_test --graph ./datasets/wiki_wcc.txt --ncpus 2 --saveprefix wiki_1t_test_1m_100000q --num_tree 1 --num_query 100000 --input_file ./datasets/testcases/withreal/wiki_testcases.txt
 0.1  0.0 mpiexec -n 1 --hostfile /home/zlu12/machines ./binary/ds_dist_test --graph ./datasets/wiki_wcc.txt --ncpus 2 --saveprefix wiki_1t_test_1m_100000q --num_tree 1 --num_query 100000 --input_file ./datasets/testcases/withreal/wiki_testcases.txt
94.3  3.6 ./binary/ds_dist_test --graph ./datasets/wiki_wcc.txt --ncpus 2 --saveprefix wiki_1t_test_1m_100000q --num_tree 1 --num_query 100000 --input_file ./datasets/testcases/withreal/wiki_testcases.txt
 0.1  0.0 mpiexec -n 1 --hostfile /home/zlu12/machines ./binary/ds_dist_test --graph ./datasets/wiki_wcc.txt --ncpus 2 --saveprefix wiki_1t_test_1m_100000q --num_tree 1 --num_query 100000 --input_file ./datasets/testcases/withreal/wiki_testcases.txt
95.1  3.6 ./binary/ds_dist_test --graph ./datasets/wiki_wcc.txt --ncpus 2 --saveprefix wiki_1t_test_1m_100000q --num_tree 1 --num_query 100000 --input_file ./datasets/testcases/withreal/wiki_testcases.txt
 0.1  0.0 mpiexec -n 1 --hostfile /home/zlu12/machines ./binary/ds_dist_test --graph ./datasets/wiki_wcc.txt --ncpus 2 --saveprefix wiki_1t_test_1m_100000q --num_tree 1 --num_query 100000 --input_file ./datasets/testcases/withreal/wiki_testcases.txt
95.9  3.6 ./binary/ds_dist_test --graph ./datasets/wiki_wcc.txt --ncpus 2 --saveprefix wiki_1t_test_1m_100000q --num_tree 1 --num_query 100000 --input_file ./datasets/testcases/withreal/wiki_testcases.txt
 0.1  0.0 mpiexec -n 1 --hostfile /home/zlu12/machines ./binary/ds_dist_test --graph ./datasets/wiki_wcc.txt --ncpus 2 --saveprefix wiki_1t_test_1m_100000q --num_tree 1 --num_query 100000 --input_file ./datasets/testcases/withreal/wiki_testcases.txt
96.7  3.6 ./binary/ds_dist_test --graph ./datasets/wiki_wcc.txt --ncpus 2 --saveprefix wiki_1t_test_1m_100000q --num_tree 1 --num_query 100000 --input_file ./datasets/testcases/withreal/wiki_testcases.txt
 0.1  0.0 mpiexec -n 1 --hostfile /home/zlu12/machines ./binary/ds_dist_test --graph ./datasets/wiki_wcc.txt --ncpus 2 --saveprefix wiki_1t_test_1m_100000q --num_tree 1 --num_query 100000 --input_file ./datasets/testcases/withreal/wiki_testcases.txt
97.5  3.6 ./binary/ds_dist_test --graph ./datasets/wiki_wcc.txt --ncpus 2 --saveprefix wiki_1t_test_1m_100000q --num_tree 1 --num_query 100000 --input_file ./datasets/testcases/withreal/wiki_testcases.txt
 0.1  0.0 mpiexec -n 1 --hostfile /home/zlu12/machines ./binary/ds_dist_test --graph ./datasets/wiki_wcc.txt --ncpus 2 --saveprefix wiki_1t_test_1m_100000q --num_tree 1 --num_query 100000 --input_file ./datasets/testcases/withreal/wiki_testcases.txt
91.7  3.6 ./binary/ds_dist_test --graph ./datasets/wiki_wcc.txt --ncpus 2 --saveprefix wiki_1t_test_1m_100000q --num_tree 1 --num_query 100000 --input_file ./datasets/testcases/withreal/wiki_testcases.txt
 0.1  0.0 mpiexec -n 1 --hostfile /home/zlu12/machines ./binary/ds_dist_test --graph ./datasets/wiki_wcc.txt --ncpus 2 --saveprefix wiki_1t_test_1m_100000q --num_tree 1 --num_query 100000 --input_file ./datasets/testcases/withreal/wiki_testcases.txt
92.4  3.6 ./binary/ds_dist_test --graph ./datasets/wiki_wcc.txt --ncpus 2 --saveprefix wiki_1t_test_1m_100000q --num_tree 1 --num_query 100000 --input_file ./datasets/testcases/withreal/wiki_testcases.txt
 0.1  0.0 mpiexec -n 1 --hostfile /home/zlu12/machines ./binary/ds_dist_test --graph ./datasets/wiki_wcc.txt --ncpus 2 --saveprefix wiki_1t_test_1m_100000q --num_tree 1 --num_query 100000 --input_file ./datasets/testcases/withreal/wiki_testcases.txt
93.1  3.6 ./binary/ds_dist_test --graph ./datasets/wiki_wcc.txt --ncpus 2 --saveprefix wiki_1t_test_1m_100000q --num_tree 1 --num_query 100000 --input_file ./datasets/testcases/withreal/wiki_testcases.txt
 0.1  0.0 mpiexec -n 1 --hostfile /home/zlu12/machines ./binary/ds_dist_test --graph ./datasets/wiki_wcc.txt --ncpus 2 --saveprefix wiki_1t_test_1m_100000q --num_tree 1 --num_query 100000 --input_file ./datasets/testcases/withreal/wiki_testcases.txt
93.8  3.6 ./binary/ds_dist_test --graph ./datasets/wiki_wcc.txt --ncpus 2 --saveprefix wiki_1t_test_1m_100000q --num_tree 1 --num_query 100000 --input_file ./datasets/testcases/withreal/wiki_testcases.txt
 0.1  0.0 mpiexec -n 1 --hostfile /home/zlu12/machines ./binary/ds_dist_test --graph ./datasets/wiki_wcc.txt --ncpus 2 --saveprefix wiki_1t_test_1m_100000q --num_tree 1 --num_query 100000 --input_file ./datasets/testcases/withreal/wiki_testcases.txt
94.6  3.6 ./binary/ds_dist_test --graph ./datasets/wiki_wcc.txt --ncpus 2 --saveprefix wiki_1t_test_1m_100000q --num_tree 1 --num_query 100000 --input_file ./datasets/testcases/withreal/wiki_testcases.txt
 0.1  0.0 mpiexec -n 1 --hostfile /home/zlu12/machines ./binary/ds_dist_test --graph ./datasets/wiki_wcc.txt --ncpus 2 --saveprefix wiki_1t_test_1m_100000q --num_tree 1 --num_query 100000 --input_file ./datasets/testcases/withreal/wiki_testcases.txt
95.3  3.6 ./binary/ds_dist_test --graph ./datasets/wiki_wcc.txt --ncpus 2 --saveprefix wiki_1t_test_1m_100000q --num_tree 1 --num_query 100000 --input_file ./datasets/testcases/withreal/wiki_testcases.txt
 0.1  0.0 mpiexec -n 1 --hostfile /home/zlu12/machines ./binary/ds_dist_test --graph ./datasets/wiki_wcc.txt --ncpus 2 --saveprefix wiki_1t_test_1m_100000q --num_tree 1 --num_query 100000 --input_file ./datasets/testcases/withreal/wiki_testcases.txt
96.0  3.6 ./binary/ds_dist_test --graph ./datasets/wiki_wcc.txt --ncpus 2 --saveprefix wiki_1t_test_1m_100000q --num_tree 1 --num_query 100000 --input_file ./datasets/testcases/withreal/wiki_testcases.txt
 0.1  0.0 mpiexec -n 1 --hostfile /home/zlu12/machines ./binary/ds_dist_test --graph ./datasets/wiki_wcc.txt --ncpus 2 --saveprefix wiki_1t_test_1m_100000q --num_tree 1 --num_query 100000 --input_file ./datasets/testcases/withreal/wiki_testcases.txt
96.7  3.6 ./binary/ds_dist_test --graph ./datasets/wiki_wcc.txt --ncpus 2 --saveprefix wiki_1t_test_1m_100000q --num_tree 1 --num_query 100000 --input_file ./datasets/testcases/withreal/wiki_testcases.txt
 0.1  0.0 mpiexec -n 1 --hostfile /home/zlu12/machines ./binary/ds_dist_test --graph ./datasets/wiki_wcc.txt --ncpus 2 --saveprefix wiki_1t_test_1m_100000q --num_tree 1 --num_query 100000 --input_file ./datasets/testcases/withreal/wiki_testcases.txt
97.4  3.6 ./binary/ds_dist_test --graph ./datasets/wiki_wcc.txt --ncpus 2 --saveprefix wiki_1t_test_1m_100000q --num_tree 1 --num_query 100000 --input_file ./datasets/testcases/withreal/wiki_testcases.txt
 0.1  0.0 mpiexec -n 1 --hostfile /home/zlu12/machines ./binary/ds_dist_test --graph ./datasets/wiki_wcc.txt --ncpus 2 --saveprefix wiki_1t_test_1m_100000q --num_tree 1 --num_query 100000 --input_file ./datasets/testcases/withreal/wiki_testcases.txt
98.2  3.6 ./binary/ds_dist_test --graph ./datasets/wiki_wcc.txt --ncpus 2 --saveprefix wiki_1t_test_1m_100000q --num_tree 1 --num_query 100000 --input_file ./datasets/testcases/withreal/wiki_testcases.txt
 0.1  0.0 mpiexec -n 1 --hostfile /home/zlu12/machines ./binary/ds_dist_test --graph ./datasets/wiki_wcc.txt --ncpus 2 --saveprefix wiki_1t_test_1m_100000q --num_tree 1 --num_query 100000 --input_file ./datasets/testcases/withreal/wiki_testcases.txt
92.7  3.6 ./binary/ds_dist_test --graph ./datasets/wiki_wcc.txt --ncpus 2 --saveprefix wiki_1t_test_1m_100000q --num_tree 1 --num_query 100000 --input_file ./datasets/testcases/withreal/wiki_testcases.txt
 0.1  0.0 mpiexec -n 1 --hostfile /home/zlu12/machines ./binary/ds_dist_test --graph ./datasets/wiki_wcc.txt --ncpus 2 --saveprefix wiki_1t_test_1m_100000q --num_tree 1 --num_query 100000 --input_file ./datasets/testcases/withreal/wiki_testcases.txt
93.4  3.6 ./binary/ds_dist_test --graph ./datasets/wiki_wcc.txt --ncpus 2 --saveprefix wiki_1t_test_1m_100000q --num_tree 1 --num_query 100000 --input_file ./datasets/testcases/withreal/wiki_testcases.txt
 0.1  0.0 mpiexec -n 1 --hostfile /home/zlu12/machines ./binary/ds_dist_test --graph ./datasets/wiki_wcc.txt --ncpus 2 --saveprefix wiki_1t_test_1m_100000q --num_tree 1 --num_query 100000 --input_file ./datasets/testcases/withreal/wiki_testcases.txt
94.0  3.6 ./binary/ds_dist_test --graph ./datasets/wiki_wcc.txt --ncpus 2 --saveprefix wiki_1t_test_1m_100000q --num_tree 1 --num_query 100000 --input_file ./datasets/testcases/withreal/wiki_testcases.txt
 0.1  0.0 mpiexec -n 1 --hostfile /home/zlu12/machines ./binary/ds_dist_test --graph ./datasets/wiki_wcc.txt --ncpus 2 --saveprefix wiki_1t_test_1m_100000q --num_tree 1 --num_query 100000 --input_file ./datasets/testcases/withreal/wiki_testcases.txt
94.7  3.6 ./binary/ds_dist_test --graph ./datasets/wiki_wcc.txt --ncpus 2 --saveprefix wiki_1t_test_1m_100000q --num_tree 1 --num_query 100000 --input_file ./datasets/testcases/withreal/wiki_testcases.txt
 0.1  0.0 mpiexec -n 1 --hostfile /home/zlu12/machines ./binary/ds_dist_test --graph ./datasets/wiki_wcc.txt --ncpus 2 --saveprefix wiki_1t_test_1m_100000q --num_tree 1 --num_query 100000 --input_file ./datasets/testcases/withreal/wiki_testcases.txt
95.4  3.6 ./binary/ds_dist_test --graph ./datasets/wiki_wcc.txt --ncpus 2 --saveprefix wiki_1t_test_1m_100000q --num_tree 1 --num_query 100000 --input_file ./datasets/testcases/withreal/wiki_testcases.txt
 0.1  0.0 mpiexec -n 1 --hostfile /home/zlu12/machines ./binary/ds_dist_test --graph ./datasets/wiki_wcc.txt --ncpus 2 --saveprefix wiki_1t_test_1m_100000q --num_tree 1 --num_query 100000 --input_file ./datasets/testcases/withreal/wiki_testcases.txt
96.1  3.6 ./binary/ds_dist_test --graph ./datasets/wiki_wcc.txt --ncpus 2 --saveprefix wiki_1t_test_1m_100000q --num_tree 1 --num_query 100000 --input_file ./datasets/testcases/withreal/wiki_testcases.txt
