%CPU %MEM ARGS Mon Mar  7 13:32:32 CST 2016
 0.0  0.0 mpiexec -n 4 --hostfile /home/zlu12/machines ./binary/ds_dist_test --graph ./datasets/wiki_wcc.txt --ncpus 2 --saveprefix wiki_1t_test_4m_100000q --num_tree 1 --num_query 100000 --input_file ./datasets/testcases/withreal/wiki_testcases.txt
 0.0  0.0 mpiexec -n 4 --hostfile /home/zlu12/machines ./binary/ds_dist_test --graph ./datasets/wiki_wcc.txt --ncpus 2 --saveprefix wiki_1t_test_4m_100000q --num_tree 1 --num_query 100000 --input_file ./datasets/testcases/withreal/wiki_testcases.txt
 0.0  0.0 mpiexec -n 4 --hostfile /home/zlu12/machines ./binary/ds_dist_test --graph ./datasets/wiki_wcc.txt --ncpus 2 --saveprefix wiki_1t_test_4m_100000q --num_tree 1 --num_query 100000 --input_file ./datasets/testcases/withreal/wiki_testcases.txt
 0.0  0.0 mpiexec -n 4 --hostfile /home/zlu12/machines ./binary/ds_dist_test --graph ./datasets/wiki_wcc.txt --ncpus 2 --saveprefix wiki_1t_test_4m_100000q --num_tree 1 --num_query 100000 --input_file ./datasets/testcases/withreal/wiki_testcases.txt
 0.0  0.2 ./binary/ds_dist_test --graph ./datasets/wiki_wcc.txt --ncpus 2 --saveprefix wiki_1t_test_4m_100000q --num_tree 1 --num_query 100000 --input_file ./datasets/testcases/withreal/wiki_testcases.txt
 0.0  0.0 mpiexec -n 4 --hostfile /home/zlu12/machines ./binary/ds_dist_test --graph ./datasets/wiki_wcc.txt --ncpus 2 --saveprefix wiki_1t_test_4m_100000q --num_tree 1 --num_query 100000 --input_file ./datasets/testcases/withreal/wiki_testcases.txt
 0.0  0.2 ./binary/ds_dist_test --graph ./datasets/wiki_wcc.txt --ncpus 2 --saveprefix wiki_1t_test_4m_100000q --num_tree 1 --num_query 100000 --input_file ./datasets/testcases/withreal/wiki_testcases.txt
 0.0  0.0 mpiexec -n 4 --hostfile /home/zlu12/machines ./binary/ds_dist_test --graph ./datasets/wiki_wcc.txt --ncpus 2 --saveprefix wiki_1t_test_4m_100000q --num_tree 1 --num_query 100000 --input_file ./datasets/testcases/withreal/wiki_testcases.txt
 0.0  0.2 ./binary/ds_dist_test --graph ./datasets/wiki_wcc.txt --ncpus 2 --saveprefix wiki_1t_test_4m_100000q --num_tree 1 --num_query 100000 --input_file ./datasets/testcases/withreal/wiki_testcases.txt
 0.0  0.0 mpiexec -n 4 --hostfile /home/zlu12/machines ./binary/ds_dist_test --graph ./datasets/wiki_wcc.txt --ncpus 2 --saveprefix wiki_1t_test_4m_100000q --num_tree 1 --num_query 100000 --input_file ./datasets/testcases/withreal/wiki_testcases.txt
 0.0  0.2 ./binary/ds_dist_test --graph ./datasets/wiki_wcc.txt --ncpus 2 --saveprefix wiki_1t_test_4m_100000q --num_tree 1 --num_query 100000 --input_file ./datasets/testcases/withreal/wiki_testcases.txt
 0.0  0.0 mpiexec -n 4 --hostfile /home/zlu12/machines ./binary/ds_dist_test --graph ./datasets/wiki_wcc.txt --ncpus 2 --saveprefix wiki_1t_test_4m_100000q --num_tree 1 --num_query 100000 --input_file ./datasets/testcases/withreal/wiki_testcases.txt
 0.0  0.2 ./binary/ds_dist_test --graph ./datasets/wiki_wcc.txt --ncpus 2 --saveprefix wiki_1t_test_4m_100000q --num_tree 1 --num_query 100000 --input_file ./datasets/testcases/withreal/wiki_testcases.txt
 1.0  0.0 mpiexec -n 4 --hostfile /home/zlu12/machines ./binary/ds_dist_test --graph ./datasets/wiki_wcc.txt --ncpus 2 --saveprefix wiki_1t_test_4m_100000q --num_tree 1 --num_query 100000 --input_file ./datasets/testcases/withreal/wiki_testcases.txt
 9.0  0.2 ./binary/ds_dist_test --graph ./datasets/wiki_wcc.txt --ncpus 2 --saveprefix wiki_1t_test_4m_100000q --num_tree 1 --num_query 100000 --input_file ./datasets/testcases/withreal/wiki_testcases.txt
 1.0  0.0 mpiexec -n 4 --hostfile /home/zlu12/machines ./binary/ds_dist_test --graph ./datasets/wiki_wcc.txt --ncpus 2 --saveprefix wiki_1t_test_4m_100000q --num_tree 1 --num_query 100000 --input_file ./datasets/testcases/withreal/wiki_testcases.txt
 9.0  0.2 ./binary/ds_dist_test --graph ./datasets/wiki_wcc.txt --ncpus 2 --saveprefix wiki_1t_test_4m_100000q --num_tree 1 --num_query 100000 --input_file ./datasets/testcases/withreal/wiki_testcases.txt
 1.0  0.0 mpiexec -n 4 --hostfile /home/zlu12/machines ./binary/ds_dist_test --graph ./datasets/wiki_wcc.txt --ncpus 2 --saveprefix wiki_1t_test_4m_100000q --num_tree 1 --num_query 100000 --input_file ./datasets/testcases/withreal/wiki_testcases.txt
 9.0  0.2 ./binary/ds_dist_test --graph ./datasets/wiki_wcc.txt --ncpus 2 --saveprefix wiki_1t_test_4m_100000q --num_tree 1 --num_query 100000 --input_file ./datasets/testcases/withreal/wiki_testcases.txt
 1.0  0.0 mpiexec -n 4 --hostfile /home/zlu12/machines ./binary/ds_dist_test --graph ./datasets/wiki_wcc.txt --ncpus 2 --saveprefix wiki_1t_test_4m_100000q --num_tree 1 --num_query 100000 --input_file ./datasets/testcases/withreal/wiki_testcases.txt
 9.0  0.2 ./binary/ds_dist_test --graph ./datasets/wiki_wcc.txt --ncpus 2 --saveprefix wiki_1t_test_4m_100000q --num_tree 1 --num_query 100000 --input_file ./datasets/testcases/withreal/wiki_testcases.txt
 1.0  0.0 mpiexec -n 4 --hostfile /home/zlu12/machines ./binary/ds_dist_test --graph ./datasets/wiki_wcc.txt --ncpus 2 --saveprefix wiki_1t_test_4m_100000q --num_tree 1 --num_query 100000 --input_file ./datasets/testcases/withreal/wiki_testcases.txt
 9.0  0.2 ./binary/ds_dist_test --graph ./datasets/wiki_wcc.txt --ncpus 2 --saveprefix wiki_1t_test_4m_100000q --num_tree 1 --num_query 100000 --input_file ./datasets/testcases/withreal/wiki_testcases.txt
 1.0  0.0 mpiexec -n 4 --hostfile /home/zlu12/machines ./binary/ds_dist_test --graph ./datasets/wiki_wcc.txt --ncpus 2 --saveprefix wiki_1t_test_4m_100000q --num_tree 1 --num_query 100000 --input_file ./datasets/testcases/withreal/wiki_testcases.txt
 9.0  0.2 ./binary/ds_dist_test --graph ./datasets/wiki_wcc.txt --ncpus 2 --saveprefix wiki_1t_test_4m_100000q --num_tree 1 --num_query 100000 --input_file ./datasets/testcases/withreal/wiki_testcases.txt
 1.0  0.0 mpiexec -n 4 --hostfile /home/zlu12/machines ./binary/ds_dist_test --graph ./datasets/wiki_wcc.txt --ncpus 2 --saveprefix wiki_1t_test_4m_100000q --num_tree 1 --num_query 100000 --input_file ./datasets/testcases/withreal/wiki_testcases.txt
 9.0  0.2 ./binary/ds_dist_test --graph ./datasets/wiki_wcc.txt --ncpus 2 --saveprefix wiki_1t_test_4m_100000q --num_tree 1 --num_query 100000 --input_file ./datasets/testcases/withreal/wiki_testcases.txt
 1.0  0.0 mpiexec -n 4 --hostfile /home/zlu12/machines ./binary/ds_dist_test --graph ./datasets/wiki_wcc.txt --ncpus 2 --saveprefix wiki_1t_test_4m_100000q --num_tree 1 --num_query 100000 --input_file ./datasets/testcases/withreal/wiki_testcases.txt
 9.0  0.2 ./binary/ds_dist_test --graph ./datasets/wiki_wcc.txt --ncpus 2 --saveprefix wiki_1t_test_4m_100000q --num_tree 1 --num_query 100000 --input_file ./datasets/testcases/withreal/wiki_testcases.txt
 1.0  0.0 mpiexec -n 4 --hostfile /home/zlu12/machines ./binary/ds_dist_test --graph ./datasets/wiki_wcc.txt --ncpus 2 --saveprefix wiki_1t_test_4m_100000q --num_tree 1 --num_query 100000 --input_file ./datasets/testcases/withreal/wiki_testcases.txt
 9.0  0.2 ./binary/ds_dist_test --graph ./datasets/wiki_wcc.txt --ncpus 2 --saveprefix wiki_1t_test_4m_100000q --num_tree 1 --num_query 100000 --input_file ./datasets/testcases/withreal/wiki_testcases.txt
 0.5  0.0 mpiexec -n 4 --hostfile /home/zlu12/machines ./binary/ds_dist_test --graph ./datasets/wiki_wcc.txt --ncpus 2 --saveprefix wiki_1t_test_4m_100000q --num_tree 1 --num_query 100000 --input_file ./datasets/testcases/withreal/wiki_testcases.txt
 4.5  0.2 ./binary/ds_dist_test --graph ./datasets/wiki_wcc.txt --ncpus 2 --saveprefix wiki_1t_test_4m_100000q --num_tree 1 --num_query 100000 --input_file ./datasets/testcases/withreal/wiki_testcases.txt
 0.5  0.0 mpiexec -n 4 --hostfile /home/zlu12/machines ./binary/ds_dist_test --graph ./datasets/wiki_wcc.txt --ncpus 2 --saveprefix wiki_1t_test_4m_100000q --num_tree 1 --num_query 100000 --input_file ./datasets/testcases/withreal/wiki_testcases.txt
 4.5  0.2 ./binary/ds_dist_test --graph ./datasets/wiki_wcc.txt --ncpus 2 --saveprefix wiki_1t_test_4m_100000q --num_tree 1 --num_query 100000 --input_file ./datasets/testcases/withreal/wiki_testcases.txt
 0.5  0.0 mpiexec -n 4 --hostfile /home/zlu12/machines ./binary/ds_dist_test --graph ./datasets/wiki_wcc.txt --ncpus 2 --saveprefix wiki_1t_test_4m_100000q --num_tree 1 --num_query 100000 --input_file ./datasets/testcases/withreal/wiki_testcases.txt
 5.0  0.2 ./binary/ds_dist_test --graph ./datasets/wiki_wcc.txt --ncpus 2 --saveprefix wiki_1t_test_4m_100000q --num_tree 1 --num_query 100000 --input_file ./datasets/testcases/withreal/wiki_testcases.txt
 0.5  0.0 mpiexec -n 4 --hostfile /home/zlu12/machines ./binary/ds_dist_test --graph ./datasets/wiki_wcc.txt --ncpus 2 --saveprefix wiki_1t_test_4m_100000q --num_tree 1 --num_query 100000 --input_file ./datasets/testcases/withreal/wiki_testcases.txt
 7.0  0.2 ./binary/ds_dist_test --graph ./datasets/wiki_wcc.txt --ncpus 2 --saveprefix wiki_1t_test_4m_100000q --num_tree 1 --num_query 100000 --input_file ./datasets/testcases/withreal/wiki_testcases.txt
 0.5  0.0 mpiexec -n 4 --hostfile /home/zlu12/machines ./binary/ds_dist_test --graph ./datasets/wiki_wcc.txt --ncpus 2 --saveprefix wiki_1t_test_4m_100000q --num_tree 1 --num_query 100000 --input_file ./datasets/testcases/withreal/wiki_testcases.txt
13.0  0.2 ./binary/ds_dist_test --graph ./datasets/wiki_wcc.txt --ncpus 2 --saveprefix wiki_1t_test_4m_100000q --num_tree 1 --num_query 100000 --input_file ./datasets/testcases/withreal/wiki_testcases.txt
 0.5  0.0 mpiexec -n 4 --hostfile /home/zlu12/machines ./binary/ds_dist_test --graph ./datasets/wiki_wcc.txt --ncpus 2 --saveprefix wiki_1t_test_4m_100000q --num_tree 1 --num_query 100000 --input_file ./datasets/testcases/withreal/wiki_testcases.txt
18.5  0.3 ./binary/ds_dist_test --graph ./datasets/wiki_wcc.txt --ncpus 2 --saveprefix wiki_1t_test_4m_100000q --num_tree 1 --num_query 100000 --input_file ./datasets/testcases/withreal/wiki_testcases.txt
 0.5  0.0 mpiexec -n 4 --hostfile /home/zlu12/machines ./binary/ds_dist_test --graph ./datasets/wiki_wcc.txt --ncpus 2 --saveprefix wiki_1t_test_4m_100000q --num_tree 1 --num_query 100000 --input_file ./datasets/testcases/withreal/wiki_testcases.txt
24.5  0.3 ./binary/ds_dist_test --graph ./datasets/wiki_wcc.txt --ncpus 2 --saveprefix wiki_1t_test_4m_100000q --num_tree 1 --num_query 100000 --input_file ./datasets/testcases/withreal/wiki_testcases.txt
 0.5  0.0 mpiexec -n 4 --hostfile /home/zlu12/machines ./binary/ds_dist_test --graph ./datasets/wiki_wcc.txt --ncpus 2 --saveprefix wiki_1t_test_4m_100000q --num_tree 1 --num_query 100000 --input_file ./datasets/testcases/withreal/wiki_testcases.txt
29.5  0.3 ./binary/ds_dist_test --graph ./datasets/wiki_wcc.txt --ncpus 2 --saveprefix wiki_1t_test_4m_100000q --num_tree 1 --num_query 100000 --input_file ./datasets/testcases/withreal/wiki_testcases.txt
 0.5  0.0 mpiexec -n 4 --hostfile /home/zlu12/machines ./binary/ds_dist_test --graph ./datasets/wiki_wcc.txt --ncpus 2 --saveprefix wiki_1t_test_4m_100000q --num_tree 1 --num_query 100000 --input_file ./datasets/testcases/withreal/wiki_testcases.txt
35.5  0.4 ./binary/ds_dist_test --graph ./datasets/wiki_wcc.txt --ncpus 2 --saveprefix wiki_1t_test_4m_100000q --num_tree 1 --num_query 100000 --input_file ./datasets/testcases/withreal/wiki_testcases.txt
 0.5  0.0 mpiexec -n 4 --hostfile /home/zlu12/machines ./binary/ds_dist_test --graph ./datasets/wiki_wcc.txt --ncpus 2 --saveprefix wiki_1t_test_4m_100000q --num_tree 1 --num_query 100000 --input_file ./datasets/testcases/withreal/wiki_testcases.txt
41.5  0.4 ./binary/ds_dist_test --graph ./datasets/wiki_wcc.txt --ncpus 2 --saveprefix wiki_1t_test_4m_100000q --num_tree 1 --num_query 100000 --input_file ./datasets/testcases/withreal/wiki_testcases.txt
 0.3  0.0 mpiexec -n 4 --hostfile /home/zlu12/machines ./binary/ds_dist_test --graph ./datasets/wiki_wcc.txt --ncpus 2 --saveprefix wiki_1t_test_4m_100000q --num_tree 1 --num_query 100000 --input_file ./datasets/testcases/withreal/wiki_testcases.txt
31.3  0.4 ./binary/ds_dist_test --graph ./datasets/wiki_wcc.txt --ncpus 2 --saveprefix wiki_1t_test_4m_100000q --num_tree 1 --num_query 100000 --input_file ./datasets/testcases/withreal/wiki_testcases.txt
 0.3  0.0 mpiexec -n 4 --hostfile /home/zlu12/machines ./binary/ds_dist_test --graph ./datasets/wiki_wcc.txt --ncpus 2 --saveprefix wiki_1t_test_4m_100000q --num_tree 1 --num_query 100000 --input_file ./datasets/testcases/withreal/wiki_testcases.txt
35.3  0.4 ./binary/ds_dist_test --graph ./datasets/wiki_wcc.txt --ncpus 2 --saveprefix wiki_1t_test_4m_100000q --num_tree 1 --num_query 100000 --input_file ./datasets/testcases/withreal/wiki_testcases.txt
 0.3  0.0 mpiexec -n 4 --hostfile /home/zlu12/machines ./binary/ds_dist_test --graph ./datasets/wiki_wcc.txt --ncpus 2 --saveprefix wiki_1t_test_4m_100000q --num_tree 1 --num_query 100000 --input_file ./datasets/testcases/withreal/wiki_testcases.txt
39.0  0.5 ./binary/ds_dist_test --graph ./datasets/wiki_wcc.txt --ncpus 2 --saveprefix wiki_1t_test_4m_100000q --num_tree 1 --num_query 100000 --input_file ./datasets/testcases/withreal/wiki_testcases.txt
 0.3  0.0 mpiexec -n 4 --hostfile /home/zlu12/machines ./binary/ds_dist_test --graph ./datasets/wiki_wcc.txt --ncpus 2 --saveprefix wiki_1t_test_4m_100000q --num_tree 1 --num_query 100000 --input_file ./datasets/testcases/withreal/wiki_testcases.txt
42.6  0.5 ./binary/ds_dist_test --graph ./datasets/wiki_wcc.txt --ncpus 2 --saveprefix wiki_1t_test_4m_100000q --num_tree 1 --num_query 100000 --input_file ./datasets/testcases/withreal/wiki_testcases.txt
 0.3  0.0 mpiexec -n 4 --hostfile /home/zlu12/machines ./binary/ds_dist_test --graph ./datasets/wiki_wcc.txt --ncpus 2 --saveprefix wiki_1t_test_4m_100000q --num_tree 1 --num_query 100000 --input_file ./datasets/testcases/withreal/wiki_testcases.txt
46.6  0.5 ./binary/ds_dist_test --graph ./datasets/wiki_wcc.txt --ncpus 2 --saveprefix wiki_1t_test_4m_100000q --num_tree 1 --num_query 100000 --input_file ./datasets/testcases/withreal/wiki_testcases.txt
 0.3  0.0 mpiexec -n 4 --hostfile /home/zlu12/machines ./binary/ds_dist_test --graph ./datasets/wiki_wcc.txt --ncpus 2 --saveprefix wiki_1t_test_4m_100000q --num_tree 1 --num_query 100000 --input_file ./datasets/testcases/withreal/wiki_testcases.txt
48.6  0.6 ./binary/ds_dist_test --graph ./datasets/wiki_wcc.txt --ncpus 2 --saveprefix wiki_1t_test_4m_100000q --num_tree 1 --num_query 100000 --input_file ./datasets/testcases/withreal/wiki_testcases.txt
 0.3  0.0 mpiexec -n 4 --hostfile /home/zlu12/machines ./binary/ds_dist_test --graph ./datasets/wiki_wcc.txt --ncpus 2 --saveprefix wiki_1t_test_4m_100000q --num_tree 1 --num_query 100000 --input_file ./datasets/testcases/withreal/wiki_testcases.txt
49.0  0.7 ./binary/ds_dist_test --graph ./datasets/wiki_wcc.txt --ncpus 2 --saveprefix wiki_1t_test_4m_100000q --num_tree 1 --num_query 100000 --input_file ./datasets/testcases/withreal/wiki_testcases.txt
 0.3  0.0 mpiexec -n 4 --hostfile /home/zlu12/machines ./binary/ds_dist_test --graph ./datasets/wiki_wcc.txt --ncpus 2 --saveprefix wiki_1t_test_4m_100000q --num_tree 1 --num_query 100000 --input_file ./datasets/testcases/withreal/wiki_testcases.txt
53.0  1.3 ./binary/ds_dist_test --graph ./datasets/wiki_wcc.txt --ncpus 2 --saveprefix wiki_1t_test_4m_100000q --num_tree 1 --num_query 100000 --input_file ./datasets/testcases/withreal/wiki_testcases.txt
 0.3  0.0 mpiexec -n 4 --hostfile /home/zlu12/machines ./binary/ds_dist_test --graph ./datasets/wiki_wcc.txt --ncpus 2 --saveprefix wiki_1t_test_4m_100000q --num_tree 1 --num_query 100000 --input_file ./datasets/testcases/withreal/wiki_testcases.txt
56.6  1.7 ./binary/ds_dist_test --graph ./datasets/wiki_wcc.txt --ncpus 2 --saveprefix wiki_1t_test_4m_100000q --num_tree 1 --num_query 100000 --input_file ./datasets/testcases/withreal/wiki_testcases.txt
 0.2  0.0 mpiexec -n 4 --hostfile /home/zlu12/machines ./binary/ds_dist_test --graph ./datasets/wiki_wcc.txt --ncpus 2 --saveprefix wiki_1t_test_4m_100000q --num_tree 1 --num_query 100000 --input_file ./datasets/testcases/withreal/wiki_testcases.txt
45.0  2.0 ./binary/ds_dist_test --graph ./datasets/wiki_wcc.txt --ncpus 2 --saveprefix wiki_1t_test_4m_100000q --num_tree 1 --num_query 100000 --input_file ./datasets/testcases/withreal/wiki_testcases.txt
 0.2  0.0 mpiexec -n 4 --hostfile /home/zlu12/machines ./binary/ds_dist_test --graph ./datasets/wiki_wcc.txt --ncpus 2 --saveprefix wiki_1t_test_4m_100000q --num_tree 1 --num_query 100000 --input_file ./datasets/testcases/withreal/wiki_testcases.txt
50.7  2.3 ./binary/ds_dist_test --graph ./datasets/wiki_wcc.txt --ncpus 2 --saveprefix wiki_1t_test_4m_100000q --num_tree 1 --num_query 100000 --input_file ./datasets/testcases/withreal/wiki_testcases.txt
 0.2  0.0 mpiexec -n 4 --hostfile /home/zlu12/machines ./binary/ds_dist_test --graph ./datasets/wiki_wcc.txt --ncpus 2 --saveprefix wiki_1t_test_4m_100000q --num_tree 1 --num_query 100000 --input_file ./datasets/testcases/withreal/wiki_testcases.txt
56.7  2.9 ./binary/ds_dist_test --graph ./datasets/wiki_wcc.txt --ncpus 2 --saveprefix wiki_1t_test_4m_100000q --num_tree 1 --num_query 100000 --input_file ./datasets/testcases/withreal/wiki_testcases.txt
 0.2  0.0 mpiexec -n 4 --hostfile /home/zlu12/machines ./binary/ds_dist_test --graph ./datasets/wiki_wcc.txt --ncpus 2 --saveprefix wiki_1t_test_4m_100000q --num_tree 1 --num_query 100000 --input_file ./datasets/testcases/withreal/wiki_testcases.txt
60.5  2.9 ./binary/ds_dist_test --graph ./datasets/wiki_wcc.txt --ncpus 2 --saveprefix wiki_1t_test_4m_100000q --num_tree 1 --num_query 100000 --input_file ./datasets/testcases/withreal/wiki_testcases.txt
 0.2  0.0 mpiexec -n 4 --hostfile /home/zlu12/machines ./binary/ds_dist_test --graph ./datasets/wiki_wcc.txt --ncpus 2 --saveprefix wiki_1t_test_4m_100000q --num_tree 1 --num_query 100000 --input_file ./datasets/testcases/withreal/wiki_testcases.txt
65.0  2.9 ./binary/ds_dist_test --graph ./datasets/wiki_wcc.txt --ncpus 2 --saveprefix wiki_1t_test_4m_100000q --num_tree 1 --num_query 100000 --input_file ./datasets/testcases/withreal/wiki_testcases.txt
 0.2  0.0 mpiexec -n 4 --hostfile /home/zlu12/machines ./binary/ds_dist_test --graph ./datasets/wiki_wcc.txt --ncpus 2 --saveprefix wiki_1t_test_4m_100000q --num_tree 1 --num_query 100000 --input_file ./datasets/testcases/withreal/wiki_testcases.txt
69.2  3.3 ./binary/ds_dist_test --graph ./datasets/wiki_wcc.txt --ncpus 2 --saveprefix wiki_1t_test_4m_100000q --num_tree 1 --num_query 100000 --input_file ./datasets/testcases/withreal/wiki_testcases.txt
 0.2  0.0 mpiexec -n 4 --hostfile /home/zlu12/machines ./binary/ds_dist_test --graph ./datasets/wiki_wcc.txt --ncpus 2 --saveprefix wiki_1t_test_4m_100000q --num_tree 1 --num_query 100000 --input_file ./datasets/testcases/withreal/wiki_testcases.txt
75.2  4.6 ./binary/ds_dist_test --graph ./datasets/wiki_wcc.txt --ncpus 2 --saveprefix wiki_1t_test_4m_100000q --num_tree 1 --num_query 100000 --input_file ./datasets/testcases/withreal/wiki_testcases.txt
 0.2  0.0 mpiexec -n 4 --hostfile /home/zlu12/machines ./binary/ds_dist_test --graph ./datasets/wiki_wcc.txt --ncpus 2 --saveprefix wiki_1t_test_4m_100000q --num_tree 1 --num_query 100000 --input_file ./datasets/testcases/withreal/wiki_testcases.txt
81.5  5.6 ./binary/ds_dist_test --graph ./datasets/wiki_wcc.txt --ncpus 2 --saveprefix wiki_1t_test_4m_100000q --num_tree 1 --num_query 100000 --input_file ./datasets/testcases/withreal/wiki_testcases.txt
 0.2  0.0 mpiexec -n 4 --hostfile /home/zlu12/machines ./binary/ds_dist_test --graph ./datasets/wiki_wcc.txt --ncpus 2 --saveprefix wiki_1t_test_4m_100000q --num_tree 1 --num_query 100000 --input_file ./datasets/testcases/withreal/wiki_testcases.txt
87.2  5.6 ./binary/ds_dist_test --graph ./datasets/wiki_wcc.txt --ncpus 2 --saveprefix wiki_1t_test_4m_100000q --num_tree 1 --num_query 100000 --input_file ./datasets/testcases/withreal/wiki_testcases.txt
 0.2  0.0 mpiexec -n 4 --hostfile /home/zlu12/machines ./binary/ds_dist_test --graph ./datasets/wiki_wcc.txt --ncpus 2 --saveprefix wiki_1t_test_4m_100000q --num_tree 1 --num_query 100000 --input_file ./datasets/testcases/withreal/wiki_testcases.txt
71.8  5.6 ./binary/ds_dist_test --graph ./datasets/wiki_wcc.txt --ncpus 2 --saveprefix wiki_1t_test_4m_100000q --num_tree 1 --num_query 100000 --input_file ./datasets/testcases/withreal/wiki_testcases.txt
 0.2  0.0 mpiexec -n 4 --hostfile /home/zlu12/machines ./binary/ds_dist_test --graph ./datasets/wiki_wcc.txt --ncpus 2 --saveprefix wiki_1t_test_4m_100000q --num_tree 1 --num_query 100000 --input_file ./datasets/testcases/withreal/wiki_testcases.txt
75.6  5.6 ./binary/ds_dist_test --graph ./datasets/wiki_wcc.txt --ncpus 2 --saveprefix wiki_1t_test_4m_100000q --num_tree 1 --num_query 100000 --input_file ./datasets/testcases/withreal/wiki_testcases.txt
 0.2  0.0 mpiexec -n 4 --hostfile /home/zlu12/machines ./binary/ds_dist_test --graph ./datasets/wiki_wcc.txt --ncpus 2 --saveprefix wiki_1t_test_4m_100000q --num_tree 1 --num_query 100000 --input_file ./datasets/testcases/withreal/wiki_testcases.txt
80.0  5.6 ./binary/ds_dist_test --graph ./datasets/wiki_wcc.txt --ncpus 2 --saveprefix wiki_1t_test_4m_100000q --num_tree 1 --num_query 100000 --input_file ./datasets/testcases/withreal/wiki_testcases.txt
 0.2  0.0 mpiexec -n 4 --hostfile /home/zlu12/machines ./binary/ds_dist_test --graph ./datasets/wiki_wcc.txt --ncpus 2 --saveprefix wiki_1t_test_4m_100000q --num_tree 1 --num_query 100000 --input_file ./datasets/testcases/withreal/wiki_testcases.txt
81.4  5.6 ./binary/ds_dist_test --graph ./datasets/wiki_wcc.txt --ncpus 2 --saveprefix wiki_1t_test_4m_100000q --num_tree 1 --num_query 100000 --input_file ./datasets/testcases/withreal/wiki_testcases.txt
 0.2  0.0 mpiexec -n 4 --hostfile /home/zlu12/machines ./binary/ds_dist_test --graph ./datasets/wiki_wcc.txt --ncpus 2 --saveprefix wiki_1t_test_4m_100000q --num_tree 1 --num_query 100000 --input_file ./datasets/testcases/withreal/wiki_testcases.txt
82.6  5.6 ./binary/ds_dist_test --graph ./datasets/wiki_wcc.txt --ncpus 2 --saveprefix wiki_1t_test_4m_100000q --num_tree 1 --num_query 100000 --input_file ./datasets/testcases/withreal/wiki_testcases.txt
 0.2  0.0 mpiexec -n 4 --hostfile /home/zlu12/machines ./binary/ds_dist_test --graph ./datasets/wiki_wcc.txt --ncpus 2 --saveprefix wiki_1t_test_4m_100000q --num_tree 1 --num_query 100000 --input_file ./datasets/testcases/withreal/wiki_testcases.txt
82.6  5.6 ./binary/ds_dist_test --graph ./datasets/wiki_wcc.txt --ncpus 2 --saveprefix wiki_1t_test_4m_100000q --num_tree 1 --num_query 100000 --input_file ./datasets/testcases/withreal/wiki_testcases.txt
 0.2  0.0 mpiexec -n 4 --hostfile /home/zlu12/machines ./binary/ds_dist_test --graph ./datasets/wiki_wcc.txt --ncpus 2 --saveprefix wiki_1t_test_4m_100000q --num_tree 1 --num_query 100000 --input_file ./datasets/testcases/withreal/wiki_testcases.txt
82.8  5.6 ./binary/ds_dist_test --graph ./datasets/wiki_wcc.txt --ncpus 2 --saveprefix wiki_1t_test_4m_100000q --num_tree 1 --num_query 100000 --input_file ./datasets/testcases/withreal/wiki_testcases.txt
 0.2  0.0 mpiexec -n 4 --hostfile /home/zlu12/machines ./binary/ds_dist_test --graph ./datasets/wiki_wcc.txt --ncpus 2 --saveprefix wiki_1t_test_4m_100000q --num_tree 1 --num_query 100000 --input_file ./datasets/testcases/withreal/wiki_testcases.txt
83.8  6.2 ./binary/ds_dist_test --graph ./datasets/wiki_wcc.txt --ncpus 2 --saveprefix wiki_1t_test_4m_100000q --num_tree 1 --num_query 100000 --input_file ./datasets/testcases/withreal/wiki_testcases.txt
 0.2  0.0 mpiexec -n 4 --hostfile /home/zlu12/machines ./binary/ds_dist_test --graph ./datasets/wiki_wcc.txt --ncpus 2 --saveprefix wiki_1t_test_4m_100000q --num_tree 1 --num_query 100000 --input_file ./datasets/testcases/withreal/wiki_testcases.txt
84.0  6.2 ./binary/ds_dist_test --graph ./datasets/wiki_wcc.txt --ncpus 2 --saveprefix wiki_1t_test_4m_100000q --num_tree 1 --num_query 100000 --input_file ./datasets/testcases/withreal/wiki_testcases.txt
 0.1  0.0 mpiexec -n 4 --hostfile /home/zlu12/machines ./binary/ds_dist_test --graph ./datasets/wiki_wcc.txt --ncpus 2 --saveprefix wiki_1t_test_4m_100000q --num_tree 1 --num_query 100000 --input_file ./datasets/testcases/withreal/wiki_testcases.txt
70.3  6.2 ./binary/ds_dist_test --graph ./datasets/wiki_wcc.txt --ncpus 2 --saveprefix wiki_1t_test_4m_100000q --num_tree 1 --num_query 100000 --input_file ./datasets/testcases/withreal/wiki_testcases.txt
 0.1  0.0 mpiexec -n 4 --hostfile /home/zlu12/machines ./binary/ds_dist_test --graph ./datasets/wiki_wcc.txt --ncpus 2 --saveprefix wiki_1t_test_4m_100000q --num_tree 1 --num_query 100000 --input_file ./datasets/testcases/withreal/wiki_testcases.txt
71.1  6.2 ./binary/ds_dist_test --graph ./datasets/wiki_wcc.txt --ncpus 2 --saveprefix wiki_1t_test_4m_100000q --num_tree 1 --num_query 100000 --input_file ./datasets/testcases/withreal/wiki_testcases.txt
 0.1  0.0 mpiexec -n 4 --hostfile /home/zlu12/machines ./binary/ds_dist_test --graph ./datasets/wiki_wcc.txt --ncpus 2 --saveprefix wiki_1t_test_4m_100000q --num_tree 1 --num_query 100000 --input_file ./datasets/testcases/withreal/wiki_testcases.txt
72.3  6.2 ./binary/ds_dist_test --graph ./datasets/wiki_wcc.txt --ncpus 2 --saveprefix wiki_1t_test_4m_100000q --num_tree 1 --num_query 100000 --input_file ./datasets/testcases/withreal/wiki_testcases.txt
 0.1  0.0 mpiexec -n 4 --hostfile /home/zlu12/machines ./binary/ds_dist_test --graph ./datasets/wiki_wcc.txt --ncpus 2 --saveprefix wiki_1t_test_4m_100000q --num_tree 1 --num_query 100000 --input_file ./datasets/testcases/withreal/wiki_testcases.txt
72.6  6.2 ./binary/ds_dist_test --graph ./datasets/wiki_wcc.txt --ncpus 2 --saveprefix wiki_1t_test_4m_100000q --num_tree 1 --num_query 100000 --input_file ./datasets/testcases/withreal/wiki_testcases.txt
 0.1  0.0 mpiexec -n 4 --hostfile /home/zlu12/machines ./binary/ds_dist_test --graph ./datasets/wiki_wcc.txt --ncpus 2 --saveprefix wiki_1t_test_4m_100000q --num_tree 1 --num_query 100000 --input_file ./datasets/testcases/withreal/wiki_testcases.txt
74.8  6.2 ./binary/ds_dist_test --graph ./datasets/wiki_wcc.txt --ncpus 2 --saveprefix wiki_1t_test_4m_100000q --num_tree 1 --num_query 100000 --input_file ./datasets/testcases/withreal/wiki_testcases.txt
 0.1  0.0 mpiexec -n 4 --hostfile /home/zlu12/machines ./binary/ds_dist_test --graph ./datasets/wiki_wcc.txt --ncpus 2 --saveprefix wiki_1t_test_4m_100000q --num_tree 1 --num_query 100000 --input_file ./datasets/testcases/withreal/wiki_testcases.txt
78.5  6.2 ./binary/ds_dist_test --graph ./datasets/wiki_wcc.txt --ncpus 2 --saveprefix wiki_1t_test_4m_100000q --num_tree 1 --num_query 100000 --input_file ./datasets/testcases/withreal/wiki_testcases.txt
 0.1  0.0 mpiexec -n 4 --hostfile /home/zlu12/machines ./binary/ds_dist_test --graph ./datasets/wiki_wcc.txt --ncpus 2 --saveprefix wiki_1t_test_4m_100000q --num_tree 1 --num_query 100000 --input_file ./datasets/testcases/withreal/wiki_testcases.txt
79.1  6.2 ./binary/ds_dist_test --graph ./datasets/wiki_wcc.txt --ncpus 2 --saveprefix wiki_1t_test_4m_100000q --num_tree 1 --num_query 100000 --input_file ./datasets/testcases/withreal/wiki_testcases.txt
 0.1  0.0 mpiexec -n 4 --hostfile /home/zlu12/machines ./binary/ds_dist_test --graph ./datasets/wiki_wcc.txt --ncpus 2 --saveprefix wiki_1t_test_4m_100000q --num_tree 1 --num_query 100000 --input_file ./datasets/testcases/withreal/wiki_testcases.txt
83.1  6.2 ./binary/ds_dist_test --graph ./datasets/wiki_wcc.txt --ncpus 2 --saveprefix wiki_1t_test_4m_100000q --num_tree 1 --num_query 100000 --input_file ./datasets/testcases/withreal/wiki_testcases.txt
 0.1  0.0 mpiexec -n 4 --hostfile /home/zlu12/machines ./binary/ds_dist_test --graph ./datasets/wiki_wcc.txt --ncpus 2 --saveprefix wiki_1t_test_4m_100000q --num_tree 1 --num_query 100000 --input_file ./datasets/testcases/withreal/wiki_testcases.txt
85.0  6.2 ./binary/ds_dist_test --graph ./datasets/wiki_wcc.txt --ncpus 2 --saveprefix wiki_1t_test_4m_100000q --num_tree 1 --num_query 100000 --input_file ./datasets/testcases/withreal/wiki_testcases.txt
 0.1  0.0 mpiexec -n 4 --hostfile /home/zlu12/machines ./binary/ds_dist_test --graph ./datasets/wiki_wcc.txt --ncpus 2 --saveprefix wiki_1t_test_4m_100000q --num_tree 1 --num_query 100000 --input_file ./datasets/testcases/withreal/wiki_testcases.txt
74.5  6.2 ./binary/ds_dist_test --graph ./datasets/wiki_wcc.txt --ncpus 2 --saveprefix wiki_1t_test_4m_100000q --num_tree 1 --num_query 100000 --input_file ./datasets/testcases/withreal/wiki_testcases.txt
 0.1  0.0 mpiexec -n 4 --hostfile /home/zlu12/machines ./binary/ds_dist_test --graph ./datasets/wiki_wcc.txt --ncpus 2 --saveprefix wiki_1t_test_4m_100000q --num_tree 1 --num_query 100000 --input_file ./datasets/testcases/withreal/wiki_testcases.txt
75.5  6.2 ./binary/ds_dist_test --graph ./datasets/wiki_wcc.txt --ncpus 2 --saveprefix wiki_1t_test_4m_100000q --num_tree 1 --num_query 100000 --input_file ./datasets/testcases/withreal/wiki_testcases.txt
 0.1  0.0 mpiexec -n 4 --hostfile /home/zlu12/machines ./binary/ds_dist_test --graph ./datasets/wiki_wcc.txt --ncpus 2 --saveprefix wiki_1t_test_4m_100000q --num_tree 1 --num_query 100000 --input_file ./datasets/testcases/withreal/wiki_testcases.txt
79.2  6.2 ./binary/ds_dist_test --graph ./datasets/wiki_wcc.txt --ncpus 2 --saveprefix wiki_1t_test_4m_100000q --num_tree 1 --num_query 100000 --input_file ./datasets/testcases/withreal/wiki_testcases.txt
 0.1  0.0 mpiexec -n 4 --hostfile /home/zlu12/machines ./binary/ds_dist_test --graph ./datasets/wiki_wcc.txt --ncpus 2 --saveprefix wiki_1t_test_4m_100000q --num_tree 1 --num_query 100000 --input_file ./datasets/testcases/withreal/wiki_testcases.txt
83.0  6.3 ./binary/ds_dist_test --graph ./datasets/wiki_wcc.txt --ncpus 2 --saveprefix wiki_1t_test_4m_100000q --num_tree 1 --num_query 100000 --input_file ./datasets/testcases/withreal/wiki_testcases.txt
 0.1  0.0 mpiexec -n 4 --hostfile /home/zlu12/machines ./binary/ds_dist_test --graph ./datasets/wiki_wcc.txt --ncpus 2 --saveprefix wiki_1t_test_4m_100000q --num_tree 1 --num_query 100000 --input_file ./datasets/testcases/withreal/wiki_testcases.txt
84.5  6.3 ./binary/ds_dist_test --graph ./datasets/wiki_wcc.txt --ncpus 2 --saveprefix wiki_1t_test_4m_100000q --num_tree 1 --num_query 100000 --input_file ./datasets/testcases/withreal/wiki_testcases.txt
 0.1  0.0 mpiexec -n 4 --hostfile /home/zlu12/machines ./binary/ds_dist_test --graph ./datasets/wiki_wcc.txt --ncpus 2 --saveprefix wiki_1t_test_4m_100000q --num_tree 1 --num_query 100000 --input_file ./datasets/testcases/withreal/wiki_testcases.txt
85.7  6.4 ./binary/ds_dist_test --graph ./datasets/wiki_wcc.txt --ncpus 2 --saveprefix wiki_1t_test_4m_100000q --num_tree 1 --num_query 100000 --input_file ./datasets/testcases/withreal/wiki_testcases.txt
 0.1  0.0 mpiexec -n 4 --hostfile /home/zlu12/machines ./binary/ds_dist_test --graph ./datasets/wiki_wcc.txt --ncpus 2 --saveprefix wiki_1t_test_4m_100000q --num_tree 1 --num_query 100000 --input_file ./datasets/testcases/withreal/wiki_testcases.txt
87.7  6.4 ./binary/ds_dist_test --graph ./datasets/wiki_wcc.txt --ncpus 2 --saveprefix wiki_1t_test_4m_100000q --num_tree 1 --num_query 100000 --input_file ./datasets/testcases/withreal/wiki_testcases.txt
 0.1  0.0 mpiexec -n 4 --hostfile /home/zlu12/machines ./binary/ds_dist_test --graph ./datasets/wiki_wcc.txt --ncpus 2 --saveprefix wiki_1t_test_4m_100000q --num_tree 1 --num_query 100000 --input_file ./datasets/testcases/withreal/wiki_testcases.txt
89.8  6.4 ./binary/ds_dist_test --graph ./datasets/wiki_wcc.txt --ncpus 2 --saveprefix wiki_1t_test_4m_100000q --num_tree 1 --num_query 100000 --input_file ./datasets/testcases/withreal/wiki_testcases.txt
 0.1  0.0 mpiexec -n 4 --hostfile /home/zlu12/machines ./binary/ds_dist_test --graph ./datasets/wiki_wcc.txt --ncpus 2 --saveprefix wiki_1t_test_4m_100000q --num_tree 1 --num_query 100000 --input_file ./datasets/testcases/withreal/wiki_testcases.txt
90.4  6.4 ./binary/ds_dist_test --graph ./datasets/wiki_wcc.txt --ncpus 2 --saveprefix wiki_1t_test_4m_100000q --num_tree 1 --num_query 100000 --input_file ./datasets/testcases/withreal/wiki_testcases.txt
 0.1  0.0 mpiexec -n 4 --hostfile /home/zlu12/machines ./binary/ds_dist_test --graph ./datasets/wiki_wcc.txt --ncpus 2 --saveprefix wiki_1t_test_4m_100000q --num_tree 1 --num_query 100000 --input_file ./datasets/testcases/withreal/wiki_testcases.txt
79.6  6.4 ./binary/ds_dist_test --graph ./datasets/wiki_wcc.txt --ncpus 2 --saveprefix wiki_1t_test_4m_100000q --num_tree 1 --num_query 100000 --input_file ./datasets/testcases/withreal/wiki_testcases.txt
 0.1  0.0 mpiexec -n 4 --hostfile /home/zlu12/machines ./binary/ds_dist_test --graph ./datasets/wiki_wcc.txt --ncpus 2 --saveprefix wiki_1t_test_4m_100000q --num_tree 1 --num_query 100000 --input_file ./datasets/testcases/withreal/wiki_testcases.txt
79.6  6.4 ./binary/ds_dist_test --graph ./datasets/wiki_wcc.txt --ncpus 2 --saveprefix wiki_1t_test_4m_100000q --num_tree 1 --num_query 100000 --input_file ./datasets/testcases/withreal/wiki_testcases.txt
 0.1  0.0 mpiexec -n 4 --hostfile /home/zlu12/machines ./binary/ds_dist_test --graph ./datasets/wiki_wcc.txt --ncpus 2 --saveprefix wiki_1t_test_4m_100000q --num_tree 1 --num_query 100000 --input_file ./datasets/testcases/withreal/wiki_testcases.txt
79.8  6.4 ./binary/ds_dist_test --graph ./datasets/wiki_wcc.txt --ncpus 2 --saveprefix wiki_1t_test_4m_100000q --num_tree 1 --num_query 100000 --input_file ./datasets/testcases/withreal/wiki_testcases.txt
 0.1  0.0 mpiexec -n 4 --hostfile /home/zlu12/machines ./binary/ds_dist_test --graph ./datasets/wiki_wcc.txt --ncpus 2 --saveprefix wiki_1t_test_4m_100000q --num_tree 1 --num_query 100000 --input_file ./datasets/testcases/withreal/wiki_testcases.txt
79.8  6.4 ./binary/ds_dist_test --graph ./datasets/wiki_wcc.txt --ncpus 2 --saveprefix wiki_1t_test_4m_100000q --num_tree 1 --num_query 100000 --input_file ./datasets/testcases/withreal/wiki_testcases.txt
 0.1  0.0 mpiexec -n 4 --hostfile /home/zlu12/machines ./binary/ds_dist_test --graph ./datasets/wiki_wcc.txt --ncpus 2 --saveprefix wiki_1t_test_4m_100000q --num_tree 1 --num_query 100000 --input_file ./datasets/testcases/withreal/wiki_testcases.txt
80.0  6.4 ./binary/ds_dist_test --graph ./datasets/wiki_wcc.txt --ncpus 2 --saveprefix wiki_1t_test_4m_100000q --num_tree 1 --num_query 100000 --input_file ./datasets/testcases/withreal/wiki_testcases.txt
 0.1  0.0 mpiexec -n 4 --hostfile /home/zlu12/machines ./binary/ds_dist_test --graph ./datasets/wiki_wcc.txt --ncpus 2 --saveprefix wiki_1t_test_4m_100000q --num_tree 1 --num_query 100000 --input_file ./datasets/testcases/withreal/wiki_testcases.txt
80.1  6.4 ./binary/ds_dist_test --graph ./datasets/wiki_wcc.txt --ncpus 2 --saveprefix wiki_1t_test_4m_100000q --num_tree 1 --num_query 100000 --input_file ./datasets/testcases/withreal/wiki_testcases.txt
 0.1  0.0 mpiexec -n 4 --hostfile /home/zlu12/machines ./binary/ds_dist_test --graph ./datasets/wiki_wcc.txt --ncpus 2 --saveprefix wiki_1t_test_4m_100000q --num_tree 1 --num_query 100000 --input_file ./datasets/testcases/withreal/wiki_testcases.txt
80.1  6.4 ./binary/ds_dist_test --graph ./datasets/wiki_wcc.txt --ncpus 2 --saveprefix wiki_1t_test_4m_100000q --num_tree 1 --num_query 100000 --input_file ./datasets/testcases/withreal/wiki_testcases.txt
 0.1  0.0 mpiexec -n 4 --hostfile /home/zlu12/machines ./binary/ds_dist_test --graph ./datasets/wiki_wcc.txt --ncpus 2 --saveprefix wiki_1t_test_4m_100000q --num_tree 1 --num_query 100000 --input_file ./datasets/testcases/withreal/wiki_testcases.txt
81.3  6.4 ./binary/ds_dist_test --graph ./datasets/wiki_wcc.txt --ncpus 2 --saveprefix wiki_1t_test_4m_100000q --num_tree 1 --num_query 100000 --input_file ./datasets/testcases/withreal/wiki_testcases.txt
 0.1  0.0 mpiexec -n 4 --hostfile /home/zlu12/machines ./binary/ds_dist_test --graph ./datasets/wiki_wcc.txt --ncpus 2 --saveprefix wiki_1t_test_4m_100000q --num_tree 1 --num_query 100000 --input_file ./datasets/testcases/withreal/wiki_testcases.txt
82.7  6.4 ./binary/ds_dist_test --graph ./datasets/wiki_wcc.txt --ncpus 2 --saveprefix wiki_1t_test_4m_100000q --num_tree 1 --num_query 100000 --input_file ./datasets/testcases/withreal/wiki_testcases.txt
 0.1  0.0 mpiexec -n 4 --hostfile /home/zlu12/machines ./binary/ds_dist_test --graph ./datasets/wiki_wcc.txt --ncpus 2 --saveprefix wiki_1t_test_4m_100000q --num_tree 1 --num_query 100000 --input_file ./datasets/testcases/withreal/wiki_testcases.txt
74.3  6.4 ./binary/ds_dist_test --graph ./datasets/wiki_wcc.txt --ncpus 2 --saveprefix wiki_1t_test_4m_100000q --num_tree 1 --num_query 100000 --input_file ./datasets/testcases/withreal/wiki_testcases.txt
 0.1  0.0 mpiexec -n 4 --hostfile /home/zlu12/machines ./binary/ds_dist_test --graph ./datasets/wiki_wcc.txt --ncpus 2 --saveprefix wiki_1t_test_4m_100000q --num_tree 1 --num_query 100000 --input_file ./datasets/testcases/withreal/wiki_testcases.txt
74.4  6.4 ./binary/ds_dist_test --graph ./datasets/wiki_wcc.txt --ncpus 2 --saveprefix wiki_1t_test_4m_100000q --num_tree 1 --num_query 100000 --input_file ./datasets/testcases/withreal/wiki_testcases.txt
 0.1  0.0 mpiexec -n 4 --hostfile /home/zlu12/machines ./binary/ds_dist_test --graph ./datasets/wiki_wcc.txt --ncpus 2 --saveprefix wiki_1t_test_4m_100000q --num_tree 1 --num_query 100000 --input_file ./datasets/testcases/withreal/wiki_testcases.txt
75.2  6.4 ./binary/ds_dist_test --graph ./datasets/wiki_wcc.txt --ncpus 2 --saveprefix wiki_1t_test_4m_100000q --num_tree 1 --num_query 100000 --input_file ./datasets/testcases/withreal/wiki_testcases.txt
 0.1  0.0 mpiexec -n 4 --hostfile /home/zlu12/machines ./binary/ds_dist_test --graph ./datasets/wiki_wcc.txt --ncpus 2 --saveprefix wiki_1t_test_4m_100000q --num_tree 1 --num_query 100000 --input_file ./datasets/testcases/withreal/wiki_testcases.txt
76.2  6.4 ./binary/ds_dist_test --graph ./datasets/wiki_wcc.txt --ncpus 2 --saveprefix wiki_1t_test_4m_100000q --num_tree 1 --num_query 100000 --input_file ./datasets/testcases/withreal/wiki_testcases.txt
 0.1  0.0 mpiexec -n 4 --hostfile /home/zlu12/machines ./binary/ds_dist_test --graph ./datasets/wiki_wcc.txt --ncpus 2 --saveprefix wiki_1t_test_4m_100000q --num_tree 1 --num_query 100000 --input_file ./datasets/testcases/withreal/wiki_testcases.txt
76.2  6.4 ./binary/ds_dist_test --graph ./datasets/wiki_wcc.txt --ncpus 2 --saveprefix wiki_1t_test_4m_100000q --num_tree 1 --num_query 100000 --input_file ./datasets/testcases/withreal/wiki_testcases.txt
 0.1  0.0 mpiexec -n 4 --hostfile /home/zlu12/machines ./binary/ds_dist_test --graph ./datasets/wiki_wcc.txt --ncpus 2 --saveprefix wiki_1t_test_4m_100000q --num_tree 1 --num_query 100000 --input_file ./datasets/testcases/withreal/wiki_testcases.txt
76.2  6.4 ./binary/ds_dist_test --graph ./datasets/wiki_wcc.txt --ncpus 2 --saveprefix wiki_1t_test_4m_100000q --num_tree 1 --num_query 100000 --input_file ./datasets/testcases/withreal/wiki_testcases.txt
 0.1  0.0 mpiexec -n 4 --hostfile /home/zlu12/machines ./binary/ds_dist_test --graph ./datasets/wiki_wcc.txt --ncpus 2 --saveprefix wiki_1t_test_4m_100000q --num_tree 1 --num_query 100000 --input_file ./datasets/testcases/withreal/wiki_testcases.txt
76.6  6.4 ./binary/ds_dist_test --graph ./datasets/wiki_wcc.txt --ncpus 2 --saveprefix wiki_1t_test_4m_100000q --num_tree 1 --num_query 100000 --input_file ./datasets/testcases/withreal/wiki_testcases.txt
 0.1  0.0 mpiexec -n 4 --hostfile /home/zlu12/machines ./binary/ds_dist_test --graph ./datasets/wiki_wcc.txt --ncpus 2 --saveprefix wiki_1t_test_4m_100000q --num_tree 1 --num_query 100000 --input_file ./datasets/testcases/withreal/wiki_testcases.txt
78.0  6.6 ./binary/ds_dist_test --graph ./datasets/wiki_wcc.txt --ncpus 2 --saveprefix wiki_1t_test_4m_100000q --num_tree 1 --num_query 100000 --input_file ./datasets/testcases/withreal/wiki_testcases.txt
 0.1  0.0 mpiexec -n 4 --hostfile /home/zlu12/machines ./binary/ds_dist_test --graph ./datasets/wiki_wcc.txt --ncpus 2 --saveprefix wiki_1t_test_4m_100000q --num_tree 1 --num_query 100000 --input_file ./datasets/testcases/withreal/wiki_testcases.txt
79.2  6.6 ./binary/ds_dist_test --graph ./datasets/wiki_wcc.txt --ncpus 2 --saveprefix wiki_1t_test_4m_100000q --num_tree 1 --num_query 100000 --input_file ./datasets/testcases/withreal/wiki_testcases.txt
 0.1  0.0 mpiexec -n 4 --hostfile /home/zlu12/machines ./binary/ds_dist_test --graph ./datasets/wiki_wcc.txt --ncpus 2 --saveprefix wiki_1t_test_4m_100000q --num_tree 1 --num_query 100000 --input_file ./datasets/testcases/withreal/wiki_testcases.txt
79.5  6.6 ./binary/ds_dist_test --graph ./datasets/wiki_wcc.txt --ncpus 2 --saveprefix wiki_1t_test_4m_100000q --num_tree 1 --num_query 100000 --input_file ./datasets/testcases/withreal/wiki_testcases.txt
 0.1  0.0 mpiexec -n 4 --hostfile /home/zlu12/machines ./binary/ds_dist_test --graph ./datasets/wiki_wcc.txt --ncpus 2 --saveprefix wiki_1t_test_4m_100000q --num_tree 1 --num_query 100000 --input_file ./datasets/testcases/withreal/wiki_testcases.txt
71.6  6.6 ./binary/ds_dist_test --graph ./datasets/wiki_wcc.txt --ncpus 2 --saveprefix wiki_1t_test_4m_100000q --num_tree 1 --num_query 100000 --input_file ./datasets/testcases/withreal/wiki_testcases.txt
 0.1  0.0 mpiexec -n 4 --hostfile /home/zlu12/machines ./binary/ds_dist_test --graph ./datasets/wiki_wcc.txt --ncpus 2 --saveprefix wiki_1t_test_4m_100000q --num_tree 1 --num_query 100000 --input_file ./datasets/testcases/withreal/wiki_testcases.txt
71.6  6.6 ./binary/ds_dist_test --graph ./datasets/wiki_wcc.txt --ncpus 2 --saveprefix wiki_1t_test_4m_100000q --num_tree 1 --num_query 100000 --input_file ./datasets/testcases/withreal/wiki_testcases.txt
 0.1  0.0 mpiexec -n 4 --hostfile /home/zlu12/machines ./binary/ds_dist_test --graph ./datasets/wiki_wcc.txt --ncpus 2 --saveprefix wiki_1t_test_4m_100000q --num_tree 1 --num_query 100000 --input_file ./datasets/testcases/withreal/wiki_testcases.txt
71.6  6.6 ./binary/ds_dist_test --graph ./datasets/wiki_wcc.txt --ncpus 2 --saveprefix wiki_1t_test_4m_100000q --num_tree 1 --num_query 100000 --input_file ./datasets/testcases/withreal/wiki_testcases.txt
 0.1  0.0 mpiexec -n 4 --hostfile /home/zlu12/machines ./binary/ds_dist_test --graph ./datasets/wiki_wcc.txt --ncpus 2 --saveprefix wiki_1t_test_4m_100000q --num_tree 1 --num_query 100000 --input_file ./datasets/testcases/withreal/wiki_testcases.txt
72.0  6.9 ./binary/ds_dist_test --graph ./datasets/wiki_wcc.txt --ncpus 2 --saveprefix wiki_1t_test_4m_100000q --num_tree 1 --num_query 100000 --input_file ./datasets/testcases/withreal/wiki_testcases.txt
 0.1  0.0 mpiexec -n 4 --hostfile /home/zlu12/machines ./binary/ds_dist_test --graph ./datasets/wiki_wcc.txt --ncpus 2 --saveprefix wiki_1t_test_4m_100000q --num_tree 1 --num_query 100000 --input_file ./datasets/testcases/withreal/wiki_testcases.txt
72.0  6.9 ./binary/ds_dist_test --graph ./datasets/wiki_wcc.txt --ncpus 2 --saveprefix wiki_1t_test_4m_100000q --num_tree 1 --num_query 100000 --input_file ./datasets/testcases/withreal/wiki_testcases.txt
 0.1  0.0 mpiexec -n 4 --hostfile /home/zlu12/machines ./binary/ds_dist_test --graph ./datasets/wiki_wcc.txt --ncpus 2 --saveprefix wiki_1t_test_4m_100000q --num_tree 1 --num_query 100000 --input_file ./datasets/testcases/withreal/wiki_testcases.txt
72.8  6.9 ./binary/ds_dist_test --graph ./datasets/wiki_wcc.txt --ncpus 2 --saveprefix wiki_1t_test_4m_100000q --num_tree 1 --num_query 100000 --input_file ./datasets/testcases/withreal/wiki_testcases.txt
 0.1  0.0 mpiexec -n 4 --hostfile /home/zlu12/machines ./binary/ds_dist_test --graph ./datasets/wiki_wcc.txt --ncpus 2 --saveprefix wiki_1t_test_4m_100000q --num_tree 1 --num_query 100000 --input_file ./datasets/testcases/withreal/wiki_testcases.txt
73.4  6.9 ./binary/ds_dist_test --graph ./datasets/wiki_wcc.txt --ncpus 2 --saveprefix wiki_1t_test_4m_100000q --num_tree 1 --num_query 100000 --input_file ./datasets/testcases/withreal/wiki_testcases.txt
 0.1  0.0 mpiexec -n 4 --hostfile /home/zlu12/machines ./binary/ds_dist_test --graph ./datasets/wiki_wcc.txt --ncpus 2 --saveprefix wiki_1t_test_4m_100000q --num_tree 1 --num_query 100000 --input_file ./datasets/testcases/withreal/wiki_testcases.txt
74.1  6.9 ./binary/ds_dist_test --graph ./datasets/wiki_wcc.txt --ncpus 2 --saveprefix wiki_1t_test_4m_100000q --num_tree 1 --num_query 100000 --input_file ./datasets/testcases/withreal/wiki_testcases.txt
 0.1  0.0 mpiexec -n 4 --hostfile /home/zlu12/machines ./binary/ds_dist_test --graph ./datasets/wiki_wcc.txt --ncpus 2 --saveprefix wiki_1t_test_4m_100000q --num_tree 1 --num_query 100000 --input_file ./datasets/testcases/withreal/wiki_testcases.txt
75.5  6.9 ./binary/ds_dist_test --graph ./datasets/wiki_wcc.txt --ncpus 2 --saveprefix wiki_1t_test_4m_100000q --num_tree 1 --num_query 100000 --input_file ./datasets/testcases/withreal/wiki_testcases.txt
 0.0  0.0 mpiexec -n 4 --hostfile /home/zlu12/machines ./binary/ds_dist_test --graph ./datasets/wiki_wcc.txt --ncpus 2 --saveprefix wiki_1t_test_4m_100000q --num_tree 1 --num_query 100000 --input_file ./datasets/testcases/withreal/wiki_testcases.txt
70.0  6.9 ./binary/ds_dist_test --graph ./datasets/wiki_wcc.txt --ncpus 2 --saveprefix wiki_1t_test_4m_100000q --num_tree 1 --num_query 100000 --input_file ./datasets/testcases/withreal/wiki_testcases.txt
 0.0  0.0 mpiexec -n 4 --hostfile /home/zlu12/machines ./binary/ds_dist_test --graph ./datasets/wiki_wcc.txt --ncpus 2 --saveprefix wiki_1t_test_4m_100000q --num_tree 1 --num_query 100000 --input_file ./datasets/testcases/withreal/wiki_testcases.txt
72.0  6.9 ./binary/ds_dist_test --graph ./datasets/wiki_wcc.txt --ncpus 2 --saveprefix wiki_1t_test_4m_100000q --num_tree 1 --num_query 100000 --input_file ./datasets/testcases/withreal/wiki_testcases.txt
 0.0  0.0 mpiexec -n 4 --hostfile /home/zlu12/machines ./binary/ds_dist_test --graph ./datasets/wiki_wcc.txt --ncpus 2 --saveprefix wiki_1t_test_4m_100000q --num_tree 1 --num_query 100000 --input_file ./datasets/testcases/withreal/wiki_testcases.txt
74.0  6.9 ./binary/ds_dist_test --graph ./datasets/wiki_wcc.txt --ncpus 2 --saveprefix wiki_1t_test_4m_100000q --num_tree 1 --num_query 100000 --input_file ./datasets/testcases/withreal/wiki_testcases.txt
 0.0  0.0 mpiexec -n 4 --hostfile /home/zlu12/machines ./binary/ds_dist_test --graph ./datasets/wiki_wcc.txt --ncpus 2 --saveprefix wiki_1t_test_4m_100000q --num_tree 1 --num_query 100000 --input_file ./datasets/testcases/withreal/wiki_testcases.txt
76.9  6.9 ./binary/ds_dist_test --graph ./datasets/wiki_wcc.txt --ncpus 2 --saveprefix wiki_1t_test_4m_100000q --num_tree 1 --num_query 100000 --input_file ./datasets/testcases/withreal/wiki_testcases.txt
 0.0  0.0 mpiexec -n 4 --hostfile /home/zlu12/machines ./binary/ds_dist_test --graph ./datasets/wiki_wcc.txt --ncpus 2 --saveprefix wiki_1t_test_4m_100000q --num_tree 1 --num_query 100000 --input_file ./datasets/testcases/withreal/wiki_testcases.txt
78.9  6.9 ./binary/ds_dist_test --graph ./datasets/wiki_wcc.txt --ncpus 2 --saveprefix wiki_1t_test_4m_100000q --num_tree 1 --num_query 100000 --input_file ./datasets/testcases/withreal/wiki_testcases.txt
 0.0  0.0 mpiexec -n 4 --hostfile /home/zlu12/machines ./binary/ds_dist_test --graph ./datasets/wiki_wcc.txt --ncpus 2 --saveprefix wiki_1t_test_4m_100000q --num_tree 1 --num_query 100000 --input_file ./datasets/testcases/withreal/wiki_testcases.txt
80.9  6.9 ./binary/ds_dist_test --graph ./datasets/wiki_wcc.txt --ncpus 2 --saveprefix wiki_1t_test_4m_100000q --num_tree 1 --num_query 100000 --input_file ./datasets/testcases/withreal/wiki_testcases.txt
 0.0  0.0 mpiexec -n 4 --hostfile /home/zlu12/machines ./binary/ds_dist_test --graph ./datasets/wiki_wcc.txt --ncpus 2 --saveprefix wiki_1t_test_4m_100000q --num_tree 1 --num_query 100000 --input_file ./datasets/testcases/withreal/wiki_testcases.txt
82.9  6.9 ./binary/ds_dist_test --graph ./datasets/wiki_wcc.txt --ncpus 2 --saveprefix wiki_1t_test_4m_100000q --num_tree 1 --num_query 100000 --input_file ./datasets/testcases/withreal/wiki_testcases.txt
 0.0  0.0 mpiexec -n 4 --hostfile /home/zlu12/machines ./binary/ds_dist_test --graph ./datasets/wiki_wcc.txt --ncpus 2 --saveprefix wiki_1t_test_4m_100000q --num_tree 1 --num_query 100000 --input_file ./datasets/testcases/withreal/wiki_testcases.txt
84.9  6.9 ./binary/ds_dist_test --graph ./datasets/wiki_wcc.txt --ncpus 2 --saveprefix wiki_1t_test_4m_100000q --num_tree 1 --num_query 100000 --input_file ./datasets/testcases/withreal/wiki_testcases.txt
 0.0  0.0 mpiexec -n 4 --hostfile /home/zlu12/machines ./binary/ds_dist_test --graph ./datasets/wiki_wcc.txt --ncpus 2 --saveprefix wiki_1t_test_4m_100000q --num_tree 1 --num_query 100000 --input_file ./datasets/testcases/withreal/wiki_testcases.txt
79.6  6.9 ./binary/ds_dist_test --graph ./datasets/wiki_wcc.txt --ncpus 2 --saveprefix wiki_1t_test_4m_100000q --num_tree 1 --num_query 100000 --input_file ./datasets/testcases/withreal/wiki_testcases.txt
 0.0  0.0 mpiexec -n 4 --hostfile /home/zlu12/machines ./binary/ds_dist_test --graph ./datasets/wiki_wcc.txt --ncpus 2 --saveprefix wiki_1t_test_4m_100000q --num_tree 1 --num_query 100000 --input_file ./datasets/testcases/withreal/wiki_testcases.txt
81.4  6.9 ./binary/ds_dist_test --graph ./datasets/wiki_wcc.txt --ncpus 2 --saveprefix wiki_1t_test_4m_100000q --num_tree 1 --num_query 100000 --input_file ./datasets/testcases/withreal/wiki_testcases.txt
 0.0  0.0 mpiexec -n 4 --hostfile /home/zlu12/machines ./binary/ds_dist_test --graph ./datasets/wiki_wcc.txt --ncpus 2 --saveprefix wiki_1t_test_4m_100000q --num_tree 1 --num_query 100000 --input_file ./datasets/testcases/withreal/wiki_testcases.txt
82.8  6.9 ./binary/ds_dist_test --graph ./datasets/wiki_wcc.txt --ncpus 2 --saveprefix wiki_1t_test_4m_100000q --num_tree 1 --num_query 100000 --input_file ./datasets/testcases/withreal/wiki_testcases.txt
 0.0  0.0 mpiexec -n 4 --hostfile /home/zlu12/machines ./binary/ds_dist_test --graph ./datasets/wiki_wcc.txt --ncpus 2 --saveprefix wiki_1t_test_4m_100000q --num_tree 1 --num_query 100000 --input_file ./datasets/testcases/withreal/wiki_testcases.txt
84.2  6.9 ./binary/ds_dist_test --graph ./datasets/wiki_wcc.txt --ncpus 2 --saveprefix wiki_1t_test_4m_100000q --num_tree 1 --num_query 100000 --input_file ./datasets/testcases/withreal/wiki_testcases.txt
 0.0  0.0 mpiexec -n 4 --hostfile /home/zlu12/machines ./binary/ds_dist_test --graph ./datasets/wiki_wcc.txt --ncpus 2 --saveprefix wiki_1t_test_4m_100000q --num_tree 1 --num_query 100000 --input_file ./datasets/testcases/withreal/wiki_testcases.txt
85.1  6.9 ./binary/ds_dist_test --graph ./datasets/wiki_wcc.txt --ncpus 2 --saveprefix wiki_1t_test_4m_100000q --num_tree 1 --num_query 100000 --input_file ./datasets/testcases/withreal/wiki_testcases.txt
 0.0  0.0 mpiexec -n 4 --hostfile /home/zlu12/machines ./binary/ds_dist_test --graph ./datasets/wiki_wcc.txt --ncpus 2 --saveprefix wiki_1t_test_4m_100000q --num_tree 1 --num_query 100000 --input_file ./datasets/testcases/withreal/wiki_testcases.txt
87.1  6.9 ./binary/ds_dist_test --graph ./datasets/wiki_wcc.txt --ncpus 2 --saveprefix wiki_1t_test_4m_100000q --num_tree 1 --num_query 100000 --input_file ./datasets/testcases/withreal/wiki_testcases.txt
 0.0  0.0 mpiexec -n 4 --hostfile /home/zlu12/machines ./binary/ds_dist_test --graph ./datasets/wiki_wcc.txt --ncpus 2 --saveprefix wiki_1t_test_4m_100000q --num_tree 1 --num_query 100000 --input_file ./datasets/testcases/withreal/wiki_testcases.txt
88.0  6.9 ./binary/ds_dist_test --graph ./datasets/wiki_wcc.txt --ncpus 2 --saveprefix wiki_1t_test_4m_100000q --num_tree 1 --num_query 100000 --input_file ./datasets/testcases/withreal/wiki_testcases.txt
 0.0  0.0 mpiexec -n 4 --hostfile /home/zlu12/machines ./binary/ds_dist_test --graph ./datasets/wiki_wcc.txt --ncpus 2 --saveprefix wiki_1t_test_4m_100000q --num_tree 1 --num_query 100000 --input_file ./datasets/testcases/withreal/wiki_testcases.txt
89.0  7.0 ./binary/ds_dist_test --graph ./datasets/wiki_wcc.txt --ncpus 2 --saveprefix wiki_1t_test_4m_100000q --num_tree 1 --num_query 100000 --input_file ./datasets/testcases/withreal/wiki_testcases.txt
 0.0  0.0 mpiexec -n 4 --hostfile /home/zlu12/machines ./binary/ds_dist_test --graph ./datasets/wiki_wcc.txt --ncpus 2 --saveprefix wiki_1t_test_4m_100000q --num_tree 1 --num_query 100000 --input_file ./datasets/testcases/withreal/wiki_testcases.txt
90.8  7.0 ./binary/ds_dist_test --graph ./datasets/wiki_wcc.txt --ncpus 2 --saveprefix wiki_1t_test_4m_100000q --num_tree 1 --num_query 100000 --input_file ./datasets/testcases/withreal/wiki_testcases.txt
 0.0  0.0 mpiexec -n 4 --hostfile /home/zlu12/machines ./binary/ds_dist_test --graph ./datasets/wiki_wcc.txt --ncpus 2 --saveprefix wiki_1t_test_4m_100000q --num_tree 1 --num_query 100000 --input_file ./datasets/testcases/withreal/wiki_testcases.txt
92.0  7.0 ./binary/ds_dist_test --graph ./datasets/wiki_wcc.txt --ncpus 2 --saveprefix wiki_1t_test_4m_100000q --num_tree 1 --num_query 100000 --input_file ./datasets/testcases/withreal/wiki_testcases.txt
 0.0  0.0 mpiexec -n 4 --hostfile /home/zlu12/machines ./binary/ds_dist_test --graph ./datasets/wiki_wcc.txt --ncpus 2 --saveprefix wiki_1t_test_4m_100000q --num_tree 1 --num_query 100000 --input_file ./datasets/testcases/withreal/wiki_testcases.txt
86.6  7.0 ./binary/ds_dist_test --graph ./datasets/wiki_wcc.txt --ncpus 2 --saveprefix wiki_1t_test_4m_100000q --num_tree 1 --num_query 100000 --input_file ./datasets/testcases/withreal/wiki_testcases.txt
 0.0  0.0 mpiexec -n 4 --hostfile /home/zlu12/machines ./binary/ds_dist_test --graph ./datasets/wiki_wcc.txt --ncpus 2 --saveprefix wiki_1t_test_4m_100000q --num_tree 1 --num_query 100000 --input_file ./datasets/testcases/withreal/wiki_testcases.txt
88.4  7.0 ./binary/ds_dist_test --graph ./datasets/wiki_wcc.txt --ncpus 2 --saveprefix wiki_1t_test_4m_100000q --num_tree 1 --num_query 100000 --input_file ./datasets/testcases/withreal/wiki_testcases.txt
 0.0  0.0 mpiexec -n 4 --hostfile /home/zlu12/machines ./binary/ds_dist_test --graph ./datasets/wiki_wcc.txt --ncpus 2 --saveprefix wiki_1t_test_4m_100000q --num_tree 1 --num_query 100000 --input_file ./datasets/testcases/withreal/wiki_testcases.txt
90.2  7.0 ./binary/ds_dist_test --graph ./datasets/wiki_wcc.txt --ncpus 2 --saveprefix wiki_1t_test_4m_100000q --num_tree 1 --num_query 100000 --input_file ./datasets/testcases/withreal/wiki_testcases.txt
 0.0  0.0 mpiexec -n 4 --hostfile /home/zlu12/machines ./binary/ds_dist_test --graph ./datasets/wiki_wcc.txt --ncpus 2 --saveprefix wiki_1t_test_4m_100000q --num_tree 1 --num_query 100000 --input_file ./datasets/testcases/withreal/wiki_testcases.txt
91.0  7.0 ./binary/ds_dist_test --graph ./datasets/wiki_wcc.txt --ncpus 2 --saveprefix wiki_1t_test_4m_100000q --num_tree 1 --num_query 100000 --input_file ./datasets/testcases/withreal/wiki_testcases.txt
 0.0  0.0 mpiexec -n 4 --hostfile /home/zlu12/machines ./binary/ds_dist_test --graph ./datasets/wiki_wcc.txt --ncpus 2 --saveprefix wiki_1t_test_4m_100000q --num_tree 1 --num_query 100000 --input_file ./datasets/testcases/withreal/wiki_testcases.txt
91.6  7.0 ./binary/ds_dist_test --graph ./datasets/wiki_wcc.txt --ncpus 2 --saveprefix wiki_1t_test_4m_100000q --num_tree 1 --num_query 100000 --input_file ./datasets/testcases/withreal/wiki_testcases.txt
 0.0  0.0 mpiexec -n 4 --hostfile /home/zlu12/machines ./binary/ds_dist_test --graph ./datasets/wiki_wcc.txt --ncpus 2 --saveprefix wiki_1t_test_4m_100000q --num_tree 1 --num_query 100000 --input_file ./datasets/testcases/withreal/wiki_testcases.txt
92.1  7.0 ./binary/ds_dist_test --graph ./datasets/wiki_wcc.txt --ncpus 2 --saveprefix wiki_1t_test_4m_100000q --num_tree 1 --num_query 100000 --input_file ./datasets/testcases/withreal/wiki_testcases.txt
 0.0  0.0 mpiexec -n 4 --hostfile /home/zlu12/machines ./binary/ds_dist_test --graph ./datasets/wiki_wcc.txt --ncpus 2 --saveprefix wiki_1t_test_4m_100000q --num_tree 1 --num_query 100000 --input_file ./datasets/testcases/withreal/wiki_testcases.txt
92.3  7.0 ./binary/ds_dist_test --graph ./datasets/wiki_wcc.txt --ncpus 2 --saveprefix wiki_1t_test_4m_100000q --num_tree 1 --num_query 100000 --input_file ./datasets/testcases/withreal/wiki_testcases.txt
 0.0  0.0 mpiexec -n 4 --hostfile /home/zlu12/machines ./binary/ds_dist_test --graph ./datasets/wiki_wcc.txt --ncpus 2 --saveprefix wiki_1t_test_4m_100000q --num_tree 1 --num_query 100000 --input_file ./datasets/testcases/withreal/wiki_testcases.txt
92.4  7.0 ./binary/ds_dist_test --graph ./datasets/wiki_wcc.txt --ncpus 2 --saveprefix wiki_1t_test_4m_100000q --num_tree 1 --num_query 100000 --input_file ./datasets/testcases/withreal/wiki_testcases.txt
 0.0  0.0 mpiexec -n 4 --hostfile /home/zlu12/machines ./binary/ds_dist_test --graph ./datasets/wiki_wcc.txt --ncpus 2 --saveprefix wiki_1t_test_4m_100000q --num_tree 1 --num_query 100000 --input_file ./datasets/testcases/withreal/wiki_testcases.txt
92.5  7.0 ./binary/ds_dist_test --graph ./datasets/wiki_wcc.txt --ncpus 2 --saveprefix wiki_1t_test_4m_100000q --num_tree 1 --num_query 100000 --input_file ./datasets/testcases/withreal/wiki_testcases.txt
 0.0  0.0 mpiexec -n 4 --hostfile /home/zlu12/machines ./binary/ds_dist_test --graph ./datasets/wiki_wcc.txt --ncpus 2 --saveprefix wiki_1t_test_4m_100000q --num_tree 1 --num_query 100000 --input_file ./datasets/testcases/withreal/wiki_testcases.txt
86.0  7.0 ./binary/ds_dist_test --graph ./datasets/wiki_wcc.txt --ncpus 2 --saveprefix wiki_1t_test_4m_100000q --num_tree 1 --num_query 100000 --input_file ./datasets/testcases/withreal/wiki_testcases.txt
 0.0  0.0 mpiexec -n 4 --hostfile /home/zlu12/machines ./binary/ds_dist_test --graph ./datasets/wiki_wcc.txt --ncpus 2 --saveprefix wiki_1t_test_4m_100000q --num_tree 1 --num_query 100000 --input_file ./datasets/testcases/withreal/wiki_testcases.txt
86.0  7.0 ./binary/ds_dist_test --graph ./datasets/wiki_wcc.txt --ncpus 2 --saveprefix wiki_1t_test_4m_100000q --num_tree 1 --num_query 100000 --input_file ./datasets/testcases/withreal/wiki_testcases.txt
 0.0  0.0 mpiexec -n 4 --hostfile /home/zlu12/machines ./binary/ds_dist_test --graph ./datasets/wiki_wcc.txt --ncpus 2 --saveprefix wiki_1t_test_4m_100000q --num_tree 1 --num_query 100000 --input_file ./datasets/testcases/withreal/wiki_testcases.txt
86.5  7.2 ./binary/ds_dist_test --graph ./datasets/wiki_wcc.txt --ncpus 2 --saveprefix wiki_1t_test_4m_100000q --num_tree 1 --num_query 100000 --input_file ./datasets/testcases/withreal/wiki_testcases.txt
 0.0  0.0 mpiexec -n 4 --hostfile /home/zlu12/machines ./binary/ds_dist_test --graph ./datasets/wiki_wcc.txt --ncpus 2 --saveprefix wiki_1t_test_4m_100000q --num_tree 1 --num_query 100000 --input_file ./datasets/testcases/withreal/wiki_testcases.txt
87.2  7.3 ./binary/ds_dist_test --graph ./datasets/wiki_wcc.txt --ncpus 2 --saveprefix wiki_1t_test_4m_100000q --num_tree 1 --num_query 100000 --input_file ./datasets/testcases/withreal/wiki_testcases.txt
 0.0  0.0 mpiexec -n 4 --hostfile /home/zlu12/machines ./binary/ds_dist_test --graph ./datasets/wiki_wcc.txt --ncpus 2 --saveprefix wiki_1t_test_4m_100000q --num_tree 1 --num_query 100000 --input_file ./datasets/testcases/withreal/wiki_testcases.txt
88.0  7.3 ./binary/ds_dist_test --graph ./datasets/wiki_wcc.txt --ncpus 2 --saveprefix wiki_1t_test_4m_100000q --num_tree 1 --num_query 100000 --input_file ./datasets/testcases/withreal/wiki_testcases.txt
 0.0  0.0 mpiexec -n 4 --hostfile /home/zlu12/machines ./binary/ds_dist_test --graph ./datasets/wiki_wcc.txt --ncpus 2 --saveprefix wiki_1t_test_4m_100000q --num_tree 1 --num_query 100000 --input_file ./datasets/testcases/withreal/wiki_testcases.txt
88.7  7.3 ./binary/ds_dist_test --graph ./datasets/wiki_wcc.txt --ncpus 2 --saveprefix wiki_1t_test_4m_100000q --num_tree 1 --num_query 100000 --input_file ./datasets/testcases/withreal/wiki_testcases.txt
 0.0  0.0 mpiexec -n 4 --hostfile /home/zlu12/machines ./binary/ds_dist_test --graph ./datasets/wiki_wcc.txt --ncpus 2 --saveprefix wiki_1t_test_4m_100000q --num_tree 1 --num_query 100000 --input_file ./datasets/testcases/withreal/wiki_testcases.txt
89.5  7.3 ./binary/ds_dist_test --graph ./datasets/wiki_wcc.txt --ncpus 2 --saveprefix wiki_1t_test_4m_100000q --num_tree 1 --num_query 100000 --input_file ./datasets/testcases/withreal/wiki_testcases.txt
