%CPU %MEM ARGS Mon Mar  7 13:32:04 CST 2016
 0.0  0.0 rsync -e ssh -o StrictHostKeyChecking=no -i /home/zlu12/.ssh/id_rsa -avz --exclude *.make --exclude *.cmake --exclude *.internal --exclude *.includecache --exclude *.o com1379:/home/zlu12/PowerGraph/release/apps/ds_dist/ /home/zlu12/PowerGraph/release/apps/ds_dist
 0.0  0.0 ssh -o StrictHostKeyChecking=no -i /home/zlu12/.ssh/id_rsa com1379 rsync --server --sender -vlogDtprze.iLs . /home/zlu12/PowerGraph/release/apps/ds_dist/
 0.0  0.0 rsync -e ssh -o StrictHostKeyChecking=no -i /home/zlu12/.ssh/id_rsa -avz --exclude *.make --exclude *.cmake --exclude *.internal --exclude *.includecache --exclude *.o com1379:/home/zlu12/PowerGraph/release/apps/ds_dist/ /home/zlu12/PowerGraph/release/apps/ds_dist
 0.0  0.0 ssh -o StrictHostKeyChecking=no -i /home/zlu12/.ssh/id_rsa com1379 rsync --server --sender -vlogDtprze.iLs . /home/zlu12/PowerGraph/release/apps/ds_dist/
 0.0  0.0 rsync -e ssh -o StrictHostKeyChecking=no -i /home/zlu12/.ssh/id_rsa -avz --exclude *.make --exclude *.cmake --exclude *.internal --exclude *.includecache --exclude *.o com1379:/home/zlu12/PowerGraph/release/apps/ds_dist/ /home/zlu12/PowerGraph/release/apps/ds_dist
 0.0  0.0 ssh -o StrictHostKeyChecking=no -i /home/zlu12/.ssh/id_rsa com1379 rsync --server --sender -vlogDtprze.iLs . /home/zlu12/PowerGraph/release/apps/ds_dist/
 0.0  0.0 rsync -e ssh -o StrictHostKeyChecking=no -i /home/zlu12/.ssh/id_rsa -avz --exclude *.make --exclude *.cmake --exclude *.internal --exclude *.includecache --exclude *.o com1379:/home/zlu12/PowerGraph/release/apps/ds_dist/ /home/zlu12/PowerGraph/release/apps/ds_dist
11.0  0.0 rsync -e ssh -o StrictHostKeyChecking=no -i /home/zlu12/.ssh/id_rsa -avz --exclude *.make --exclude *.cmake --exclude *.internal --exclude *.includecache --exclude *.o com1379:/home/zlu12/PowerGraph/release/apps/ds_dist/ /home/zlu12/PowerGraph/release/apps/ds_dist
 1.0  0.0 ssh -o StrictHostKeyChecking=no -i /home/zlu12/.ssh/id_rsa com1379 rsync --server --sender -vlogDtprze.iLs . /home/zlu12/PowerGraph/release/apps/ds_dist/
 0.0  0.0 rsync -e ssh -o StrictHostKeyChecking=no -i /home/zlu12/.ssh/id_rsa -avz --exclude *.make --exclude *.cmake --exclude *.internal --exclude *.includecache --exclude *.o com1379:/home/zlu12/PowerGraph/release/apps/ds_dist/ /home/zlu12/PowerGraph/release/apps/ds_dist
16.0  0.0 rsync -e ssh -o StrictHostKeyChecking=no -i /home/zlu12/.ssh/id_rsa -avz --exclude *.make --exclude *.cmake --exclude *.internal --exclude *.includecache --exclude *.o com1379:/home/zlu12/PowerGraph/release/apps/ds_dist/ /home/zlu12/PowerGraph/release/apps/ds_dist
 1.0  0.0 ssh -o StrictHostKeyChecking=no -i /home/zlu12/.ssh/id_rsa com1379 rsync --server --sender -vlogDtprze.iLs . /home/zlu12/PowerGraph/release/apps/ds_dist/
 0.0  0.0 rsync -e ssh -o StrictHostKeyChecking=no -i /home/zlu12/.ssh/id_rsa -avz --exclude *.make --exclude *.cmake --exclude *.internal --exclude *.includecache --exclude *.o com1379:/home/zlu12/PowerGraph/release/apps/ds_dist/ /home/zlu12/PowerGraph/release/apps/ds_dist
19.0  0.0 rsync -e ssh -o StrictHostKeyChecking=no -i /home/zlu12/.ssh/id_rsa -avz --exclude *.make --exclude *.cmake --exclude *.internal --exclude *.includecache --exclude *.o com1379:/home/zlu12/PowerGraph/release/apps/ds_dist/ /home/zlu12/PowerGraph/release/apps/ds_dist
 2.0  0.0 ssh -o StrictHostKeyChecking=no -i /home/zlu12/.ssh/id_rsa com1379 rsync --server --sender -vlogDtprze.iLs . /home/zlu12/PowerGraph/release/apps/ds_dist/
 0.0  0.0 rsync -e ssh -o StrictHostKeyChecking=no -i /home/zlu12/.ssh/id_rsa -avz --exclude *.make --exclude *.cmake --exclude *.internal --exclude *.includecache --exclude *.o com1379:/home/zlu12/PowerGraph/release/apps/ds_dist/ /home/zlu12/PowerGraph/release/apps/ds_dist
19.0  0.0 rsync -e ssh -o StrictHostKeyChecking=no -i /home/zlu12/.ssh/id_rsa -avz --exclude *.make --exclude *.cmake --exclude *.internal --exclude *.includecache --exclude *.o com1379:/home/zlu12/PowerGraph/release/apps/ds_dist/ /home/zlu12/PowerGraph/release/apps/ds_dist
 2.0  0.0 ssh -o StrictHostKeyChecking=no -i /home/zlu12/.ssh/id_rsa com1379 rsync --server --sender -vlogDtprze.iLs . /home/zlu12/PowerGraph/release/apps/ds_dist/
 2.0  0.0 rsync -e ssh -o StrictHostKeyChecking=no -i /home/zlu12/.ssh/id_rsa -avz --exclude *.make --exclude *.cmake --exclude *.internal --exclude *.includecache --exclude *.o com1379:/home/zlu12/PowerGraph/release/apps/ds_dist/ /home/zlu12/PowerGraph/release/apps/ds_dist
19.0  0.0 rsync -e ssh -o StrictHostKeyChecking=no -i /home/zlu12/.ssh/id_rsa -avz --exclude *.make --exclude *.cmake --exclude *.internal --exclude *.includecache --exclude *.o com1379:/home/zlu12/PowerGraph/release/apps/ds_dist/ /home/zlu12/PowerGraph/release/apps/ds_dist
 2.0  0.0 ssh -o StrictHostKeyChecking=no -i /home/zlu12/.ssh/id_rsa com1379 rsync --server --sender -vlogDtprze.iLs . /home/zlu12/PowerGraph/release/apps/ds_dist/
 4.0  0.0 rsync -e ssh -o StrictHostKeyChecking=no -i /home/zlu12/.ssh/id_rsa -avz --exclude *.make --exclude *.cmake --exclude *.internal --exclude *.includecache --exclude *.o com1379:/home/zlu12/PowerGraph/release/apps/ds_dist/ /home/zlu12/PowerGraph/release/apps/ds_dist
19.0  0.0 rsync -e ssh -o StrictHostKeyChecking=no -i /home/zlu12/.ssh/id_rsa -avz --exclude *.make --exclude *.cmake --exclude *.internal --exclude *.includecache --exclude *.o com1379:/home/zlu12/PowerGraph/release/apps/ds_dist/ /home/zlu12/PowerGraph/release/apps/ds_dist
 3.0  0.0 ssh -o StrictHostKeyChecking=no -i /home/zlu12/.ssh/id_rsa com1379 rsync --server --sender -vlogDtprze.iLs . /home/zlu12/PowerGraph/release/apps/ds_dist/
 6.0  0.0 rsync -e ssh -o StrictHostKeyChecking=no -i /home/zlu12/.ssh/id_rsa -avz --exclude *.make --exclude *.cmake --exclude *.internal --exclude *.includecache --exclude *.o com1379:/home/zlu12/PowerGraph/release/apps/ds_dist/ /home/zlu12/PowerGraph/release/apps/ds_dist
19.0  0.0 rsync -e ssh -o StrictHostKeyChecking=no -i /home/zlu12/.ssh/id_rsa -avz --exclude *.make --exclude *.cmake --exclude *.internal --exclude *.includecache --exclude *.o com1379:/home/zlu12/PowerGraph/release/apps/ds_dist/ /home/zlu12/PowerGraph/release/apps/ds_dist
 3.0  0.0 ssh -o StrictHostKeyChecking=no -i /home/zlu12/.ssh/id_rsa com1379 rsync --server --sender -vlogDtprze.iLs . /home/zlu12/PowerGraph/release/apps/ds_dist/
 8.0  0.0 rsync -e ssh -o StrictHostKeyChecking=no -i /home/zlu12/.ssh/id_rsa -avz --exclude *.make --exclude *.cmake --exclude *.internal --exclude *.includecache --exclude *.o com1379:/home/zlu12/PowerGraph/release/apps/ds_dist/ /home/zlu12/PowerGraph/release/apps/ds_dist
19.0  0.0 rsync -e ssh -o StrictHostKeyChecking=no -i /home/zlu12/.ssh/id_rsa -avz --exclude *.make --exclude *.cmake --exclude *.internal --exclude *.includecache --exclude *.o com1379:/home/zlu12/PowerGraph/release/apps/ds_dist/ /home/zlu12/PowerGraph/release/apps/ds_dist
 4.0  0.0 ssh -o StrictHostKeyChecking=no -i /home/zlu12/.ssh/id_rsa com1379 rsync --server --sender -vlogDtprze.iLs . /home/zlu12/PowerGraph/release/apps/ds_dist/
11.0  0.0 rsync -e ssh -o StrictHostKeyChecking=no -i /home/zlu12/.ssh/id_rsa -avz --exclude *.make --exclude *.cmake --exclude *.internal --exclude *.includecache --exclude *.o com1379:/home/zlu12/PowerGraph/release/apps/ds_dist/ /home/zlu12/PowerGraph/release/apps/ds_dist
19.0  0.0 rsync -e ssh -o StrictHostKeyChecking=no -i /home/zlu12/.ssh/id_rsa -avz --exclude *.make --exclude *.cmake --exclude *.internal --exclude *.includecache --exclude *.o com1379:/home/zlu12/PowerGraph/release/apps/ds_dist/ /home/zlu12/PowerGraph/release/apps/ds_dist
 4.0  0.0 ssh -o StrictHostKeyChecking=no -i /home/zlu12/.ssh/id_rsa com1379 rsync --server --sender -vlogDtprze.iLs . /home/zlu12/PowerGraph/release/apps/ds_dist/
12.0  0.0 rsync -e ssh -o StrictHostKeyChecking=no -i /home/zlu12/.ssh/id_rsa -avz --exclude *.make --exclude *.cmake --exclude *.internal --exclude *.includecache --exclude *.o com1379:/home/zlu12/PowerGraph/release/apps/ds_dist/ /home/zlu12/PowerGraph/release/apps/ds_dist
 9.5  0.0 rsync -e ssh -o StrictHostKeyChecking=no -i /home/zlu12/.ssh/id_rsa -avz --exclude *.make --exclude *.cmake --exclude *.internal --exclude *.includecache --exclude *.o com1379:/home/zlu12/PowerGraph/release/apps/ds_dist/ /home/zlu12/PowerGraph/release/apps/ds_dist
 2.0  0.0 ssh -o StrictHostKeyChecking=no -i /home/zlu12/.ssh/id_rsa com1379 rsync --server --sender -vlogDtprze.iLs . /home/zlu12/PowerGraph/release/apps/ds_dist/
 7.0  0.0 rsync -e ssh -o StrictHostKeyChecking=no -i /home/zlu12/.ssh/id_rsa -avz --exclude *.make --exclude *.cmake --exclude *.internal --exclude *.includecache --exclude *.o com1379:/home/zlu12/PowerGraph/release/apps/ds_dist/ /home/zlu12/PowerGraph/release/apps/ds_dist
 9.5  0.0 rsync -e ssh -o StrictHostKeyChecking=no -i /home/zlu12/.ssh/id_rsa -avz --exclude *.make --exclude *.cmake --exclude *.internal --exclude *.includecache --exclude *.o com1379:/home/zlu12/PowerGraph/release/apps/ds_dist/ /home/zlu12/PowerGraph/release/apps/ds_dist
 2.0  0.0 ssh -o StrictHostKeyChecking=no -i /home/zlu12/.ssh/id_rsa com1379 rsync --server --sender -vlogDtprze.iLs . /home/zlu12/PowerGraph/release/apps/ds_dist/
 8.0  0.0 rsync -e ssh -o StrictHostKeyChecking=no -i /home/zlu12/.ssh/id_rsa -avz --exclude *.make --exclude *.cmake --exclude *.internal --exclude *.includecache --exclude *.o com1379:/home/zlu12/PowerGraph/release/apps/ds_dist/ /home/zlu12/PowerGraph/release/apps/ds_dist
 9.5  0.0 rsync -e ssh -o StrictHostKeyChecking=no -i /home/zlu12/.ssh/id_rsa -avz --exclude *.make --exclude *.cmake --exclude *.internal --exclude *.includecache --exclude *.o com1379:/home/zlu12/PowerGraph/release/apps/ds_dist/ /home/zlu12/PowerGraph/release/apps/ds_dist
 2.5  0.0 ssh -o StrictHostKeyChecking=no -i /home/zlu12/.ssh/id_rsa com1379 rsync --server --sender -vlogDtprze.iLs . /home/zlu12/PowerGraph/release/apps/ds_dist/
 8.5  0.0 rsync -e ssh -o StrictHostKeyChecking=no -i /home/zlu12/.ssh/id_rsa -avz --exclude *.make --exclude *.cmake --exclude *.internal --exclude *.includecache --exclude *.o com1379:/home/zlu12/PowerGraph/release/apps/ds_dist/ /home/zlu12/PowerGraph/release/apps/ds_dist
 9.5  0.0 rsync -e ssh -o StrictHostKeyChecking=no -i /home/zlu12/.ssh/id_rsa -avz --exclude *.make --exclude *.cmake --exclude *.internal --exclude *.includecache --exclude *.o com1379:/home/zlu12/PowerGraph/release/apps/ds_dist/ /home/zlu12/PowerGraph/release/apps/ds_dist
 2.5  0.0 ssh -o StrictHostKeyChecking=no -i /home/zlu12/.ssh/id_rsa com1379 rsync --server --sender -vlogDtprze.iLs . /home/zlu12/PowerGraph/release/apps/ds_dist/
 9.0  0.0 rsync -e ssh -o StrictHostKeyChecking=no -i /home/zlu12/.ssh/id_rsa -avz --exclude *.make --exclude *.cmake --exclude *.internal --exclude *.includecache --exclude *.o com1379:/home/zlu12/PowerGraph/release/apps/ds_dist/ /home/zlu12/PowerGraph/release/apps/ds_dist
 9.5  0.0 rsync -e ssh -o StrictHostKeyChecking=no -i /home/zlu12/.ssh/id_rsa -avz --exclude *.make --exclude *.cmake --exclude *.internal --exclude *.includecache --exclude *.o com1379:/home/zlu12/PowerGraph/release/apps/ds_dist/ /home/zlu12/PowerGraph/release/apps/ds_dist
 2.5  0.0 ssh -o StrictHostKeyChecking=no -i /home/zlu12/.ssh/id_rsa com1379 rsync --server --sender -vlogDtprze.iLs . /home/zlu12/PowerGraph/release/apps/ds_dist/
 9.5  0.0 rsync -e ssh -o StrictHostKeyChecking=no -i /home/zlu12/.ssh/id_rsa -avz --exclude *.make --exclude *.cmake --exclude *.internal --exclude *.includecache --exclude *.o com1379:/home/zlu12/PowerGraph/release/apps/ds_dist/ /home/zlu12/PowerGraph/release/apps/ds_dist
 9.5  0.0 rsync -e ssh -o StrictHostKeyChecking=no -i /home/zlu12/.ssh/id_rsa -avz --exclude *.make --exclude *.cmake --exclude *.internal --exclude *.includecache --exclude *.o com1379:/home/zlu12/PowerGraph/release/apps/ds_dist/ /home/zlu12/PowerGraph/release/apps/ds_dist
 2.5  0.0 ssh -o StrictHostKeyChecking=no -i /home/zlu12/.ssh/id_rsa com1379 rsync --server --sender -vlogDtprze.iLs . /home/zlu12/PowerGraph/release/apps/ds_dist/
10.0  0.0 rsync -e ssh -o StrictHostKeyChecking=no -i /home/zlu12/.ssh/id_rsa -avz --exclude *.make --exclude *.cmake --exclude *.internal --exclude *.includecache --exclude *.o com1379:/home/zlu12/PowerGraph/release/apps/ds_dist/ /home/zlu12/PowerGraph/release/apps/ds_dist
 9.5  0.0 rsync -e ssh -o StrictHostKeyChecking=no -i /home/zlu12/.ssh/id_rsa -avz --exclude *.make --exclude *.cmake --exclude *.internal --exclude *.includecache --exclude *.o com1379:/home/zlu12/PowerGraph/release/apps/ds_dist/ /home/zlu12/PowerGraph/release/apps/ds_dist
 2.5  0.0 ssh -o StrictHostKeyChecking=no -i /home/zlu12/.ssh/id_rsa com1379 rsync --server --sender -vlogDtprze.iLs . /home/zlu12/PowerGraph/release/apps/ds_dist/
10.5  0.0 rsync -e ssh -o StrictHostKeyChecking=no -i /home/zlu12/.ssh/id_rsa -avz --exclude *.make --exclude *.cmake --exclude *.internal --exclude *.includecache --exclude *.o com1379:/home/zlu12/PowerGraph/release/apps/ds_dist/ /home/zlu12/PowerGraph/release/apps/ds_dist
 9.5  0.0 rsync -e ssh -o StrictHostKeyChecking=no -i /home/zlu12/.ssh/id_rsa -avz --exclude *.make --exclude *.cmake --exclude *.internal --exclude *.includecache --exclude *.o com1379:/home/zlu12/PowerGraph/release/apps/ds_dist/ /home/zlu12/PowerGraph/release/apps/ds_dist
 2.5  0.0 ssh -o StrictHostKeyChecking=no -i /home/zlu12/.ssh/id_rsa com1379 rsync --server --sender -vlogDtprze.iLs . /home/zlu12/PowerGraph/release/apps/ds_dist/
11.0  0.0 rsync -e ssh -o StrictHostKeyChecking=no -i /home/zlu12/.ssh/id_rsa -avz --exclude *.make --exclude *.cmake --exclude *.internal --exclude *.includecache --exclude *.o com1379:/home/zlu12/PowerGraph/release/apps/ds_dist/ /home/zlu12/PowerGraph/release/apps/ds_dist
 9.5  0.0 rsync -e ssh -o StrictHostKeyChecking=no -i /home/zlu12/.ssh/id_rsa -avz --exclude *.make --exclude *.cmake --exclude *.internal --exclude *.includecache --exclude *.o com1379:/home/zlu12/PowerGraph/release/apps/ds_dist/ /home/zlu12/PowerGraph/release/apps/ds_dist
 2.5  0.0 ssh -o StrictHostKeyChecking=no -i /home/zlu12/.ssh/id_rsa com1379 rsync --server --sender -vlogDtprze.iLs . /home/zlu12/PowerGraph/release/apps/ds_dist/
11.0  0.0 rsync -e ssh -o StrictHostKeyChecking=no -i /home/zlu12/.ssh/id_rsa -avz --exclude *.make --exclude *.cmake --exclude *.internal --exclude *.includecache --exclude *.o com1379:/home/zlu12/PowerGraph/release/apps/ds_dist/ /home/zlu12/PowerGraph/release/apps/ds_dist
 6.3  0.0 rsync -e ssh -o StrictHostKeyChecking=no -i /home/zlu12/.ssh/id_rsa -avz --exclude *.make --exclude *.cmake --exclude *.internal --exclude *.includecache --exclude *.o com1379:/home/zlu12/PowerGraph/release/apps/ds_dist/ /home/zlu12/PowerGraph/release/apps/ds_dist
 1.6  0.0 ssh -o StrictHostKeyChecking=no -i /home/zlu12/.ssh/id_rsa com1379 rsync --server --sender -vlogDtprze.iLs . /home/zlu12/PowerGraph/release/apps/ds_dist/
 8.6  0.0 rsync -e ssh -o StrictHostKeyChecking=no -i /home/zlu12/.ssh/id_rsa -avz --exclude *.make --exclude *.cmake --exclude *.internal --exclude *.includecache --exclude *.o com1379:/home/zlu12/PowerGraph/release/apps/ds_dist/ /home/zlu12/PowerGraph/release/apps/ds_dist
 6.3  0.0 rsync -e ssh -o StrictHostKeyChecking=no -i /home/zlu12/.ssh/id_rsa -avz --exclude *.make --exclude *.cmake --exclude *.internal --exclude *.includecache --exclude *.o com1379:/home/zlu12/PowerGraph/release/apps/ds_dist/ /home/zlu12/PowerGraph/release/apps/ds_dist
 1.6  0.0 ssh -o StrictHostKeyChecking=no -i /home/zlu12/.ssh/id_rsa com1379 rsync --server --sender -vlogDtprze.iLs . /home/zlu12/PowerGraph/release/apps/ds_dist/
 9.0  0.0 rsync -e ssh -o StrictHostKeyChecking=no -i /home/zlu12/.ssh/id_rsa -avz --exclude *.make --exclude *.cmake --exclude *.internal --exclude *.includecache --exclude *.o com1379:/home/zlu12/PowerGraph/release/apps/ds_dist/ /home/zlu12/PowerGraph/release/apps/ds_dist
 6.3  0.0 rsync -e ssh -o StrictHostKeyChecking=no -i /home/zlu12/.ssh/id_rsa -avz --exclude *.make --exclude *.cmake --exclude *.internal --exclude *.includecache --exclude *.o com1379:/home/zlu12/PowerGraph/release/apps/ds_dist/ /home/zlu12/PowerGraph/release/apps/ds_dist
 2.0  0.0 ssh -o StrictHostKeyChecking=no -i /home/zlu12/.ssh/id_rsa com1379 rsync --server --sender -vlogDtprze.iLs . /home/zlu12/PowerGraph/release/apps/ds_dist/
 9.6  0.0 rsync -e ssh -o StrictHostKeyChecking=no -i /home/zlu12/.ssh/id_rsa -avz --exclude *.make --exclude *.cmake --exclude *.internal --exclude *.includecache --exclude *.o com1379:/home/zlu12/PowerGraph/release/apps/ds_dist/ /home/zlu12/PowerGraph/release/apps/ds_dist
 6.3  0.0 rsync -e ssh -o StrictHostKeyChecking=no -i /home/zlu12/.ssh/id_rsa -avz --exclude *.make --exclude *.cmake --exclude *.internal --exclude *.includecache --exclude *.o com1379:/home/zlu12/PowerGraph/release/apps/ds_dist/ /home/zlu12/PowerGraph/release/apps/ds_dist
 2.0  0.0 ssh -o StrictHostKeyChecking=no -i /home/zlu12/.ssh/id_rsa com1379 rsync --server --sender -vlogDtprze.iLs . /home/zlu12/PowerGraph/release/apps/ds_dist/
10.3  0.0 rsync -e ssh -o StrictHostKeyChecking=no -i /home/zlu12/.ssh/id_rsa -avz --exclude *.make --exclude *.cmake --exclude *.internal --exclude *.includecache --exclude *.o com1379:/home/zlu12/PowerGraph/release/apps/ds_dist/ /home/zlu12/PowerGraph/release/apps/ds_dist
 6.3  0.0 rsync -e ssh -o StrictHostKeyChecking=no -i /home/zlu12/.ssh/id_rsa -avz --exclude *.make --exclude *.cmake --exclude *.internal --exclude *.includecache --exclude *.o com1379:/home/zlu12/PowerGraph/release/apps/ds_dist/ /home/zlu12/PowerGraph/release/apps/ds_dist
 2.0  0.0 ssh -o StrictHostKeyChecking=no -i /home/zlu12/.ssh/id_rsa com1379 rsync --server --sender -vlogDtprze.iLs . /home/zlu12/PowerGraph/release/apps/ds_dist/
11.0  0.0 rsync -e ssh -o StrictHostKeyChecking=no -i /home/zlu12/.ssh/id_rsa -avz --exclude *.make --exclude *.cmake --exclude *.internal --exclude *.includecache --exclude *.o com1379:/home/zlu12/PowerGraph/release/apps/ds_dist/ /home/zlu12/PowerGraph/release/apps/ds_dist
 6.3  0.0 rsync -e ssh -o StrictHostKeyChecking=no -i /home/zlu12/.ssh/id_rsa -avz --exclude *.make --exclude *.cmake --exclude *.internal --exclude *.includecache --exclude *.o com1379:/home/zlu12/PowerGraph/release/apps/ds_dist/ /home/zlu12/PowerGraph/release/apps/ds_dist
 2.3  0.0 ssh -o StrictHostKeyChecking=no -i /home/zlu12/.ssh/id_rsa com1379 rsync --server --sender -vlogDtprze.iLs . /home/zlu12/PowerGraph/release/apps/ds_dist/
11.3  0.0 rsync -e ssh -o StrictHostKeyChecking=no -i /home/zlu12/.ssh/id_rsa -avz --exclude *.make --exclude *.cmake --exclude *.internal --exclude *.includecache --exclude *.o com1379:/home/zlu12/PowerGraph/release/apps/ds_dist/ /home/zlu12/PowerGraph/release/apps/ds_dist
 6.3  0.0 rsync -e ssh -o StrictHostKeyChecking=no -i /home/zlu12/.ssh/id_rsa -avz --exclude *.make --exclude *.cmake --exclude *.internal --exclude *.includecache --exclude *.o com1379:/home/zlu12/PowerGraph/release/apps/ds_dist/ /home/zlu12/PowerGraph/release/apps/ds_dist
 2.3  0.0 ssh -o StrictHostKeyChecking=no -i /home/zlu12/.ssh/id_rsa com1379 rsync --server --sender -vlogDtprze.iLs . /home/zlu12/PowerGraph/release/apps/ds_dist/
11.6  0.0 rsync -e ssh -o StrictHostKeyChecking=no -i /home/zlu12/.ssh/id_rsa -avz --exclude *.make --exclude *.cmake --exclude *.internal --exclude *.includecache --exclude *.o com1379:/home/zlu12/PowerGraph/release/apps/ds_dist/ /home/zlu12/PowerGraph/release/apps/ds_dist
 6.3  0.0 rsync -e ssh -o StrictHostKeyChecking=no -i /home/zlu12/.ssh/id_rsa -avz --exclude *.make --exclude *.cmake --exclude *.internal --exclude *.includecache --exclude *.o com1379:/home/zlu12/PowerGraph/release/apps/ds_dist/ /home/zlu12/PowerGraph/release/apps/ds_dist
 2.3  0.0 ssh -o StrictHostKeyChecking=no -i /home/zlu12/.ssh/id_rsa com1379 rsync --server --sender -vlogDtprze.iLs . /home/zlu12/PowerGraph/release/apps/ds_dist/
12.3  0.0 rsync -e ssh -o StrictHostKeyChecking=no -i /home/zlu12/.ssh/id_rsa -avz --exclude *.make --exclude *.cmake --exclude *.internal --exclude *.includecache --exclude *.o com1379:/home/zlu12/PowerGraph/release/apps/ds_dist/ /home/zlu12/PowerGraph/release/apps/ds_dist
 6.3  0.0 rsync -e ssh -o StrictHostKeyChecking=no -i /home/zlu12/.ssh/id_rsa -avz --exclude *.make --exclude *.cmake --exclude *.internal --exclude *.includecache --exclude *.o com1379:/home/zlu12/PowerGraph/release/apps/ds_dist/ /home/zlu12/PowerGraph/release/apps/ds_dist
 2.3  0.0 ssh -o StrictHostKeyChecking=no -i /home/zlu12/.ssh/id_rsa com1379 rsync --server --sender -vlogDtprze.iLs . /home/zlu12/PowerGraph/release/apps/ds_dist/
13.0  0.0 rsync -e ssh -o StrictHostKeyChecking=no -i /home/zlu12/.ssh/id_rsa -avz --exclude *.make --exclude *.cmake --exclude *.internal --exclude *.includecache --exclude *.o com1379:/home/zlu12/PowerGraph/release/apps/ds_dist/ /home/zlu12/PowerGraph/release/apps/ds_dist
 4.7  0.0 rsync -e ssh -o StrictHostKeyChecking=no -i /home/zlu12/.ssh/id_rsa -avz --exclude *.make --exclude *.cmake --exclude *.internal --exclude *.includecache --exclude *.o com1379:/home/zlu12/PowerGraph/release/apps/ds_dist/ /home/zlu12/PowerGraph/release/apps/ds_dist
 1.7  0.0 ssh -o StrictHostKeyChecking=no -i /home/zlu12/.ssh/id_rsa com1379 rsync --server --sender -vlogDtprze.iLs . /home/zlu12/PowerGraph/release/apps/ds_dist/
 9.7  0.0 rsync -e ssh -o StrictHostKeyChecking=no -i /home/zlu12/.ssh/id_rsa -avz --exclude *.make --exclude *.cmake --exclude *.internal --exclude *.includecache --exclude *.o com1379:/home/zlu12/PowerGraph/release/apps/ds_dist/ /home/zlu12/PowerGraph/release/apps/ds_dist
 4.7  0.0 rsync -e ssh -o StrictHostKeyChecking=no -i /home/zlu12/.ssh/id_rsa -avz --exclude *.make --exclude *.cmake --exclude *.internal --exclude *.includecache --exclude *.o com1379:/home/zlu12/PowerGraph/release/apps/ds_dist/ /home/zlu12/PowerGraph/release/apps/ds_dist
 1.7  0.0 ssh -o StrictHostKeyChecking=no -i /home/zlu12/.ssh/id_rsa com1379 rsync --server --sender -vlogDtprze.iLs . /home/zlu12/PowerGraph/release/apps/ds_dist/
 9.7  0.0 rsync -e ssh -o StrictHostKeyChecking=no -i /home/zlu12/.ssh/id_rsa -avz --exclude *.make --exclude *.cmake --exclude *.internal --exclude *.includecache --exclude *.o com1379:/home/zlu12/PowerGraph/release/apps/ds_dist/ /home/zlu12/PowerGraph/release/apps/ds_dist
 0.0  0.0 ./binary/ds_dist_test --graph ./datasets/wiki_wcc.txt --ncpus 2 --saveprefix wiki_1t_test_4m_100000q --num_tree 1 --num_query 100000 --input_file ./datasets/testcases/withreal/wiki_testcases.txt
 0.0  0.0 ./binary/ds_dist_test --graph ./datasets/wiki_wcc.txt --ncpus 2 --saveprefix wiki_1t_test_4m_100000q --num_tree 1 --num_query 100000 --input_file ./datasets/testcases/withreal/wiki_testcases.txt
 0.0  0.2 ./binary/ds_dist_test --graph ./datasets/wiki_wcc.txt --ncpus 2 --saveprefix wiki_1t_test_4m_100000q --num_tree 1 --num_query 100000 --input_file ./datasets/testcases/withreal/wiki_testcases.txt
 0.0  0.2 ./binary/ds_dist_test --graph ./datasets/wiki_wcc.txt --ncpus 2 --saveprefix wiki_1t_test_4m_100000q --num_tree 1 --num_query 100000 --input_file ./datasets/testcases/withreal/wiki_testcases.txt
 0.0  0.2 ./binary/ds_dist_test --graph ./datasets/wiki_wcc.txt --ncpus 2 --saveprefix wiki_1t_test_4m_100000q --num_tree 1 --num_query 100000 --input_file ./datasets/testcases/withreal/wiki_testcases.txt
14.0  0.2 ./binary/ds_dist_test --graph ./datasets/wiki_wcc.txt --ncpus 2 --saveprefix wiki_1t_test_4m_100000q --num_tree 1 --num_query 100000 --input_file ./datasets/testcases/withreal/wiki_testcases.txt
14.0  0.2 ./binary/ds_dist_test --graph ./datasets/wiki_wcc.txt --ncpus 2 --saveprefix wiki_1t_test_4m_100000q --num_tree 1 --num_query 100000 --input_file ./datasets/testcases/withreal/wiki_testcases.txt
14.0  0.2 ./binary/ds_dist_test --graph ./datasets/wiki_wcc.txt --ncpus 2 --saveprefix wiki_1t_test_4m_100000q --num_tree 1 --num_query 100000 --input_file ./datasets/testcases/withreal/wiki_testcases.txt
14.0  0.2 ./binary/ds_dist_test --graph ./datasets/wiki_wcc.txt --ncpus 2 --saveprefix wiki_1t_test_4m_100000q --num_tree 1 --num_query 100000 --input_file ./datasets/testcases/withreal/wiki_testcases.txt
14.0  0.2 ./binary/ds_dist_test --graph ./datasets/wiki_wcc.txt --ncpus 2 --saveprefix wiki_1t_test_4m_100000q --num_tree 1 --num_query 100000 --input_file ./datasets/testcases/withreal/wiki_testcases.txt
14.0  0.2 ./binary/ds_dist_test --graph ./datasets/wiki_wcc.txt --ncpus 2 --saveprefix wiki_1t_test_4m_100000q --num_tree 1 --num_query 100000 --input_file ./datasets/testcases/withreal/wiki_testcases.txt
14.0  0.2 ./binary/ds_dist_test --graph ./datasets/wiki_wcc.txt --ncpus 2 --saveprefix wiki_1t_test_4m_100000q --num_tree 1 --num_query 100000 --input_file ./datasets/testcases/withreal/wiki_testcases.txt
14.0  0.2 ./binary/ds_dist_test --graph ./datasets/wiki_wcc.txt --ncpus 2 --saveprefix wiki_1t_test_4m_100000q --num_tree 1 --num_query 100000 --input_file ./datasets/testcases/withreal/wiki_testcases.txt
14.0  0.2 ./binary/ds_dist_test --graph ./datasets/wiki_wcc.txt --ncpus 2 --saveprefix wiki_1t_test_4m_100000q --num_tree 1 --num_query 100000 --input_file ./datasets/testcases/withreal/wiki_testcases.txt
 7.0  0.2 ./binary/ds_dist_test --graph ./datasets/wiki_wcc.txt --ncpus 2 --saveprefix wiki_1t_test_4m_100000q --num_tree 1 --num_query 100000 --input_file ./datasets/testcases/withreal/wiki_testcases.txt
 7.0  0.2 ./binary/ds_dist_test --graph ./datasets/wiki_wcc.txt --ncpus 2 --saveprefix wiki_1t_test_4m_100000q --num_tree 1 --num_query 100000 --input_file ./datasets/testcases/withreal/wiki_testcases.txt
 7.5  0.2 ./binary/ds_dist_test --graph ./datasets/wiki_wcc.txt --ncpus 2 --saveprefix wiki_1t_test_4m_100000q --num_tree 1 --num_query 100000 --input_file ./datasets/testcases/withreal/wiki_testcases.txt
 8.0  0.2 ./binary/ds_dist_test --graph ./datasets/wiki_wcc.txt --ncpus 2 --saveprefix wiki_1t_test_4m_100000q --num_tree 1 --num_query 100000 --input_file ./datasets/testcases/withreal/wiki_testcases.txt
 8.0  0.2 ./binary/ds_dist_test --graph ./datasets/wiki_wcc.txt --ncpus 2 --saveprefix wiki_1t_test_4m_100000q --num_tree 1 --num_query 100000 --input_file ./datasets/testcases/withreal/wiki_testcases.txt
 9.0  0.3 ./binary/ds_dist_test --graph ./datasets/wiki_wcc.txt --ncpus 2 --saveprefix wiki_1t_test_4m_100000q --num_tree 1 --num_query 100000 --input_file ./datasets/testcases/withreal/wiki_testcases.txt
 9.5  0.3 ./binary/ds_dist_test --graph ./datasets/wiki_wcc.txt --ncpus 2 --saveprefix wiki_1t_test_4m_100000q --num_tree 1 --num_query 100000 --input_file ./datasets/testcases/withreal/wiki_testcases.txt
 9.5  0.3 ./binary/ds_dist_test --graph ./datasets/wiki_wcc.txt --ncpus 2 --saveprefix wiki_1t_test_4m_100000q --num_tree 1 --num_query 100000 --input_file ./datasets/testcases/withreal/wiki_testcases.txt
10.0  0.4 ./binary/ds_dist_test --graph ./datasets/wiki_wcc.txt --ncpus 2 --saveprefix wiki_1t_test_4m_100000q --num_tree 1 --num_query 100000 --input_file ./datasets/testcases/withreal/wiki_testcases.txt
 7.3  0.4 ./binary/ds_dist_test --graph ./datasets/wiki_wcc.txt --ncpus 2 --saveprefix wiki_1t_test_4m_100000q --num_tree 1 --num_query 100000 --input_file ./datasets/testcases/withreal/wiki_testcases.txt
 7.6  0.4 ./binary/ds_dist_test --graph ./datasets/wiki_wcc.txt --ncpus 2 --saveprefix wiki_1t_test_4m_100000q --num_tree 1 --num_query 100000 --input_file ./datasets/testcases/withreal/wiki_testcases.txt
 7.6  0.4 ./binary/ds_dist_test --graph ./datasets/wiki_wcc.txt --ncpus 2 --saveprefix wiki_1t_test_4m_100000q --num_tree 1 --num_query 100000 --input_file ./datasets/testcases/withreal/wiki_testcases.txt
 8.0  0.5 ./binary/ds_dist_test --graph ./datasets/wiki_wcc.txt --ncpus 2 --saveprefix wiki_1t_test_4m_100000q --num_tree 1 --num_query 100000 --input_file ./datasets/testcases/withreal/wiki_testcases.txt
 8.3  0.5 ./binary/ds_dist_test --graph ./datasets/wiki_wcc.txt --ncpus 2 --saveprefix wiki_1t_test_4m_100000q --num_tree 1 --num_query 100000 --input_file ./datasets/testcases/withreal/wiki_testcases.txt
 8.6  0.5 ./binary/ds_dist_test --graph ./datasets/wiki_wcc.txt --ncpus 2 --saveprefix wiki_1t_test_4m_100000q --num_tree 1 --num_query 100000 --input_file ./datasets/testcases/withreal/wiki_testcases.txt
 9.0  0.5 ./binary/ds_dist_test --graph ./datasets/wiki_wcc.txt --ncpus 2 --saveprefix wiki_1t_test_4m_100000q --num_tree 1 --num_query 100000 --input_file ./datasets/testcases/withreal/wiki_testcases.txt
10.6  0.8 ./binary/ds_dist_test --graph ./datasets/wiki_wcc.txt --ncpus 2 --saveprefix wiki_1t_test_4m_100000q --num_tree 1 --num_query 100000 --input_file ./datasets/testcases/withreal/wiki_testcases.txt
14.0  1.4 ./binary/ds_dist_test --graph ./datasets/wiki_wcc.txt --ncpus 2 --saveprefix wiki_1t_test_4m_100000q --num_tree 1 --num_query 100000 --input_file ./datasets/testcases/withreal/wiki_testcases.txt
13.2  2.1 ./binary/ds_dist_test --graph ./datasets/wiki_wcc.txt --ncpus 2 --saveprefix wiki_1t_test_4m_100000q --num_tree 1 --num_query 100000 --input_file ./datasets/testcases/withreal/wiki_testcases.txt
16.5  2.2 ./binary/ds_dist_test --graph ./datasets/wiki_wcc.txt --ncpus 2 --saveprefix wiki_1t_test_4m_100000q --num_tree 1 --num_query 100000 --input_file ./datasets/testcases/withreal/wiki_testcases.txt
18.0  2.9 ./binary/ds_dist_test --graph ./datasets/wiki_wcc.txt --ncpus 2 --saveprefix wiki_1t_test_4m_100000q --num_tree 1 --num_query 100000 --input_file ./datasets/testcases/withreal/wiki_testcases.txt
19.2  2.9 ./binary/ds_dist_test --graph ./datasets/wiki_wcc.txt --ncpus 2 --saveprefix wiki_1t_test_4m_100000q --num_tree 1 --num_query 100000 --input_file ./datasets/testcases/withreal/wiki_testcases.txt
23.5  2.9 ./binary/ds_dist_test --graph ./datasets/wiki_wcc.txt --ncpus 2 --saveprefix wiki_1t_test_4m_100000q --num_tree 1 --num_query 100000 --input_file ./datasets/testcases/withreal/wiki_testcases.txt
27.7  2.9 ./binary/ds_dist_test --graph ./datasets/wiki_wcc.txt --ncpus 2 --saveprefix wiki_1t_test_4m_100000q --num_tree 1 --num_query 100000 --input_file ./datasets/testcases/withreal/wiki_testcases.txt
31.0  4.6 ./binary/ds_dist_test --graph ./datasets/wiki_wcc.txt --ncpus 2 --saveprefix wiki_1t_test_4m_100000q --num_tree 1 --num_query 100000 --input_file ./datasets/testcases/withreal/wiki_testcases.txt
32.2  4.6 ./binary/ds_dist_test --graph ./datasets/wiki_wcc.txt --ncpus 2 --saveprefix wiki_1t_test_4m_100000q --num_tree 1 --num_query 100000 --input_file ./datasets/testcases/withreal/wiki_testcases.txt
33.0  5.5 ./binary/ds_dist_test --graph ./datasets/wiki_wcc.txt --ncpus 2 --saveprefix wiki_1t_test_4m_100000q --num_tree 1 --num_query 100000 --input_file ./datasets/testcases/withreal/wiki_testcases.txt
31.2  5.5 ./binary/ds_dist_test --graph ./datasets/wiki_wcc.txt --ncpus 2 --saveprefix wiki_1t_test_4m_100000q --num_tree 1 --num_query 100000 --input_file ./datasets/testcases/withreal/wiki_testcases.txt
33.6  5.5 ./binary/ds_dist_test --graph ./datasets/wiki_wcc.txt --ncpus 2 --saveprefix wiki_1t_test_4m_100000q --num_tree 1 --num_query 100000 --input_file ./datasets/testcases/withreal/wiki_testcases.txt
36.0  5.5 ./binary/ds_dist_test --graph ./datasets/wiki_wcc.txt --ncpus 2 --saveprefix wiki_1t_test_4m_100000q --num_tree 1 --num_query 100000 --input_file ./datasets/testcases/withreal/wiki_testcases.txt
40.0  5.5 ./binary/ds_dist_test --graph ./datasets/wiki_wcc.txt --ncpus 2 --saveprefix wiki_1t_test_4m_100000q --num_tree 1 --num_query 100000 --input_file ./datasets/testcases/withreal/wiki_testcases.txt
41.6  5.5 ./binary/ds_dist_test --graph ./datasets/wiki_wcc.txt --ncpus 2 --saveprefix wiki_1t_test_4m_100000q --num_tree 1 --num_query 100000 --input_file ./datasets/testcases/withreal/wiki_testcases.txt
42.6  5.5 ./binary/ds_dist_test --graph ./datasets/wiki_wcc.txt --ncpus 2 --saveprefix wiki_1t_test_4m_100000q --num_tree 1 --num_query 100000 --input_file ./datasets/testcases/withreal/wiki_testcases.txt
42.6  5.5 ./binary/ds_dist_test --graph ./datasets/wiki_wcc.txt --ncpus 2 --saveprefix wiki_1t_test_4m_100000q --num_tree 1 --num_query 100000 --input_file ./datasets/testcases/withreal/wiki_testcases.txt
42.8  5.5 ./binary/ds_dist_test --graph ./datasets/wiki_wcc.txt --ncpus 2 --saveprefix wiki_1t_test_4m_100000q --num_tree 1 --num_query 100000 --input_file ./datasets/testcases/withreal/wiki_testcases.txt
43.8  6.1 ./binary/ds_dist_test --graph ./datasets/wiki_wcc.txt --ncpus 2 --saveprefix wiki_1t_test_4m_100000q --num_tree 1 --num_query 100000 --input_file ./datasets/testcases/withreal/wiki_testcases.txt
44.0  6.1 ./binary/ds_dist_test --graph ./datasets/wiki_wcc.txt --ncpus 2 --saveprefix wiki_1t_test_4m_100000q --num_tree 1 --num_query 100000 --input_file ./datasets/testcases/withreal/wiki_testcases.txt
37.0  6.1 ./binary/ds_dist_test --graph ./datasets/wiki_wcc.txt --ncpus 2 --saveprefix wiki_1t_test_4m_100000q --num_tree 1 --num_query 100000 --input_file ./datasets/testcases/withreal/wiki_testcases.txt
38.0  6.1 ./binary/ds_dist_test --graph ./datasets/wiki_wcc.txt --ncpus 2 --saveprefix wiki_1t_test_4m_100000q --num_tree 1 --num_query 100000 --input_file ./datasets/testcases/withreal/wiki_testcases.txt
39.3  6.1 ./binary/ds_dist_test --graph ./datasets/wiki_wcc.txt --ncpus 2 --saveprefix wiki_1t_test_4m_100000q --num_tree 1 --num_query 100000 --input_file ./datasets/testcases/withreal/wiki_testcases.txt
39.6  6.1 ./binary/ds_dist_test --graph ./datasets/wiki_wcc.txt --ncpus 2 --saveprefix wiki_1t_test_4m_100000q --num_tree 1 --num_query 100000 --input_file ./datasets/testcases/withreal/wiki_testcases.txt
41.3  6.1 ./binary/ds_dist_test --graph ./datasets/wiki_wcc.txt --ncpus 2 --saveprefix wiki_1t_test_4m_100000q --num_tree 1 --num_query 100000 --input_file ./datasets/testcases/withreal/wiki_testcases.txt
45.0  6.1 ./binary/ds_dist_test --graph ./datasets/wiki_wcc.txt --ncpus 2 --saveprefix wiki_1t_test_4m_100000q --num_tree 1 --num_query 100000 --input_file ./datasets/testcases/withreal/wiki_testcases.txt
47.1  6.1 ./binary/ds_dist_test --graph ./datasets/wiki_wcc.txt --ncpus 2 --saveprefix wiki_1t_test_4m_100000q --num_tree 1 --num_query 100000 --input_file ./datasets/testcases/withreal/wiki_testcases.txt
50.0  6.1 ./binary/ds_dist_test --graph ./datasets/wiki_wcc.txt --ncpus 2 --saveprefix wiki_1t_test_4m_100000q --num_tree 1 --num_query 100000 --input_file ./datasets/testcases/withreal/wiki_testcases.txt
51.0  6.1 ./binary/ds_dist_test --graph ./datasets/wiki_wcc.txt --ncpus 2 --saveprefix wiki_1t_test_4m_100000q --num_tree 1 --num_query 100000 --input_file ./datasets/testcases/withreal/wiki_testcases.txt
46.4  6.1 ./binary/ds_dist_test --graph ./datasets/wiki_wcc.txt --ncpus 2 --saveprefix wiki_1t_test_4m_100000q --num_tree 1 --num_query 100000 --input_file ./datasets/testcases/withreal/wiki_testcases.txt
46.8  6.1 ./binary/ds_dist_test --graph ./datasets/wiki_wcc.txt --ncpus 2 --saveprefix wiki_1t_test_4m_100000q --num_tree 1 --num_query 100000 --input_file ./datasets/testcases/withreal/wiki_testcases.txt
50.1  6.1 ./binary/ds_dist_test --graph ./datasets/wiki_wcc.txt --ncpus 2 --saveprefix wiki_1t_test_4m_100000q --num_tree 1 --num_query 100000 --input_file ./datasets/testcases/withreal/wiki_testcases.txt
52.4  6.2 ./binary/ds_dist_test --graph ./datasets/wiki_wcc.txt --ncpus 2 --saveprefix wiki_1t_test_4m_100000q --num_tree 1 --num_query 100000 --input_file ./datasets/testcases/withreal/wiki_testcases.txt
53.5  6.2 ./binary/ds_dist_test --graph ./datasets/wiki_wcc.txt --ncpus 2 --saveprefix wiki_1t_test_4m_100000q --num_tree 1 --num_query 100000 --input_file ./datasets/testcases/withreal/wiki_testcases.txt
54.5  6.4 ./binary/ds_dist_test --graph ./datasets/wiki_wcc.txt --ncpus 2 --saveprefix wiki_1t_test_4m_100000q --num_tree 1 --num_query 100000 --input_file ./datasets/testcases/withreal/wiki_testcases.txt
55.7  6.4 ./binary/ds_dist_test --graph ./datasets/wiki_wcc.txt --ncpus 2 --saveprefix wiki_1t_test_4m_100000q --num_tree 1 --num_query 100000 --input_file ./datasets/testcases/withreal/wiki_testcases.txt
58.7  6.4 ./binary/ds_dist_test --graph ./datasets/wiki_wcc.txt --ncpus 2 --saveprefix wiki_1t_test_4m_100000q --num_tree 1 --num_query 100000 --input_file ./datasets/testcases/withreal/wiki_testcases.txt
59.7  6.4 ./binary/ds_dist_test --graph ./datasets/wiki_wcc.txt --ncpus 2 --saveprefix wiki_1t_test_4m_100000q --num_tree 1 --num_query 100000 --input_file ./datasets/testcases/withreal/wiki_testcases.txt
53.0  6.4 ./binary/ds_dist_test --graph ./datasets/wiki_wcc.txt --ncpus 2 --saveprefix wiki_1t_test_4m_100000q --num_tree 1 --num_query 100000 --input_file ./datasets/testcases/withreal/wiki_testcases.txt
53.1  6.4 ./binary/ds_dist_test --graph ./datasets/wiki_wcc.txt --ncpus 2 --saveprefix wiki_1t_test_4m_100000q --num_tree 1 --num_query 100000 --input_file ./datasets/testcases/withreal/wiki_testcases.txt
53.2  6.4 ./binary/ds_dist_test --graph ./datasets/wiki_wcc.txt --ncpus 2 --saveprefix wiki_1t_test_4m_100000q --num_tree 1 --num_query 100000 --input_file ./datasets/testcases/withreal/wiki_testcases.txt
53.3  6.4 ./binary/ds_dist_test --graph ./datasets/wiki_wcc.txt --ncpus 2 --saveprefix wiki_1t_test_4m_100000q --num_tree 1 --num_query 100000 --input_file ./datasets/testcases/withreal/wiki_testcases.txt
53.5  6.4 ./binary/ds_dist_test --graph ./datasets/wiki_wcc.txt --ncpus 2 --saveprefix wiki_1t_test_4m_100000q --num_tree 1 --num_query 100000 --input_file ./datasets/testcases/withreal/wiki_testcases.txt
53.6  6.4 ./binary/ds_dist_test --graph ./datasets/wiki_wcc.txt --ncpus 2 --saveprefix wiki_1t_test_4m_100000q --num_tree 1 --num_query 100000 --input_file ./datasets/testcases/withreal/wiki_testcases.txt
53.6  6.4 ./binary/ds_dist_test --graph ./datasets/wiki_wcc.txt --ncpus 2 --saveprefix wiki_1t_test_4m_100000q --num_tree 1 --num_query 100000 --input_file ./datasets/testcases/withreal/wiki_testcases.txt
54.1  6.4 ./binary/ds_dist_test --graph ./datasets/wiki_wcc.txt --ncpus 2 --saveprefix wiki_1t_test_4m_100000q --num_tree 1 --num_query 100000 --input_file ./datasets/testcases/withreal/wiki_testcases.txt
54.7  6.4 ./binary/ds_dist_test --graph ./datasets/wiki_wcc.txt --ncpus 2 --saveprefix wiki_1t_test_4m_100000q --num_tree 1 --num_query 100000 --input_file ./datasets/testcases/withreal/wiki_testcases.txt
48.7  6.4 ./binary/ds_dist_test --graph ./datasets/wiki_wcc.txt --ncpus 2 --saveprefix wiki_1t_test_4m_100000q --num_tree 1 --num_query 100000 --input_file ./datasets/testcases/withreal/wiki_testcases.txt
49.7  6.4 ./binary/ds_dist_test --graph ./datasets/wiki_wcc.txt --ncpus 2 --saveprefix wiki_1t_test_4m_100000q --num_tree 1 --num_query 100000 --input_file ./datasets/testcases/withreal/wiki_testcases.txt
50.2  6.4 ./binary/ds_dist_test --graph ./datasets/wiki_wcc.txt --ncpus 2 --saveprefix wiki_1t_test_4m_100000q --num_tree 1 --num_query 100000 --input_file ./datasets/testcases/withreal/wiki_testcases.txt
50.2  6.4 ./binary/ds_dist_test --graph ./datasets/wiki_wcc.txt --ncpus 2 --saveprefix wiki_1t_test_4m_100000q --num_tree 1 --num_query 100000 --input_file ./datasets/testcases/withreal/wiki_testcases.txt
50.4  6.4 ./binary/ds_dist_test --graph ./datasets/wiki_wcc.txt --ncpus 2 --saveprefix wiki_1t_test_4m_100000q --num_tree 1 --num_query 100000 --input_file ./datasets/testcases/withreal/wiki_testcases.txt
51.6  6.4 ./binary/ds_dist_test --graph ./datasets/wiki_wcc.txt --ncpus 2 --saveprefix wiki_1t_test_4m_100000q --num_tree 1 --num_query 100000 --input_file ./datasets/testcases/withreal/wiki_testcases.txt
52.4  6.4 ./binary/ds_dist_test --graph ./datasets/wiki_wcc.txt --ncpus 2 --saveprefix wiki_1t_test_4m_100000q --num_tree 1 --num_query 100000 --input_file ./datasets/testcases/withreal/wiki_testcases.txt
52.4  6.4 ./binary/ds_dist_test --graph ./datasets/wiki_wcc.txt --ncpus 2 --saveprefix wiki_1t_test_4m_100000q --num_tree 1 --num_query 100000 --input_file ./datasets/testcases/withreal/wiki_testcases.txt
52.4  6.4 ./binary/ds_dist_test --graph ./datasets/wiki_wcc.txt --ncpus 2 --saveprefix wiki_1t_test_4m_100000q --num_tree 1 --num_query 100000 --input_file ./datasets/testcases/withreal/wiki_testcases.txt
52.4  6.4 ./binary/ds_dist_test --graph ./datasets/wiki_wcc.txt --ncpus 2 --saveprefix wiki_1t_test_4m_100000q --num_tree 1 --num_query 100000 --input_file ./datasets/testcases/withreal/wiki_testcases.txt
48.2  6.4 ./binary/ds_dist_test --graph ./datasets/wiki_wcc.txt --ncpus 2 --saveprefix wiki_1t_test_4m_100000q --num_tree 1 --num_query 100000 --input_file ./datasets/testcases/withreal/wiki_testcases.txt
49.3  6.4 ./binary/ds_dist_test --graph ./datasets/wiki_wcc.txt --ncpus 2 --saveprefix wiki_1t_test_4m_100000q --num_tree 1 --num_query 100000 --input_file ./datasets/testcases/withreal/wiki_testcases.txt
49.6  6.4 ./binary/ds_dist_test --graph ./datasets/wiki_wcc.txt --ncpus 2 --saveprefix wiki_1t_test_4m_100000q --num_tree 1 --num_query 100000 --input_file ./datasets/testcases/withreal/wiki_testcases.txt
49.6  6.4 ./binary/ds_dist_test --graph ./datasets/wiki_wcc.txt --ncpus 2 --saveprefix wiki_1t_test_4m_100000q --num_tree 1 --num_query 100000 --input_file ./datasets/testcases/withreal/wiki_testcases.txt
50.3  7.1 ./binary/ds_dist_test --graph ./datasets/wiki_wcc.txt --ncpus 2 --saveprefix wiki_1t_test_4m_100000q --num_tree 1 --num_query 100000 --input_file ./datasets/testcases/withreal/wiki_testcases.txt
51.0  7.1 ./binary/ds_dist_test --graph ./datasets/wiki_wcc.txt --ncpus 2 --saveprefix wiki_1t_test_4m_100000q --num_tree 1 --num_query 100000 --input_file ./datasets/testcases/withreal/wiki_testcases.txt
52.1  7.1 ./binary/ds_dist_test --graph ./datasets/wiki_wcc.txt --ncpus 2 --saveprefix wiki_1t_test_4m_100000q --num_tree 1 --num_query 100000 --input_file ./datasets/testcases/withreal/wiki_testcases.txt
53.2  7.1 ./binary/ds_dist_test --graph ./datasets/wiki_wcc.txt --ncpus 2 --saveprefix wiki_1t_test_4m_100000q --num_tree 1 --num_query 100000 --input_file ./datasets/testcases/withreal/wiki_testcases.txt
54.1  7.1 ./binary/ds_dist_test --graph ./datasets/wiki_wcc.txt --ncpus 2 --saveprefix wiki_1t_test_4m_100000q --num_tree 1 --num_query 100000 --input_file ./datasets/testcases/withreal/wiki_testcases.txt
49.8  7.1 ./binary/ds_dist_test --graph ./datasets/wiki_wcc.txt --ncpus 2 --saveprefix wiki_1t_test_4m_100000q --num_tree 1 --num_query 100000 --input_file ./datasets/testcases/withreal/wiki_testcases.txt
51.7  7.1 ./binary/ds_dist_test --graph ./datasets/wiki_wcc.txt --ncpus 2 --saveprefix wiki_1t_test_4m_100000q --num_tree 1 --num_query 100000 --input_file ./datasets/testcases/withreal/wiki_testcases.txt
53.6  7.1 ./binary/ds_dist_test --graph ./datasets/wiki_wcc.txt --ncpus 2 --saveprefix wiki_1t_test_4m_100000q --num_tree 1 --num_query 100000 --input_file ./datasets/testcases/withreal/wiki_testcases.txt
55.5  7.1 ./binary/ds_dist_test --graph ./datasets/wiki_wcc.txt --ncpus 2 --saveprefix wiki_1t_test_4m_100000q --num_tree 1 --num_query 100000 --input_file ./datasets/testcases/withreal/wiki_testcases.txt
57.5  7.1 ./binary/ds_dist_test --graph ./datasets/wiki_wcc.txt --ncpus 2 --saveprefix wiki_1t_test_4m_100000q --num_tree 1 --num_query 100000 --input_file ./datasets/testcases/withreal/wiki_testcases.txt
58.6  7.1 ./binary/ds_dist_test --graph ./datasets/wiki_wcc.txt --ncpus 2 --saveprefix wiki_1t_test_4m_100000q --num_tree 1 --num_query 100000 --input_file ./datasets/testcases/withreal/wiki_testcases.txt
58.6  7.1 ./binary/ds_dist_test --graph ./datasets/wiki_wcc.txt --ncpus 2 --saveprefix wiki_1t_test_4m_100000q --num_tree 1 --num_query 100000 --input_file ./datasets/testcases/withreal/wiki_testcases.txt
58.6  7.1 ./binary/ds_dist_test --graph ./datasets/wiki_wcc.txt --ncpus 2 --saveprefix wiki_1t_test_4m_100000q --num_tree 1 --num_query 100000 --input_file ./datasets/testcases/withreal/wiki_testcases.txt
58.6  7.1 ./binary/ds_dist_test --graph ./datasets/wiki_wcc.txt --ncpus 2 --saveprefix wiki_1t_test_4m_100000q --num_tree 1 --num_query 100000 --input_file ./datasets/testcases/withreal/wiki_testcases.txt
53.7  7.1 ./binary/ds_dist_test --graph ./datasets/wiki_wcc.txt --ncpus 2 --saveprefix wiki_1t_test_4m_100000q --num_tree 1 --num_query 100000 --input_file ./datasets/testcases/withreal/wiki_testcases.txt
53.7  7.1 ./binary/ds_dist_test --graph ./datasets/wiki_wcc.txt --ncpus 2 --saveprefix wiki_1t_test_4m_100000q --num_tree 1 --num_query 100000 --input_file ./datasets/testcases/withreal/wiki_testcases.txt
53.7  7.1 ./binary/ds_dist_test --graph ./datasets/wiki_wcc.txt --ncpus 2 --saveprefix wiki_1t_test_4m_100000q --num_tree 1 --num_query 100000 --input_file ./datasets/testcases/withreal/wiki_testcases.txt
55.5  7.1 ./binary/ds_dist_test --graph ./datasets/wiki_wcc.txt --ncpus 2 --saveprefix wiki_1t_test_4m_100000q --num_tree 1 --num_query 100000 --input_file ./datasets/testcases/withreal/wiki_testcases.txt
56.4  7.1 ./binary/ds_dist_test --graph ./datasets/wiki_wcc.txt --ncpus 2 --saveprefix wiki_1t_test_4m_100000q --num_tree 1 --num_query 100000 --input_file ./datasets/testcases/withreal/wiki_testcases.txt
58.1  7.1 ./binary/ds_dist_test --graph ./datasets/wiki_wcc.txt --ncpus 2 --saveprefix wiki_1t_test_4m_100000q --num_tree 1 --num_query 100000 --input_file ./datasets/testcases/withreal/wiki_testcases.txt
59.0  7.1 ./binary/ds_dist_test --graph ./datasets/wiki_wcc.txt --ncpus 2 --saveprefix wiki_1t_test_4m_100000q --num_tree 1 --num_query 100000 --input_file ./datasets/testcases/withreal/wiki_testcases.txt
59.7  7.1 ./binary/ds_dist_test --graph ./datasets/wiki_wcc.txt --ncpus 2 --saveprefix wiki_1t_test_4m_100000q --num_tree 1 --num_query 100000 --input_file ./datasets/testcases/withreal/wiki_testcases.txt
61.0  7.1 ./binary/ds_dist_test --graph ./datasets/wiki_wcc.txt --ncpus 2 --saveprefix wiki_1t_test_4m_100000q --num_tree 1 --num_query 100000 --input_file ./datasets/testcases/withreal/wiki_testcases.txt
56.7  7.1 ./binary/ds_dist_test --graph ./datasets/wiki_wcc.txt --ncpus 2 --saveprefix wiki_1t_test_4m_100000q --num_tree 1 --num_query 100000 --input_file ./datasets/testcases/withreal/wiki_testcases.txt
58.2  7.1 ./binary/ds_dist_test --graph ./datasets/wiki_wcc.txt --ncpus 2 --saveprefix wiki_1t_test_4m_100000q --num_tree 1 --num_query 100000 --input_file ./datasets/testcases/withreal/wiki_testcases.txt
58.4  7.1 ./binary/ds_dist_test --graph ./datasets/wiki_wcc.txt --ncpus 2 --saveprefix wiki_1t_test_4m_100000q --num_tree 1 --num_query 100000 --input_file ./datasets/testcases/withreal/wiki_testcases.txt
58.4  7.1 ./binary/ds_dist_test --graph ./datasets/wiki_wcc.txt --ncpus 2 --saveprefix wiki_1t_test_4m_100000q --num_tree 1 --num_query 100000 --input_file ./datasets/testcases/withreal/wiki_testcases.txt
58.4  7.1 ./binary/ds_dist_test --graph ./datasets/wiki_wcc.txt --ncpus 2 --saveprefix wiki_1t_test_4m_100000q --num_tree 1 --num_query 100000 --input_file ./datasets/testcases/withreal/wiki_testcases.txt
58.6  7.1 ./binary/ds_dist_test --graph ./datasets/wiki_wcc.txt --ncpus 2 --saveprefix wiki_1t_test_4m_100000q --num_tree 1 --num_query 100000 --input_file ./datasets/testcases/withreal/wiki_testcases.txt
59.3  7.1 ./binary/ds_dist_test --graph ./datasets/wiki_wcc.txt --ncpus 2 --saveprefix wiki_1t_test_4m_100000q --num_tree 1 --num_query 100000 --input_file ./datasets/testcases/withreal/wiki_testcases.txt
59.6  7.1 ./binary/ds_dist_test --graph ./datasets/wiki_wcc.txt --ncpus 2 --saveprefix wiki_1t_test_4m_100000q --num_tree 1 --num_query 100000 --input_file ./datasets/testcases/withreal/wiki_testcases.txt
59.8  7.1 ./binary/ds_dist_test --graph ./datasets/wiki_wcc.txt --ncpus 2 --saveprefix wiki_1t_test_4m_100000q --num_tree 1 --num_query 100000 --input_file ./datasets/testcases/withreal/wiki_testcases.txt
59.9  7.1 ./binary/ds_dist_test --graph ./datasets/wiki_wcc.txt --ncpus 2 --saveprefix wiki_1t_test_4m_100000q --num_tree 1 --num_query 100000 --input_file ./datasets/testcases/withreal/wiki_testcases.txt
55.7  7.1 ./binary/ds_dist_test --graph ./datasets/wiki_wcc.txt --ncpus 2 --saveprefix wiki_1t_test_4m_100000q --num_tree 1 --num_query 100000 --input_file ./datasets/testcases/withreal/wiki_testcases.txt
55.7  7.1 ./binary/ds_dist_test --graph ./datasets/wiki_wcc.txt --ncpus 2 --saveprefix wiki_1t_test_4m_100000q --num_tree 1 --num_query 100000 --input_file ./datasets/testcases/withreal/wiki_testcases.txt
56.0  7.2 ./binary/ds_dist_test --graph ./datasets/wiki_wcc.txt --ncpus 2 --saveprefix wiki_1t_test_4m_100000q --num_tree 1 --num_query 100000 --input_file ./datasets/testcases/withreal/wiki_testcases.txt
56.0  7.2 ./binary/ds_dist_test --graph ./datasets/wiki_wcc.txt --ncpus 2 --saveprefix wiki_1t_test_4m_100000q --num_tree 1 --num_query 100000 --input_file ./datasets/testcases/withreal/wiki_testcases.txt
56.6  7.1 ./binary/ds_dist_test --graph ./datasets/wiki_wcc.txt --ncpus 2 --saveprefix wiki_1t_test_4m_100000q --num_tree 1 --num_query 100000 --input_file ./datasets/testcases/withreal/wiki_testcases.txt
56.8  7.1 ./binary/ds_dist_test --graph ./datasets/wiki_wcc.txt --ncpus 2 --saveprefix wiki_1t_test_4m_100000q --num_tree 1 --num_query 100000 --input_file ./datasets/testcases/withreal/wiki_testcases.txt
57.4  7.1 ./binary/ds_dist_test --graph ./datasets/wiki_wcc.txt --ncpus 2 --saveprefix wiki_1t_test_4m_100000q --num_tree 1 --num_query 100000 --input_file ./datasets/testcases/withreal/wiki_testcases.txt
57.5  7.1 ./binary/ds_dist_test --graph ./datasets/wiki_wcc.txt --ncpus 2 --saveprefix wiki_1t_test_4m_100000q --num_tree 1 --num_query 100000 --input_file ./datasets/testcases/withreal/wiki_testcases.txt
