%CPU %MEM ARGS Mon Mar  7 13:32:18 CST 2016
 0.0  0.0 rsync -e ssh -o StrictHostKeyChecking=no -i /home/zlu12/.ssh/id_rsa -avz --exclude *.make --exclude *.cmake --exclude *.internal --exclude *.includecache --exclude *.o com1379:/home/zlu12/PowerGraph/release/apps/ds_dist/ /home/zlu12/PowerGraph/release/apps/ds_dist
 0.0  0.0 ssh -o StrictHostKeyChecking=no -i /home/zlu12/.ssh/id_rsa com1379 rsync --server --sender -vlogDtprze.iLs . /home/zlu12/PowerGraph/release/apps/ds_dist/
 0.0  0.0 rsync -e ssh -o StrictHostKeyChecking=no -i /home/zlu12/.ssh/id_rsa -avz --exclude *.make --exclude *.cmake --exclude *.internal --exclude *.includecache --exclude *.o com1379:/home/zlu12/PowerGraph/release/apps/ds_dist/ /home/zlu12/PowerGraph/release/apps/ds_dist
 0.0  0.0 ssh -o StrictHostKeyChecking=no -i /home/zlu12/.ssh/id_rsa com1379 rsync --server --sender -vlogDtprze.iLs . /home/zlu12/PowerGraph/release/apps/ds_dist/
 0.0  0.0 rsync -e ssh -o StrictHostKeyChecking=no -i /home/zlu12/.ssh/id_rsa -avz --exclude *.make --exclude *.cmake --exclude *.internal --exclude *.includecache --exclude *.o com1379:/home/zlu12/PowerGraph/release/apps/ds_dist/ /home/zlu12/PowerGraph/release/apps/ds_dist
 0.0  0.0 ssh -o StrictHostKeyChecking=no -i /home/zlu12/.ssh/id_rsa com1379 rsync --server --sender -vlogDtprze.iLs . /home/zlu12/PowerGraph/release/apps/ds_dist/
 0.0  0.0 rsync -e ssh -o StrictHostKeyChecking=no -i /home/zlu12/.ssh/id_rsa -avz --exclude *.make --exclude *.cmake --exclude *.internal --exclude *.includecache --exclude *.o com1379:/home/zlu12/PowerGraph/release/apps/ds_dist/ /home/zlu12/PowerGraph/release/apps/ds_dist
 0.0  0.0 rsync -e ssh -o StrictHostKeyChecking=no -i /home/zlu12/.ssh/id_rsa -avz --exclude *.make --exclude *.cmake --exclude *.internal --exclude *.includecache --exclude *.o com1379:/home/zlu12/PowerGraph/release/apps/ds_dist/ /home/zlu12/PowerGraph/release/apps/ds_dist
 0.0  0.0 ssh -o StrictHostKeyChecking=no -i /home/zlu12/.ssh/id_rsa com1379 rsync --server --sender -vlogDtprze.iLs . /home/zlu12/PowerGraph/release/apps/ds_dist/
 0.0  0.0 rsync -e ssh -o StrictHostKeyChecking=no -i /home/zlu12/.ssh/id_rsa -avz --exclude *.make --exclude *.cmake --exclude *.internal --exclude *.includecache --exclude *.o com1379:/home/zlu12/PowerGraph/release/apps/ds_dist/ /home/zlu12/PowerGraph/release/apps/ds_dist
 0.0  0.0 rsync -e ssh -o StrictHostKeyChecking=no -i /home/zlu12/.ssh/id_rsa -avz --exclude *.make --exclude *.cmake --exclude *.internal --exclude *.includecache --exclude *.o com1379:/home/zlu12/PowerGraph/release/apps/ds_dist/ /home/zlu12/PowerGraph/release/apps/ds_dist
 0.0  0.0 ssh -o StrictHostKeyChecking=no -i /home/zlu12/.ssh/id_rsa com1379 rsync --server --sender -vlogDtprze.iLs . /home/zlu12/PowerGraph/release/apps/ds_dist/
 0.0  0.0 rsync -e ssh -o StrictHostKeyChecking=no -i /home/zlu12/.ssh/id_rsa -avz --exclude *.make --exclude *.cmake --exclude *.internal --exclude *.includecache --exclude *.o com1379:/home/zlu12/PowerGraph/release/apps/ds_dist/ /home/zlu12/PowerGraph/release/apps/ds_dist
 0.0  0.0 rsync -e ssh -o StrictHostKeyChecking=no -i /home/zlu12/.ssh/id_rsa -avz --exclude *.make --exclude *.cmake --exclude *.internal --exclude *.includecache --exclude *.o com1379:/home/zlu12/PowerGraph/release/apps/ds_dist/ /home/zlu12/PowerGraph/release/apps/ds_dist
 0.0  0.0 ssh -o StrictHostKeyChecking=no -i /home/zlu12/.ssh/id_rsa com1379 rsync --server --sender -vlogDtprze.iLs . /home/zlu12/PowerGraph/release/apps/ds_dist/
 0.0  0.0 rsync -e ssh -o StrictHostKeyChecking=no -i /home/zlu12/.ssh/id_rsa -avz --exclude *.make --exclude *.cmake --exclude *.internal --exclude *.includecache --exclude *.o com1379:/home/zlu12/PowerGraph/release/apps/ds_dist/ /home/zlu12/PowerGraph/release/apps/ds_dist
 0.0  0.0 rsync -e ssh -o StrictHostKeyChecking=no -i /home/zlu12/.ssh/id_rsa -avz --exclude *.make --exclude *.cmake --exclude *.internal --exclude *.includecache --exclude *.o com1379:/home/zlu12/PowerGraph/release/apps/ds_dist/ /home/zlu12/PowerGraph/release/apps/ds_dist
 0.0  0.0 ssh -o StrictHostKeyChecking=no -i /home/zlu12/.ssh/id_rsa com1379 rsync --server --sender -vlogDtprze.iLs . /home/zlu12/PowerGraph/release/apps/ds_dist/
 0.0  0.0 rsync -e ssh -o StrictHostKeyChecking=no -i /home/zlu12/.ssh/id_rsa -avz --exclude *.make --exclude *.cmake --exclude *.internal --exclude *.includecache --exclude *.o com1379:/home/zlu12/PowerGraph/release/apps/ds_dist/ /home/zlu12/PowerGraph/release/apps/ds_dist
16.0  0.0 rsync -e ssh -o StrictHostKeyChecking=no -i /home/zlu12/.ssh/id_rsa -avz --exclude *.make --exclude *.cmake --exclude *.internal --exclude *.includecache --exclude *.o com1379:/home/zlu12/PowerGraph/release/apps/ds_dist/ /home/zlu12/PowerGraph/release/apps/ds_dist
 3.0  0.0 ssh -o StrictHostKeyChecking=no -i /home/zlu12/.ssh/id_rsa com1379 rsync --server --sender -vlogDtprze.iLs . /home/zlu12/PowerGraph/release/apps/ds_dist/
 2.0  0.0 rsync -e ssh -o StrictHostKeyChecking=no -i /home/zlu12/.ssh/id_rsa -avz --exclude *.make --exclude *.cmake --exclude *.internal --exclude *.includecache --exclude *.o com1379:/home/zlu12/PowerGraph/release/apps/ds_dist/ /home/zlu12/PowerGraph/release/apps/ds_dist
16.0  0.0 rsync -e ssh -o StrictHostKeyChecking=no -i /home/zlu12/.ssh/id_rsa -avz --exclude *.make --exclude *.cmake --exclude *.internal --exclude *.includecache --exclude *.o com1379:/home/zlu12/PowerGraph/release/apps/ds_dist/ /home/zlu12/PowerGraph/release/apps/ds_dist
 3.0  0.0 ssh -o StrictHostKeyChecking=no -i /home/zlu12/.ssh/id_rsa com1379 rsync --server --sender -vlogDtprze.iLs . /home/zlu12/PowerGraph/release/apps/ds_dist/
 4.0  0.0 rsync -e ssh -o StrictHostKeyChecking=no -i /home/zlu12/.ssh/id_rsa -avz --exclude *.make --exclude *.cmake --exclude *.internal --exclude *.includecache --exclude *.o com1379:/home/zlu12/PowerGraph/release/apps/ds_dist/ /home/zlu12/PowerGraph/release/apps/ds_dist
16.0  0.0 rsync -e ssh -o StrictHostKeyChecking=no -i /home/zlu12/.ssh/id_rsa -avz --exclude *.make --exclude *.cmake --exclude *.internal --exclude *.includecache --exclude *.o com1379:/home/zlu12/PowerGraph/release/apps/ds_dist/ /home/zlu12/PowerGraph/release/apps/ds_dist
 3.0  0.0 ssh -o StrictHostKeyChecking=no -i /home/zlu12/.ssh/id_rsa com1379 rsync --server --sender -vlogDtprze.iLs . /home/zlu12/PowerGraph/release/apps/ds_dist/
 6.0  0.0 rsync -e ssh -o StrictHostKeyChecking=no -i /home/zlu12/.ssh/id_rsa -avz --exclude *.make --exclude *.cmake --exclude *.internal --exclude *.includecache --exclude *.o com1379:/home/zlu12/PowerGraph/release/apps/ds_dist/ /home/zlu12/PowerGraph/release/apps/ds_dist
16.0  0.0 rsync -e ssh -o StrictHostKeyChecking=no -i /home/zlu12/.ssh/id_rsa -avz --exclude *.make --exclude *.cmake --exclude *.internal --exclude *.includecache --exclude *.o com1379:/home/zlu12/PowerGraph/release/apps/ds_dist/ /home/zlu12/PowerGraph/release/apps/ds_dist
 3.0  0.0 ssh -o StrictHostKeyChecking=no -i /home/zlu12/.ssh/id_rsa com1379 rsync --server --sender -vlogDtprze.iLs . /home/zlu12/PowerGraph/release/apps/ds_dist/
 7.0  0.0 rsync -e ssh -o StrictHostKeyChecking=no -i /home/zlu12/.ssh/id_rsa -avz --exclude *.make --exclude *.cmake --exclude *.internal --exclude *.includecache --exclude *.o com1379:/home/zlu12/PowerGraph/release/apps/ds_dist/ /home/zlu12/PowerGraph/release/apps/ds_dist
16.0  0.0 rsync -e ssh -o StrictHostKeyChecking=no -i /home/zlu12/.ssh/id_rsa -avz --exclude *.make --exclude *.cmake --exclude *.internal --exclude *.includecache --exclude *.o com1379:/home/zlu12/PowerGraph/release/apps/ds_dist/ /home/zlu12/PowerGraph/release/apps/ds_dist
 4.0  0.0 ssh -o StrictHostKeyChecking=no -i /home/zlu12/.ssh/id_rsa com1379 rsync --server --sender -vlogDtprze.iLs . /home/zlu12/PowerGraph/release/apps/ds_dist/
 9.0  0.0 rsync -e ssh -o StrictHostKeyChecking=no -i /home/zlu12/.ssh/id_rsa -avz --exclude *.make --exclude *.cmake --exclude *.internal --exclude *.includecache --exclude *.o com1379:/home/zlu12/PowerGraph/release/apps/ds_dist/ /home/zlu12/PowerGraph/release/apps/ds_dist
16.0  0.0 rsync -e ssh -o StrictHostKeyChecking=no -i /home/zlu12/.ssh/id_rsa -avz --exclude *.make --exclude *.cmake --exclude *.internal --exclude *.includecache --exclude *.o com1379:/home/zlu12/PowerGraph/release/apps/ds_dist/ /home/zlu12/PowerGraph/release/apps/ds_dist
 5.0  0.0 ssh -o StrictHostKeyChecking=no -i /home/zlu12/.ssh/id_rsa com1379 rsync --server --sender -vlogDtprze.iLs . /home/zlu12/PowerGraph/release/apps/ds_dist/
11.0  0.0 rsync -e ssh -o StrictHostKeyChecking=no -i /home/zlu12/.ssh/id_rsa -avz --exclude *.make --exclude *.cmake --exclude *.internal --exclude *.includecache --exclude *.o com1379:/home/zlu12/PowerGraph/release/apps/ds_dist/ /home/zlu12/PowerGraph/release/apps/ds_dist
16.0  0.0 rsync -e ssh -o StrictHostKeyChecking=no -i /home/zlu12/.ssh/id_rsa -avz --exclude *.make --exclude *.cmake --exclude *.internal --exclude *.includecache --exclude *.o com1379:/home/zlu12/PowerGraph/release/apps/ds_dist/ /home/zlu12/PowerGraph/release/apps/ds_dist
 5.0  0.0 ssh -o StrictHostKeyChecking=no -i /home/zlu12/.ssh/id_rsa com1379 rsync --server --sender -vlogDtprze.iLs . /home/zlu12/PowerGraph/release/apps/ds_dist/
12.0  0.0 rsync -e ssh -o StrictHostKeyChecking=no -i /home/zlu12/.ssh/id_rsa -avz --exclude *.make --exclude *.cmake --exclude *.internal --exclude *.includecache --exclude *.o com1379:/home/zlu12/PowerGraph/release/apps/ds_dist/ /home/zlu12/PowerGraph/release/apps/ds_dist
16.0  0.0 rsync -e ssh -o StrictHostKeyChecking=no -i /home/zlu12/.ssh/id_rsa -avz --exclude *.make --exclude *.cmake --exclude *.internal --exclude *.includecache --exclude *.o com1379:/home/zlu12/PowerGraph/release/apps/ds_dist/ /home/zlu12/PowerGraph/release/apps/ds_dist
 5.0  0.0 ssh -o StrictHostKeyChecking=no -i /home/zlu12/.ssh/id_rsa com1379 rsync --server --sender -vlogDtprze.iLs . /home/zlu12/PowerGraph/release/apps/ds_dist/
13.0  0.0 rsync -e ssh -o StrictHostKeyChecking=no -i /home/zlu12/.ssh/id_rsa -avz --exclude *.make --exclude *.cmake --exclude *.internal --exclude *.includecache --exclude *.o com1379:/home/zlu12/PowerGraph/release/apps/ds_dist/ /home/zlu12/PowerGraph/release/apps/ds_dist
16.0  0.0 rsync -e ssh -o StrictHostKeyChecking=no -i /home/zlu12/.ssh/id_rsa -avz --exclude *.make --exclude *.cmake --exclude *.internal --exclude *.includecache --exclude *.o com1379:/home/zlu12/PowerGraph/release/apps/ds_dist/ /home/zlu12/PowerGraph/release/apps/ds_dist
 5.0  0.0 ssh -o StrictHostKeyChecking=no -i /home/zlu12/.ssh/id_rsa com1379 rsync --server --sender -vlogDtprze.iLs . /home/zlu12/PowerGraph/release/apps/ds_dist/
15.0  0.0 rsync -e ssh -o StrictHostKeyChecking=no -i /home/zlu12/.ssh/id_rsa -avz --exclude *.make --exclude *.cmake --exclude *.internal --exclude *.includecache --exclude *.o com1379:/home/zlu12/PowerGraph/release/apps/ds_dist/ /home/zlu12/PowerGraph/release/apps/ds_dist
 8.0  0.0 rsync -e ssh -o StrictHostKeyChecking=no -i /home/zlu12/.ssh/id_rsa -avz --exclude *.make --exclude *.cmake --exclude *.internal --exclude *.includecache --exclude *.o com1379:/home/zlu12/PowerGraph/release/apps/ds_dist/ /home/zlu12/PowerGraph/release/apps/ds_dist
 2.5  0.0 ssh -o StrictHostKeyChecking=no -i /home/zlu12/.ssh/id_rsa com1379 rsync --server --sender -vlogDtprze.iLs . /home/zlu12/PowerGraph/release/apps/ds_dist/
 8.5  0.0 rsync -e ssh -o StrictHostKeyChecking=no -i /home/zlu12/.ssh/id_rsa -avz --exclude *.make --exclude *.cmake --exclude *.internal --exclude *.includecache --exclude *.o com1379:/home/zlu12/PowerGraph/release/apps/ds_dist/ /home/zlu12/PowerGraph/release/apps/ds_dist
 8.0  0.0 rsync -e ssh -o StrictHostKeyChecking=no -i /home/zlu12/.ssh/id_rsa -avz --exclude *.make --exclude *.cmake --exclude *.internal --exclude *.includecache --exclude *.o com1379:/home/zlu12/PowerGraph/release/apps/ds_dist/ /home/zlu12/PowerGraph/release/apps/ds_dist
 3.0  0.0 ssh -o StrictHostKeyChecking=no -i /home/zlu12/.ssh/id_rsa com1379 rsync --server --sender -vlogDtprze.iLs . /home/zlu12/PowerGraph/release/apps/ds_dist/
 8.5  0.0 rsync -e ssh -o StrictHostKeyChecking=no -i /home/zlu12/.ssh/id_rsa -avz --exclude *.make --exclude *.cmake --exclude *.internal --exclude *.includecache --exclude *.o com1379:/home/zlu12/PowerGraph/release/apps/ds_dist/ /home/zlu12/PowerGraph/release/apps/ds_dist
 8.0  0.0 rsync -e ssh -o StrictHostKeyChecking=no -i /home/zlu12/.ssh/id_rsa -avz --exclude *.make --exclude *.cmake --exclude *.internal --exclude *.includecache --exclude *.o com1379:/home/zlu12/PowerGraph/release/apps/ds_dist/ /home/zlu12/PowerGraph/release/apps/ds_dist
 3.0  0.0 ssh -o StrictHostKeyChecking=no -i /home/zlu12/.ssh/id_rsa com1379 rsync --server --sender -vlogDtprze.iLs . /home/zlu12/PowerGraph/release/apps/ds_dist/
 9.5  0.0 rsync -e ssh -o StrictHostKeyChecking=no -i /home/zlu12/.ssh/id_rsa -avz --exclude *.make --exclude *.cmake --exclude *.internal --exclude *.includecache --exclude *.o com1379:/home/zlu12/PowerGraph/release/apps/ds_dist/ /home/zlu12/PowerGraph/release/apps/ds_dist
 8.0  0.0 rsync -e ssh -o StrictHostKeyChecking=no -i /home/zlu12/.ssh/id_rsa -avz --exclude *.make --exclude *.cmake --exclude *.internal --exclude *.includecache --exclude *.o com1379:/home/zlu12/PowerGraph/release/apps/ds_dist/ /home/zlu12/PowerGraph/release/apps/ds_dist
 3.0  0.0 ssh -o StrictHostKeyChecking=no -i /home/zlu12/.ssh/id_rsa com1379 rsync --server --sender -vlogDtprze.iLs . /home/zlu12/PowerGraph/release/apps/ds_dist/
10.0  0.0 rsync -e ssh -o StrictHostKeyChecking=no -i /home/zlu12/.ssh/id_rsa -avz --exclude *.make --exclude *.cmake --exclude *.internal --exclude *.includecache --exclude *.o com1379:/home/zlu12/PowerGraph/release/apps/ds_dist/ /home/zlu12/PowerGraph/release/apps/ds_dist
 8.0  0.0 rsync -e ssh -o StrictHostKeyChecking=no -i /home/zlu12/.ssh/id_rsa -avz --exclude *.make --exclude *.cmake --exclude *.internal --exclude *.includecache --exclude *.o com1379:/home/zlu12/PowerGraph/release/apps/ds_dist/ /home/zlu12/PowerGraph/release/apps/ds_dist
 3.5  0.0 ssh -o StrictHostKeyChecking=no -i /home/zlu12/.ssh/id_rsa com1379 rsync --server --sender -vlogDtprze.iLs . /home/zlu12/PowerGraph/release/apps/ds_dist/
10.5  0.0 rsync -e ssh -o StrictHostKeyChecking=no -i /home/zlu12/.ssh/id_rsa -avz --exclude *.make --exclude *.cmake --exclude *.internal --exclude *.includecache --exclude *.o com1379:/home/zlu12/PowerGraph/release/apps/ds_dist/ /home/zlu12/PowerGraph/release/apps/ds_dist
 8.0  0.0 rsync -e ssh -o StrictHostKeyChecking=no -i /home/zlu12/.ssh/id_rsa -avz --exclude *.make --exclude *.cmake --exclude *.internal --exclude *.includecache --exclude *.o com1379:/home/zlu12/PowerGraph/release/apps/ds_dist/ /home/zlu12/PowerGraph/release/apps/ds_dist
 3.5  0.0 ssh -o StrictHostKeyChecking=no -i /home/zlu12/.ssh/id_rsa com1379 rsync --server --sender -vlogDtprze.iLs . /home/zlu12/PowerGraph/release/apps/ds_dist/
11.5  0.0 rsync -e ssh -o StrictHostKeyChecking=no -i /home/zlu12/.ssh/id_rsa -avz --exclude *.make --exclude *.cmake --exclude *.internal --exclude *.includecache --exclude *.o com1379:/home/zlu12/PowerGraph/release/apps/ds_dist/ /home/zlu12/PowerGraph/release/apps/ds_dist
 8.0  0.0 rsync -e ssh -o StrictHostKeyChecking=no -i /home/zlu12/.ssh/id_rsa -avz --exclude *.make --exclude *.cmake --exclude *.internal --exclude *.includecache --exclude *.o com1379:/home/zlu12/PowerGraph/release/apps/ds_dist/ /home/zlu12/PowerGraph/release/apps/ds_dist
 3.5  0.0 ssh -o StrictHostKeyChecking=no -i /home/zlu12/.ssh/id_rsa com1379 rsync --server --sender -vlogDtprze.iLs . /home/zlu12/PowerGraph/release/apps/ds_dist/
11.5  0.0 rsync -e ssh -o StrictHostKeyChecking=no -i /home/zlu12/.ssh/id_rsa -avz --exclude *.make --exclude *.cmake --exclude *.internal --exclude *.includecache --exclude *.o com1379:/home/zlu12/PowerGraph/release/apps/ds_dist/ /home/zlu12/PowerGraph/release/apps/ds_dist
 8.0  0.0 rsync -e ssh -o StrictHostKeyChecking=no -i /home/zlu12/.ssh/id_rsa -avz --exclude *.make --exclude *.cmake --exclude *.internal --exclude *.includecache --exclude *.o com1379:/home/zlu12/PowerGraph/release/apps/ds_dist/ /home/zlu12/PowerGraph/release/apps/ds_dist
 3.5  0.0 ssh -o StrictHostKeyChecking=no -i /home/zlu12/.ssh/id_rsa com1379 rsync --server --sender -vlogDtprze.iLs . /home/zlu12/PowerGraph/release/apps/ds_dist/
11.5  0.0 rsync -e ssh -o StrictHostKeyChecking=no -i /home/zlu12/.ssh/id_rsa -avz --exclude *.make --exclude *.cmake --exclude *.internal --exclude *.includecache --exclude *.o com1379:/home/zlu12/PowerGraph/release/apps/ds_dist/ /home/zlu12/PowerGraph/release/apps/ds_dist
 8.0  0.0 rsync -e ssh -o StrictHostKeyChecking=no -i /home/zlu12/.ssh/id_rsa -avz --exclude *.make --exclude *.cmake --exclude *.internal --exclude *.includecache --exclude *.o com1379:/home/zlu12/PowerGraph/release/apps/ds_dist/ /home/zlu12/PowerGraph/release/apps/ds_dist
 3.5  0.0 ssh -o StrictHostKeyChecking=no -i /home/zlu12/.ssh/id_rsa com1379 rsync --server --sender -vlogDtprze.iLs . /home/zlu12/PowerGraph/release/apps/ds_dist/
13.5  0.0 rsync -e ssh -o StrictHostKeyChecking=no -i /home/zlu12/.ssh/id_rsa -avz --exclude *.make --exclude *.cmake --exclude *.internal --exclude *.includecache --exclude *.o com1379:/home/zlu12/PowerGraph/release/apps/ds_dist/ /home/zlu12/PowerGraph/release/apps/ds_dist
 5.3  0.0 rsync -e ssh -o StrictHostKeyChecking=no -i /home/zlu12/.ssh/id_rsa -avz --exclude *.make --exclude *.cmake --exclude *.internal --exclude *.includecache --exclude *.o com1379:/home/zlu12/PowerGraph/release/apps/ds_dist/ /home/zlu12/PowerGraph/release/apps/ds_dist
 2.3  0.0 ssh -o StrictHostKeyChecking=no -i /home/zlu12/.ssh/id_rsa com1379 rsync --server --sender -vlogDtprze.iLs . /home/zlu12/PowerGraph/release/apps/ds_dist/
10.0  0.0 rsync -e ssh -o StrictHostKeyChecking=no -i /home/zlu12/.ssh/id_rsa -avz --exclude *.make --exclude *.cmake --exclude *.internal --exclude *.includecache --exclude *.o com1379:/home/zlu12/PowerGraph/release/apps/ds_dist/ /home/zlu12/PowerGraph/release/apps/ds_dist
 5.3  0.0 rsync -e ssh -o StrictHostKeyChecking=no -i /home/zlu12/.ssh/id_rsa -avz --exclude *.make --exclude *.cmake --exclude *.internal --exclude *.includecache --exclude *.o com1379:/home/zlu12/PowerGraph/release/apps/ds_dist/ /home/zlu12/PowerGraph/release/apps/ds_dist
 2.6  0.0 ssh -o StrictHostKeyChecking=no -i /home/zlu12/.ssh/id_rsa com1379 rsync --server --sender -vlogDtprze.iLs . /home/zlu12/PowerGraph/release/apps/ds_dist/
11.0  0.0 rsync -e ssh -o StrictHostKeyChecking=no -i /home/zlu12/.ssh/id_rsa -avz --exclude *.make --exclude *.cmake --exclude *.internal --exclude *.includecache --exclude *.o com1379:/home/zlu12/PowerGraph/release/apps/ds_dist/ /home/zlu12/PowerGraph/release/apps/ds_dist
 5.3  0.0 rsync -e ssh -o StrictHostKeyChecking=no -i /home/zlu12/.ssh/id_rsa -avz --exclude *.make --exclude *.cmake --exclude *.internal --exclude *.includecache --exclude *.o com1379:/home/zlu12/PowerGraph/release/apps/ds_dist/ /home/zlu12/PowerGraph/release/apps/ds_dist
 2.6  0.0 ssh -o StrictHostKeyChecking=no -i /home/zlu12/.ssh/id_rsa com1379 rsync --server --sender -vlogDtprze.iLs . /home/zlu12/PowerGraph/release/apps/ds_dist/
11.6  0.0 rsync -e ssh -o StrictHostKeyChecking=no -i /home/zlu12/.ssh/id_rsa -avz --exclude *.make --exclude *.cmake --exclude *.internal --exclude *.includecache --exclude *.o com1379:/home/zlu12/PowerGraph/release/apps/ds_dist/ /home/zlu12/PowerGraph/release/apps/ds_dist
 5.3  0.0 rsync -e ssh -o StrictHostKeyChecking=no -i /home/zlu12/.ssh/id_rsa -avz --exclude *.make --exclude *.cmake --exclude *.internal --exclude *.includecache --exclude *.o com1379:/home/zlu12/PowerGraph/release/apps/ds_dist/ /home/zlu12/PowerGraph/release/apps/ds_dist
 3.0  0.0 ssh -o StrictHostKeyChecking=no -i /home/zlu12/.ssh/id_rsa com1379 rsync --server --sender -vlogDtprze.iLs . /home/zlu12/PowerGraph/release/apps/ds_dist/
12.3  0.0 rsync -e ssh -o StrictHostKeyChecking=no -i /home/zlu12/.ssh/id_rsa -avz --exclude *.make --exclude *.cmake --exclude *.internal --exclude *.includecache --exclude *.o com1379:/home/zlu12/PowerGraph/release/apps/ds_dist/ /home/zlu12/PowerGraph/release/apps/ds_dist
 0.0  0.0 ./binary/ds_dist_test --graph ./datasets/wiki_wcc.txt --ncpus 2 --saveprefix wiki_1t_test_4m_100000q --num_tree 1 --num_query 100000 --input_file ./datasets/testcases/withreal/wiki_testcases.txt
 0.0  0.2 ./binary/ds_dist_test --graph ./datasets/wiki_wcc.txt --ncpus 2 --saveprefix wiki_1t_test_4m_100000q --num_tree 1 --num_query 100000 --input_file ./datasets/testcases/withreal/wiki_testcases.txt
 0.0  0.2 ./binary/ds_dist_test --graph ./datasets/wiki_wcc.txt --ncpus 2 --saveprefix wiki_1t_test_4m_100000q --num_tree 1 --num_query 100000 --input_file ./datasets/testcases/withreal/wiki_testcases.txt
 0.0  0.2 ./binary/ds_dist_test --graph ./datasets/wiki_wcc.txt --ncpus 2 --saveprefix wiki_1t_test_4m_100000q --num_tree 1 --num_query 100000 --input_file ./datasets/testcases/withreal/wiki_testcases.txt
 0.0  0.3 ./binary/ds_dist_test --graph ./datasets/wiki_wcc.txt --ncpus 2 --saveprefix wiki_1t_test_4m_100000q --num_tree 1 --num_query 100000 --input_file ./datasets/testcases/withreal/wiki_testcases.txt
 0.0  0.3 ./binary/ds_dist_test --graph ./datasets/wiki_wcc.txt --ncpus 2 --saveprefix wiki_1t_test_4m_100000q --num_tree 1 --num_query 100000 --input_file ./datasets/testcases/withreal/wiki_testcases.txt
 0.0  0.3 ./binary/ds_dist_test --graph ./datasets/wiki_wcc.txt --ncpus 2 --saveprefix wiki_1t_test_4m_100000q --num_tree 1 --num_query 100000 --input_file ./datasets/testcases/withreal/wiki_testcases.txt
10.0  0.3 ./binary/ds_dist_test --graph ./datasets/wiki_wcc.txt --ncpus 2 --saveprefix wiki_1t_test_4m_100000q --num_tree 1 --num_query 100000 --input_file ./datasets/testcases/withreal/wiki_testcases.txt
10.0  0.3 ./binary/ds_dist_test --graph ./datasets/wiki_wcc.txt --ncpus 2 --saveprefix wiki_1t_test_4m_100000q --num_tree 1 --num_query 100000 --input_file ./datasets/testcases/withreal/wiki_testcases.txt
10.0  0.3 ./binary/ds_dist_test --graph ./datasets/wiki_wcc.txt --ncpus 2 --saveprefix wiki_1t_test_4m_100000q --num_tree 1 --num_query 100000 --input_file ./datasets/testcases/withreal/wiki_testcases.txt
10.0  0.3 ./binary/ds_dist_test --graph ./datasets/wiki_wcc.txt --ncpus 2 --saveprefix wiki_1t_test_4m_100000q --num_tree 1 --num_query 100000 --input_file ./datasets/testcases/withreal/wiki_testcases.txt
10.0  0.3 ./binary/ds_dist_test --graph ./datasets/wiki_wcc.txt --ncpus 2 --saveprefix wiki_1t_test_4m_100000q --num_tree 1 --num_query 100000 --input_file ./datasets/testcases/withreal/wiki_testcases.txt
10.0  0.3 ./binary/ds_dist_test --graph ./datasets/wiki_wcc.txt --ncpus 2 --saveprefix wiki_1t_test_4m_100000q --num_tree 1 --num_query 100000 --input_file ./datasets/testcases/withreal/wiki_testcases.txt
10.0  0.3 ./binary/ds_dist_test --graph ./datasets/wiki_wcc.txt --ncpus 2 --saveprefix wiki_1t_test_4m_100000q --num_tree 1 --num_query 100000 --input_file ./datasets/testcases/withreal/wiki_testcases.txt
10.0  0.3 ./binary/ds_dist_test --graph ./datasets/wiki_wcc.txt --ncpus 2 --saveprefix wiki_1t_test_4m_100000q --num_tree 1 --num_query 100000 --input_file ./datasets/testcases/withreal/wiki_testcases.txt
11.0  0.3 ./binary/ds_dist_test --graph ./datasets/wiki_wcc.txt --ncpus 2 --saveprefix wiki_1t_test_4m_100000q --num_tree 1 --num_query 100000 --input_file ./datasets/testcases/withreal/wiki_testcases.txt
 6.0  0.3 ./binary/ds_dist_test --graph ./datasets/wiki_wcc.txt --ncpus 2 --saveprefix wiki_1t_test_4m_100000q --num_tree 1 --num_query 100000 --input_file ./datasets/testcases/withreal/wiki_testcases.txt
 6.0  0.3 ./binary/ds_dist_test --graph ./datasets/wiki_wcc.txt --ncpus 2 --saveprefix wiki_1t_test_4m_100000q --num_tree 1 --num_query 100000 --input_file ./datasets/testcases/withreal/wiki_testcases.txt
 7.0  0.3 ./binary/ds_dist_test --graph ./datasets/wiki_wcc.txt --ncpus 2 --saveprefix wiki_1t_test_4m_100000q --num_tree 1 --num_query 100000 --input_file ./datasets/testcases/withreal/wiki_testcases.txt
 7.5  0.3 ./binary/ds_dist_test --graph ./datasets/wiki_wcc.txt --ncpus 2 --saveprefix wiki_1t_test_4m_100000q --num_tree 1 --num_query 100000 --input_file ./datasets/testcases/withreal/wiki_testcases.txt
 8.5  0.4 ./binary/ds_dist_test --graph ./datasets/wiki_wcc.txt --ncpus 2 --saveprefix wiki_1t_test_4m_100000q --num_tree 1 --num_query 100000 --input_file ./datasets/testcases/withreal/wiki_testcases.txt
 9.0  0.4 ./binary/ds_dist_test --graph ./datasets/wiki_wcc.txt --ncpus 2 --saveprefix wiki_1t_test_4m_100000q --num_tree 1 --num_query 100000 --input_file ./datasets/testcases/withreal/wiki_testcases.txt
 9.5  0.4 ./binary/ds_dist_test --graph ./datasets/wiki_wcc.txt --ncpus 2 --saveprefix wiki_1t_test_4m_100000q --num_tree 1 --num_query 100000 --input_file ./datasets/testcases/withreal/wiki_testcases.txt
 9.5  0.5 ./binary/ds_dist_test --graph ./datasets/wiki_wcc.txt --ncpus 2 --saveprefix wiki_1t_test_4m_100000q --num_tree 1 --num_query 100000 --input_file ./datasets/testcases/withreal/wiki_testcases.txt
10.0  0.5 ./binary/ds_dist_test --graph ./datasets/wiki_wcc.txt --ncpus 2 --saveprefix wiki_1t_test_4m_100000q --num_tree 1 --num_query 100000 --input_file ./datasets/testcases/withreal/wiki_testcases.txt
 7.0  0.5 ./binary/ds_dist_test --graph ./datasets/wiki_wcc.txt --ncpus 2 --saveprefix wiki_1t_test_4m_100000q --num_tree 1 --num_query 100000 --input_file ./datasets/testcases/withreal/wiki_testcases.txt
 7.3  0.6 ./binary/ds_dist_test --graph ./datasets/wiki_wcc.txt --ncpus 2 --saveprefix wiki_1t_test_4m_100000q --num_tree 1 --num_query 100000 --input_file ./datasets/testcases/withreal/wiki_testcases.txt
 7.6  0.6 ./binary/ds_dist_test --graph ./datasets/wiki_wcc.txt --ncpus 2 --saveprefix wiki_1t_test_4m_100000q --num_tree 1 --num_query 100000 --input_file ./datasets/testcases/withreal/wiki_testcases.txt
 8.0  0.6 ./binary/ds_dist_test --graph ./datasets/wiki_wcc.txt --ncpus 2 --saveprefix wiki_1t_test_4m_100000q --num_tree 1 --num_query 100000 --input_file ./datasets/testcases/withreal/wiki_testcases.txt
11.6  1.2 ./binary/ds_dist_test --graph ./datasets/wiki_wcc.txt --ncpus 2 --saveprefix wiki_1t_test_4m_100000q --num_tree 1 --num_query 100000 --input_file ./datasets/testcases/withreal/wiki_testcases.txt
15.3  1.8 ./binary/ds_dist_test --graph ./datasets/wiki_wcc.txt --ncpus 2 --saveprefix wiki_1t_test_4m_100000q --num_tree 1 --num_query 100000 --input_file ./datasets/testcases/withreal/wiki_testcases.txt
18.6  2.2 ./binary/ds_dist_test --graph ./datasets/wiki_wcc.txt --ncpus 2 --saveprefix wiki_1t_test_4m_100000q --num_tree 1 --num_query 100000 --input_file ./datasets/testcases/withreal/wiki_testcases.txt
24.3  2.2 ./binary/ds_dist_test --graph ./datasets/wiki_wcc.txt --ncpus 2 --saveprefix wiki_1t_test_4m_100000q --num_tree 1 --num_query 100000 --input_file ./datasets/testcases/withreal/wiki_testcases.txt
28.3  3.1 ./binary/ds_dist_test --graph ./datasets/wiki_wcc.txt --ncpus 2 --saveprefix wiki_1t_test_4m_100000q --num_tree 1 --num_query 100000 --input_file ./datasets/testcases/withreal/wiki_testcases.txt
24.2  3.1 ./binary/ds_dist_test --graph ./datasets/wiki_wcc.txt --ncpus 2 --saveprefix wiki_1t_test_4m_100000q --num_tree 1 --num_query 100000 --input_file ./datasets/testcases/withreal/wiki_testcases.txt
29.0  3.1 ./binary/ds_dist_test --graph ./datasets/wiki_wcc.txt --ncpus 2 --saveprefix wiki_1t_test_4m_100000q --num_tree 1 --num_query 100000 --input_file ./datasets/testcases/withreal/wiki_testcases.txt
33.7  3.1 ./binary/ds_dist_test --graph ./datasets/wiki_wcc.txt --ncpus 2 --saveprefix wiki_1t_test_4m_100000q --num_tree 1 --num_query 100000 --input_file ./datasets/testcases/withreal/wiki_testcases.txt
36.5  4.8 ./binary/ds_dist_test --graph ./datasets/wiki_wcc.txt --ncpus 2 --saveprefix wiki_1t_test_4m_100000q --num_tree 1 --num_query 100000 --input_file ./datasets/testcases/withreal/wiki_testcases.txt
39.0  5.8 ./binary/ds_dist_test --graph ./datasets/wiki_wcc.txt --ncpus 2 --saveprefix wiki_1t_test_4m_100000q --num_tree 1 --num_query 100000 --input_file ./datasets/testcases/withreal/wiki_testcases.txt
44.2  5.8 ./binary/ds_dist_test --graph ./datasets/wiki_wcc.txt --ncpus 2 --saveprefix wiki_1t_test_4m_100000q --num_tree 1 --num_query 100000 --input_file ./datasets/testcases/withreal/wiki_testcases.txt
48.2  5.8 ./binary/ds_dist_test --graph ./datasets/wiki_wcc.txt --ncpus 2 --saveprefix wiki_1t_test_4m_100000q --num_tree 1 --num_query 100000 --input_file ./datasets/testcases/withreal/wiki_testcases.txt
51.5  5.8 ./binary/ds_dist_test --graph ./datasets/wiki_wcc.txt --ncpus 2 --saveprefix wiki_1t_test_4m_100000q --num_tree 1 --num_query 100000 --input_file ./datasets/testcases/withreal/wiki_testcases.txt
56.5  5.8 ./binary/ds_dist_test --graph ./datasets/wiki_wcc.txt --ncpus 2 --saveprefix wiki_1t_test_4m_100000q --num_tree 1 --num_query 100000 --input_file ./datasets/testcases/withreal/wiki_testcases.txt
47.2  5.8 ./binary/ds_dist_test --graph ./datasets/wiki_wcc.txt --ncpus 2 --saveprefix wiki_1t_test_4m_100000q --num_tree 1 --num_query 100000 --input_file ./datasets/testcases/withreal/wiki_testcases.txt
48.8  5.8 ./binary/ds_dist_test --graph ./datasets/wiki_wcc.txt --ncpus 2 --saveprefix wiki_1t_test_4m_100000q --num_tree 1 --num_query 100000 --input_file ./datasets/testcases/withreal/wiki_testcases.txt
48.8  5.8 ./binary/ds_dist_test --graph ./datasets/wiki_wcc.txt --ncpus 2 --saveprefix wiki_1t_test_4m_100000q --num_tree 1 --num_query 100000 --input_file ./datasets/testcases/withreal/wiki_testcases.txt
48.8  5.8 ./binary/ds_dist_test --graph ./datasets/wiki_wcc.txt --ncpus 2 --saveprefix wiki_1t_test_4m_100000q --num_tree 1 --num_query 100000 --input_file ./datasets/testcases/withreal/wiki_testcases.txt
49.8  6.3 ./binary/ds_dist_test --graph ./datasets/wiki_wcc.txt --ncpus 2 --saveprefix wiki_1t_test_4m_100000q --num_tree 1 --num_query 100000 --input_file ./datasets/testcases/withreal/wiki_testcases.txt
50.0  6.3 ./binary/ds_dist_test --graph ./datasets/wiki_wcc.txt --ncpus 2 --saveprefix wiki_1t_test_4m_100000q --num_tree 1 --num_query 100000 --input_file ./datasets/testcases/withreal/wiki_testcases.txt
50.6  6.3 ./binary/ds_dist_test --graph ./datasets/wiki_wcc.txt --ncpus 2 --saveprefix wiki_1t_test_4m_100000q --num_tree 1 --num_query 100000 --input_file ./datasets/testcases/withreal/wiki_testcases.txt
52.4  6.3 ./binary/ds_dist_test --graph ./datasets/wiki_wcc.txt --ncpus 2 --saveprefix wiki_1t_test_4m_100000q --num_tree 1 --num_query 100000 --input_file ./datasets/testcases/withreal/wiki_testcases.txt
53.2  6.3 ./binary/ds_dist_test --graph ./datasets/wiki_wcc.txt --ncpus 2 --saveprefix wiki_1t_test_4m_100000q --num_tree 1 --num_query 100000 --input_file ./datasets/testcases/withreal/wiki_testcases.txt
45.1  6.3 ./binary/ds_dist_test --graph ./datasets/wiki_wcc.txt --ncpus 2 --saveprefix wiki_1t_test_4m_100000q --num_tree 1 --num_query 100000 --input_file ./datasets/testcases/withreal/wiki_testcases.txt
47.1  6.3 ./binary/ds_dist_test --graph ./datasets/wiki_wcc.txt --ncpus 2 --saveprefix wiki_1t_test_4m_100000q --num_tree 1 --num_query 100000 --input_file ./datasets/testcases/withreal/wiki_testcases.txt
49.8  6.3 ./binary/ds_dist_test --graph ./datasets/wiki_wcc.txt --ncpus 2 --saveprefix wiki_1t_test_4m_100000q --num_tree 1 --num_query 100000 --input_file ./datasets/testcases/withreal/wiki_testcases.txt
50.8  6.3 ./binary/ds_dist_test --graph ./datasets/wiki_wcc.txt --ncpus 2 --saveprefix wiki_1t_test_4m_100000q --num_tree 1 --num_query 100000 --input_file ./datasets/testcases/withreal/wiki_testcases.txt
54.8  6.3 ./binary/ds_dist_test --graph ./datasets/wiki_wcc.txt --ncpus 2 --saveprefix wiki_1t_test_4m_100000q --num_tree 1 --num_query 100000 --input_file ./datasets/testcases/withreal/wiki_testcases.txt
56.3  6.3 ./binary/ds_dist_test --graph ./datasets/wiki_wcc.txt --ncpus 2 --saveprefix wiki_1t_test_4m_100000q --num_tree 1 --num_query 100000 --input_file ./datasets/testcases/withreal/wiki_testcases.txt
58.5  6.3 ./binary/ds_dist_test --graph ./datasets/wiki_wcc.txt --ncpus 2 --saveprefix wiki_1t_test_4m_100000q --num_tree 1 --num_query 100000 --input_file ./datasets/testcases/withreal/wiki_testcases.txt
60.1  6.3 ./binary/ds_dist_test --graph ./datasets/wiki_wcc.txt --ncpus 2 --saveprefix wiki_1t_test_4m_100000q --num_tree 1 --num_query 100000 --input_file ./datasets/testcases/withreal/wiki_testcases.txt
64.1  6.3 ./binary/ds_dist_test --graph ./datasets/wiki_wcc.txt --ncpus 2 --saveprefix wiki_1t_test_4m_100000q --num_tree 1 --num_query 100000 --input_file ./datasets/testcases/withreal/wiki_testcases.txt
58.5  6.3 ./binary/ds_dist_test --graph ./datasets/wiki_wcc.txt --ncpus 2 --saveprefix wiki_1t_test_4m_100000q --num_tree 1 --num_query 100000 --input_file ./datasets/testcases/withreal/wiki_testcases.txt
62.0  6.4 ./binary/ds_dist_test --graph ./datasets/wiki_wcc.txt --ncpus 2 --saveprefix wiki_1t_test_4m_100000q --num_tree 1 --num_query 100000 --input_file ./datasets/testcases/withreal/wiki_testcases.txt
62.8  6.4 ./binary/ds_dist_test --graph ./datasets/wiki_wcc.txt --ncpus 2 --saveprefix wiki_1t_test_4m_100000q --num_tree 1 --num_query 100000 --input_file ./datasets/testcases/withreal/wiki_testcases.txt
63.1  6.4 ./binary/ds_dist_test --graph ./datasets/wiki_wcc.txt --ncpus 2 --saveprefix wiki_1t_test_4m_100000q --num_tree 1 --num_query 100000 --input_file ./datasets/testcases/withreal/wiki_testcases.txt
65.7  6.4 ./binary/ds_dist_test --graph ./datasets/wiki_wcc.txt --ncpus 2 --saveprefix wiki_1t_test_4m_100000q --num_tree 1 --num_query 100000 --input_file ./datasets/testcases/withreal/wiki_testcases.txt
66.4  6.4 ./binary/ds_dist_test --graph ./datasets/wiki_wcc.txt --ncpus 2 --saveprefix wiki_1t_test_4m_100000q --num_tree 1 --num_query 100000 --input_file ./datasets/testcases/withreal/wiki_testcases.txt
66.7  6.4 ./binary/ds_dist_test --graph ./datasets/wiki_wcc.txt --ncpus 2 --saveprefix wiki_1t_test_4m_100000q --num_tree 1 --num_query 100000 --input_file ./datasets/testcases/withreal/wiki_testcases.txt
66.8  6.4 ./binary/ds_dist_test --graph ./datasets/wiki_wcc.txt --ncpus 2 --saveprefix wiki_1t_test_4m_100000q --num_tree 1 --num_query 100000 --input_file ./datasets/testcases/withreal/wiki_testcases.txt
66.8  6.4 ./binary/ds_dist_test --graph ./datasets/wiki_wcc.txt --ncpus 2 --saveprefix wiki_1t_test_4m_100000q --num_tree 1 --num_query 100000 --input_file ./datasets/testcases/withreal/wiki_testcases.txt
58.6  6.4 ./binary/ds_dist_test --graph ./datasets/wiki_wcc.txt --ncpus 2 --saveprefix wiki_1t_test_4m_100000q --num_tree 1 --num_query 100000 --input_file ./datasets/testcases/withreal/wiki_testcases.txt
58.7  6.4 ./binary/ds_dist_test --graph ./datasets/wiki_wcc.txt --ncpus 2 --saveprefix wiki_1t_test_4m_100000q --num_tree 1 --num_query 100000 --input_file ./datasets/testcases/withreal/wiki_testcases.txt
58.8  6.4 ./binary/ds_dist_test --graph ./datasets/wiki_wcc.txt --ncpus 2 --saveprefix wiki_1t_test_4m_100000q --num_tree 1 --num_query 100000 --input_file ./datasets/testcases/withreal/wiki_testcases.txt
59.0  6.4 ./binary/ds_dist_test --graph ./datasets/wiki_wcc.txt --ncpus 2 --saveprefix wiki_1t_test_4m_100000q --num_tree 1 --num_query 100000 --input_file ./datasets/testcases/withreal/wiki_testcases.txt
59.8  6.4 ./binary/ds_dist_test --graph ./datasets/wiki_wcc.txt --ncpus 2 --saveprefix wiki_1t_test_4m_100000q --num_tree 1 --num_query 100000 --input_file ./datasets/testcases/withreal/wiki_testcases.txt
59.8  6.4 ./binary/ds_dist_test --graph ./datasets/wiki_wcc.txt --ncpus 2 --saveprefix wiki_1t_test_4m_100000q --num_tree 1 --num_query 100000 --input_file ./datasets/testcases/withreal/wiki_testcases.txt
60.8  6.4 ./binary/ds_dist_test --graph ./datasets/wiki_wcc.txt --ncpus 2 --saveprefix wiki_1t_test_4m_100000q --num_tree 1 --num_query 100000 --input_file ./datasets/testcases/withreal/wiki_testcases.txt
61.1  6.4 ./binary/ds_dist_test --graph ./datasets/wiki_wcc.txt --ncpus 2 --saveprefix wiki_1t_test_4m_100000q --num_tree 1 --num_query 100000 --input_file ./datasets/testcases/withreal/wiki_testcases.txt
61.2  6.4 ./binary/ds_dist_test --graph ./datasets/wiki_wcc.txt --ncpus 2 --saveprefix wiki_1t_test_4m_100000q --num_tree 1 --num_query 100000 --input_file ./datasets/testcases/withreal/wiki_testcases.txt
54.6  6.4 ./binary/ds_dist_test --graph ./datasets/wiki_wcc.txt --ncpus 2 --saveprefix wiki_1t_test_4m_100000q --num_tree 1 --num_query 100000 --input_file ./datasets/testcases/withreal/wiki_testcases.txt
55.8  6.4 ./binary/ds_dist_test --graph ./datasets/wiki_wcc.txt --ncpus 2 --saveprefix wiki_1t_test_4m_100000q --num_tree 1 --num_query 100000 --input_file ./datasets/testcases/withreal/wiki_testcases.txt
56.0  6.4 ./binary/ds_dist_test --graph ./datasets/wiki_wcc.txt --ncpus 2 --saveprefix wiki_1t_test_4m_100000q --num_tree 1 --num_query 100000 --input_file ./datasets/testcases/withreal/wiki_testcases.txt
56.1  6.4 ./binary/ds_dist_test --graph ./datasets/wiki_wcc.txt --ncpus 2 --saveprefix wiki_1t_test_4m_100000q --num_tree 1 --num_query 100000 --input_file ./datasets/testcases/withreal/wiki_testcases.txt
56.2  6.4 ./binary/ds_dist_test --graph ./datasets/wiki_wcc.txt --ncpus 2 --saveprefix wiki_1t_test_4m_100000q --num_tree 1 --num_query 100000 --input_file ./datasets/testcases/withreal/wiki_testcases.txt
56.4  6.4 ./binary/ds_dist_test --graph ./datasets/wiki_wcc.txt --ncpus 2 --saveprefix wiki_1t_test_4m_100000q --num_tree 1 --num_query 100000 --input_file ./datasets/testcases/withreal/wiki_testcases.txt
57.4  6.4 ./binary/ds_dist_test --graph ./datasets/wiki_wcc.txt --ncpus 2 --saveprefix wiki_1t_test_4m_100000q --num_tree 1 --num_query 100000 --input_file ./datasets/testcases/withreal/wiki_testcases.txt
58.7  6.4 ./binary/ds_dist_test --graph ./datasets/wiki_wcc.txt --ncpus 2 --saveprefix wiki_1t_test_4m_100000q --num_tree 1 --num_query 100000 --input_file ./datasets/testcases/withreal/wiki_testcases.txt
58.7  6.4 ./binary/ds_dist_test --graph ./datasets/wiki_wcc.txt --ncpus 2 --saveprefix wiki_1t_test_4m_100000q --num_tree 1 --num_query 100000 --input_file ./datasets/testcases/withreal/wiki_testcases.txt
52.9  6.4 ./binary/ds_dist_test --graph ./datasets/wiki_wcc.txt --ncpus 2 --saveprefix wiki_1t_test_4m_100000q --num_tree 1 --num_query 100000 --input_file ./datasets/testcases/withreal/wiki_testcases.txt
53.4  6.7 ./binary/ds_dist_test --graph ./datasets/wiki_wcc.txt --ncpus 2 --saveprefix wiki_1t_test_4m_100000q --num_tree 1 --num_query 100000 --input_file ./datasets/testcases/withreal/wiki_testcases.txt
54.1  6.7 ./binary/ds_dist_test --graph ./datasets/wiki_wcc.txt --ncpus 2 --saveprefix wiki_1t_test_4m_100000q --num_tree 1 --num_query 100000 --input_file ./datasets/testcases/withreal/wiki_testcases.txt
54.6  6.7 ./binary/ds_dist_test --graph ./datasets/wiki_wcc.txt --ncpus 2 --saveprefix wiki_1t_test_4m_100000q --num_tree 1 --num_query 100000 --input_file ./datasets/testcases/withreal/wiki_testcases.txt
55.2  6.7 ./binary/ds_dist_test --graph ./datasets/wiki_wcc.txt --ncpus 2 --saveprefix wiki_1t_test_4m_100000q --num_tree 1 --num_query 100000 --input_file ./datasets/testcases/withreal/wiki_testcases.txt
56.3  6.7 ./binary/ds_dist_test --graph ./datasets/wiki_wcc.txt --ncpus 2 --saveprefix wiki_1t_test_4m_100000q --num_tree 1 --num_query 100000 --input_file ./datasets/testcases/withreal/wiki_testcases.txt
57.7  6.8 ./binary/ds_dist_test --graph ./datasets/wiki_wcc.txt --ncpus 2 --saveprefix wiki_1t_test_4m_100000q --num_tree 1 --num_query 100000 --input_file ./datasets/testcases/withreal/wiki_testcases.txt
60.0  6.8 ./binary/ds_dist_test --graph ./datasets/wiki_wcc.txt --ncpus 2 --saveprefix wiki_1t_test_4m_100000q --num_tree 1 --num_query 100000 --input_file ./datasets/testcases/withreal/wiki_testcases.txt
62.3  6.8 ./binary/ds_dist_test --graph ./datasets/wiki_wcc.txt --ncpus 2 --saveprefix wiki_1t_test_4m_100000q --num_tree 1 --num_query 100000 --input_file ./datasets/testcases/withreal/wiki_testcases.txt
58.7  6.8 ./binary/ds_dist_test --graph ./datasets/wiki_wcc.txt --ncpus 2 --saveprefix wiki_1t_test_4m_100000q --num_tree 1 --num_query 100000 --input_file ./datasets/testcases/withreal/wiki_testcases.txt
60.8  6.8 ./binary/ds_dist_test --graph ./datasets/wiki_wcc.txt --ncpus 2 --saveprefix wiki_1t_test_4m_100000q --num_tree 1 --num_query 100000 --input_file ./datasets/testcases/withreal/wiki_testcases.txt
62.9  6.8 ./binary/ds_dist_test --graph ./datasets/wiki_wcc.txt --ncpus 2 --saveprefix wiki_1t_test_4m_100000q --num_tree 1 --num_query 100000 --input_file ./datasets/testcases/withreal/wiki_testcases.txt
63.7  6.8 ./binary/ds_dist_test --graph ./datasets/wiki_wcc.txt --ncpus 2 --saveprefix wiki_1t_test_4m_100000q --num_tree 1 --num_query 100000 --input_file ./datasets/testcases/withreal/wiki_testcases.txt
63.7  6.8 ./binary/ds_dist_test --graph ./datasets/wiki_wcc.txt --ncpus 2 --saveprefix wiki_1t_test_4m_100000q --num_tree 1 --num_query 100000 --input_file ./datasets/testcases/withreal/wiki_testcases.txt
63.7  6.8 ./binary/ds_dist_test --graph ./datasets/wiki_wcc.txt --ncpus 2 --saveprefix wiki_1t_test_4m_100000q --num_tree 1 --num_query 100000 --input_file ./datasets/testcases/withreal/wiki_testcases.txt
63.7  6.8 ./binary/ds_dist_test --graph ./datasets/wiki_wcc.txt --ncpus 2 --saveprefix wiki_1t_test_4m_100000q --num_tree 1 --num_query 100000 --input_file ./datasets/testcases/withreal/wiki_testcases.txt
63.7  6.8 ./binary/ds_dist_test --graph ./datasets/wiki_wcc.txt --ncpus 2 --saveprefix wiki_1t_test_4m_100000q --num_tree 1 --num_query 100000 --input_file ./datasets/testcases/withreal/wiki_testcases.txt
65.2  6.8 ./binary/ds_dist_test --graph ./datasets/wiki_wcc.txt --ncpus 2 --saveprefix wiki_1t_test_4m_100000q --num_tree 1 --num_query 100000 --input_file ./datasets/testcases/withreal/wiki_testcases.txt
60.5  6.8 ./binary/ds_dist_test --graph ./datasets/wiki_wcc.txt --ncpus 2 --saveprefix wiki_1t_test_4m_100000q --num_tree 1 --num_query 100000 --input_file ./datasets/testcases/withreal/wiki_testcases.txt
62.5  6.8 ./binary/ds_dist_test --graph ./datasets/wiki_wcc.txt --ncpus 2 --saveprefix wiki_1t_test_4m_100000q --num_tree 1 --num_query 100000 --input_file ./datasets/testcases/withreal/wiki_testcases.txt
63.5  6.8 ./binary/ds_dist_test --graph ./datasets/wiki_wcc.txt --ncpus 2 --saveprefix wiki_1t_test_4m_100000q --num_tree 1 --num_query 100000 --input_file ./datasets/testcases/withreal/wiki_testcases.txt
64.6  6.8 ./binary/ds_dist_test --graph ./datasets/wiki_wcc.txt --ncpus 2 --saveprefix wiki_1t_test_4m_100000q --num_tree 1 --num_query 100000 --input_file ./datasets/testcases/withreal/wiki_testcases.txt
66.0  6.8 ./binary/ds_dist_test --graph ./datasets/wiki_wcc.txt --ncpus 2 --saveprefix wiki_1t_test_4m_100000q --num_tree 1 --num_query 100000 --input_file ./datasets/testcases/withreal/wiki_testcases.txt
67.4  6.8 ./binary/ds_dist_test --graph ./datasets/wiki_wcc.txt --ncpus 2 --saveprefix wiki_1t_test_4m_100000q --num_tree 1 --num_query 100000 --input_file ./datasets/testcases/withreal/wiki_testcases.txt
69.2  6.8 ./binary/ds_dist_test --graph ./datasets/wiki_wcc.txt --ncpus 2 --saveprefix wiki_1t_test_4m_100000q --num_tree 1 --num_query 100000 --input_file ./datasets/testcases/withreal/wiki_testcases.txt
71.1  6.8 ./binary/ds_dist_test --graph ./datasets/wiki_wcc.txt --ncpus 2 --saveprefix wiki_1t_test_4m_100000q --num_tree 1 --num_query 100000 --input_file ./datasets/testcases/withreal/wiki_testcases.txt
71.2  6.8 ./binary/ds_dist_test --graph ./datasets/wiki_wcc.txt --ncpus 2 --saveprefix wiki_1t_test_4m_100000q --num_tree 1 --num_query 100000 --input_file ./datasets/testcases/withreal/wiki_testcases.txt
65.7  6.8 ./binary/ds_dist_test --graph ./datasets/wiki_wcc.txt --ncpus 2 --saveprefix wiki_1t_test_4m_100000q --num_tree 1 --num_query 100000 --input_file ./datasets/testcases/withreal/wiki_testcases.txt
66.1  6.8 ./binary/ds_dist_test --graph ./datasets/wiki_wcc.txt --ncpus 2 --saveprefix wiki_1t_test_4m_100000q --num_tree 1 --num_query 100000 --input_file ./datasets/testcases/withreal/wiki_testcases.txt
66.3  6.8 ./binary/ds_dist_test --graph ./datasets/wiki_wcc.txt --ncpus 2 --saveprefix wiki_1t_test_4m_100000q --num_tree 1 --num_query 100000 --input_file ./datasets/testcases/withreal/wiki_testcases.txt
66.4  6.8 ./binary/ds_dist_test --graph ./datasets/wiki_wcc.txt --ncpus 2 --saveprefix wiki_1t_test_4m_100000q --num_tree 1 --num_query 100000 --input_file ./datasets/testcases/withreal/wiki_testcases.txt
66.4  6.8 ./binary/ds_dist_test --graph ./datasets/wiki_wcc.txt --ncpus 2 --saveprefix wiki_1t_test_4m_100000q --num_tree 1 --num_query 100000 --input_file ./datasets/testcases/withreal/wiki_testcases.txt
66.5  6.8 ./binary/ds_dist_test --graph ./datasets/wiki_wcc.txt --ncpus 2 --saveprefix wiki_1t_test_4m_100000q --num_tree 1 --num_query 100000 --input_file ./datasets/testcases/withreal/wiki_testcases.txt
66.6  6.8 ./binary/ds_dist_test --graph ./datasets/wiki_wcc.txt --ncpus 2 --saveprefix wiki_1t_test_4m_100000q --num_tree 1 --num_query 100000 --input_file ./datasets/testcases/withreal/wiki_testcases.txt
66.8  7.0 ./binary/ds_dist_test --graph ./datasets/wiki_wcc.txt --ncpus 2 --saveprefix wiki_1t_test_4m_100000q --num_tree 1 --num_query 100000 --input_file ./datasets/testcases/withreal/wiki_testcases.txt
66.8  7.0 ./binary/ds_dist_test --graph ./datasets/wiki_wcc.txt --ncpus 2 --saveprefix wiki_1t_test_4m_100000q --num_tree 1 --num_query 100000 --input_file ./datasets/testcases/withreal/wiki_testcases.txt
62.2  7.0 ./binary/ds_dist_test --graph ./datasets/wiki_wcc.txt --ncpus 2 --saveprefix wiki_1t_test_4m_100000q --num_tree 1 --num_query 100000 --input_file ./datasets/testcases/withreal/wiki_testcases.txt
62.7  7.0 ./binary/ds_dist_test --graph ./datasets/wiki_wcc.txt --ncpus 2 --saveprefix wiki_1t_test_4m_100000q --num_tree 1 --num_query 100000 --input_file ./datasets/testcases/withreal/wiki_testcases.txt
63.1  7.0 ./binary/ds_dist_test --graph ./datasets/wiki_wcc.txt --ncpus 2 --saveprefix wiki_1t_test_4m_100000q --num_tree 1 --num_query 100000 --input_file ./datasets/testcases/withreal/wiki_testcases.txt
63.8  7.0 ./binary/ds_dist_test --graph ./datasets/wiki_wcc.txt --ncpus 2 --saveprefix wiki_1t_test_4m_100000q --num_tree 1 --num_query 100000 --input_file ./datasets/testcases/withreal/wiki_testcases.txt
